cuda
0
{0, 1, 2, 3, 4, 5, 6, 7, 8, 9, 10, 11, 12, 13, 14, 15, 16, 17, 18, 19, 20, 21, 22, 23, 24, 25, 26, 27, 28}
[INFO] Register count_linear() for <class 'torch.nn.modules.linear.Linear'>.
[INFO] Register zero_ops() for <class 'torch.nn.modules.dropout.Dropout'>.
[INFO] Register count_normalization() for <class 'torch.nn.modules.normalization.LayerNorm'>.
[INFO] Register zero_ops() for <class 'torch.nn.modules.container.Sequential'>.
[INFO] Register zero_ops() for <class 'torch.nn.modules.activation.ReLU'>.
FLOPs: 26.970M, Parameters: 897.053K
Test score before training: 0.0109
Device: CUDA
----------------------------------------------------------------------------------------

Epoch 0, Train Loss: 3.4440, Val Loss: 3.4465, Test Loss: 3.4423, Val Acc: 0.0541, Test Acc: 0.0217
🌸 New best epoch! 🌸

Epoch 1, Train Loss: 3.3656, Val Loss: 3.4319, Test Loss: 3.3972, Val Acc: 0.0270, Test Acc: 0.0326

Epoch 2, Train Loss: 3.3158, Val Loss: 3.4177, Test Loss: 3.3704, Val Acc: 0.0405, Test Acc: 0.0435

Epoch 3, Train Loss: 3.2658, Val Loss: 3.3991, Test Loss: 3.3472, Val Acc: 0.0405, Test Acc: 0.0761

Epoch 4, Train Loss: 3.2203, Val Loss: 3.3753, Test Loss: 3.3211, Val Acc: 0.0270, Test Acc: 0.0978

Epoch 5, Train Loss: 3.1981, Val Loss: 3.3493, Test Loss: 3.2928, Val Acc: 0.0405, Test Acc: 0.1087

Epoch 6, Train Loss: 3.1485, Val Loss: 3.3216, Test Loss: 3.2591, Val Acc: 0.0811, Test Acc: 0.1196
🌸 New best epoch! 🌸

Epoch 7, Train Loss: 3.1003, Val Loss: 3.2901, Test Loss: 3.2195, Val Acc: 0.0811, Test Acc: 0.1196

Epoch 8, Train Loss: 3.0453, Val Loss: 3.2550, Test Loss: 3.1777, Val Acc: 0.1486, Test Acc: 0.1196
🌸 New best epoch! 🌸

Epoch 9, Train Loss: 3.0061, Val Loss: 3.2209, Test Loss: 3.1345, Val Acc: 0.1622, Test Acc: 0.1087
🌸 New best epoch! 🌸

Epoch 10, Train Loss: 2.9395, Val Loss: 3.1931, Test Loss: 3.0932, Val Acc: 0.1351, Test Acc: 0.1522

Epoch 11, Train Loss: 2.8835, Val Loss: 3.1673, Test Loss: 3.0574, Val Acc: 0.1622, Test Acc: 0.1630

Epoch 12, Train Loss: 2.8477, Val Loss: 3.1425, Test Loss: 3.0257, Val Acc: 0.1486, Test Acc: 0.1630

Epoch 13, Train Loss: 2.7944, Val Loss: 3.1139, Test Loss: 3.0020, Val Acc: 0.1622, Test Acc: 0.1957

Epoch 14, Train Loss: 2.7716, Val Loss: 3.0857, Test Loss: 2.9831, Val Acc: 0.1622, Test Acc: 0.2174

Epoch 15, Train Loss: 2.7226, Val Loss: 3.0521, Test Loss: 2.9671, Val Acc: 0.1622, Test Acc: 0.1957

Epoch 16, Train Loss: 2.6655, Val Loss: 3.0218, Test Loss: 2.9501, Val Acc: 0.1622, Test Acc: 0.1848

Epoch 17, Train Loss: 2.6358, Val Loss: 2.9932, Test Loss: 2.9310, Val Acc: 0.1757, Test Acc: 0.2174
🌸 New best epoch! 🌸

Epoch 18, Train Loss: 2.5923, Val Loss: 2.9636, Test Loss: 2.9100, Val Acc: 0.1757, Test Acc: 0.2174

Epoch 19, Train Loss: 2.5586, Val Loss: 2.9326, Test Loss: 2.8911, Val Acc: 0.1622, Test Acc: 0.2283

Epoch 20, Train Loss: 2.4913, Val Loss: 2.9081, Test Loss: 2.8734, Val Acc: 0.1892, Test Acc: 0.2391
🌸 New best epoch! 🌸

Epoch 21, Train Loss: 2.4542, Val Loss: 2.8842, Test Loss: 2.8524, Val Acc: 0.2297, Test Acc: 0.2391
🌸 New best epoch! 🌸

Epoch 22, Train Loss: 2.4147, Val Loss: 2.8637, Test Loss: 2.8324, Val Acc: 0.2027, Test Acc: 0.2609

Epoch 23, Train Loss: 2.3849, Val Loss: 2.8384, Test Loss: 2.8162, Val Acc: 0.2162, Test Acc: 0.2500

Epoch 24, Train Loss: 2.3421, Val Loss: 2.8159, Test Loss: 2.7945, Val Acc: 0.2432, Test Acc: 0.2609
🌸 New best epoch! 🌸

Epoch 25, Train Loss: 2.3210, Val Loss: 2.7896, Test Loss: 2.7739, Val Acc: 0.2568, Test Acc: 0.2609
🌸 New best epoch! 🌸

Epoch 26, Train Loss: 2.2681, Val Loss: 2.7692, Test Loss: 2.7537, Val Acc: 0.2568, Test Acc: 0.2717

Epoch 27, Train Loss: 2.2429, Val Loss: 2.7551, Test Loss: 2.7350, Val Acc: 0.2568, Test Acc: 0.3043

Epoch 28, Train Loss: 2.1891, Val Loss: 2.7362, Test Loss: 2.7213, Val Acc: 0.2432, Test Acc: 0.3152

Epoch 29, Train Loss: 2.1748, Val Loss: 2.7168, Test Loss: 2.7053, Val Acc: 0.2973, Test Acc: 0.3261
🌸 New best epoch! 🌸

Epoch 30, Train Loss: 2.1190, Val Loss: 2.6965, Test Loss: 2.6887, Val Acc: 0.3243, Test Acc: 0.3261
🌸 New best epoch! 🌸

Epoch 31, Train Loss: 2.0875, Val Loss: 2.6766, Test Loss: 2.6737, Val Acc: 0.3108, Test Acc: 0.3261

Epoch 32, Train Loss: 2.0655, Val Loss: 2.6602, Test Loss: 2.6580, Val Acc: 0.3108, Test Acc: 0.3261

Epoch 33, Train Loss: 2.0233, Val Loss: 2.6513, Test Loss: 2.6400, Val Acc: 0.3378, Test Acc: 0.3261
🌸 New best epoch! 🌸

Epoch 34, Train Loss: 1.9901, Val Loss: 2.6415, Test Loss: 2.6206, Val Acc: 0.3378, Test Acc: 0.3587

Epoch 35, Train Loss: 1.9427, Val Loss: 2.6297, Test Loss: 2.6026, Val Acc: 0.3108, Test Acc: 0.3696

Epoch 36, Train Loss: 1.9126, Val Loss: 2.6166, Test Loss: 2.5873, Val Acc: 0.3243, Test Acc: 0.3478

Epoch 37, Train Loss: 1.8878, Val Loss: 2.6011, Test Loss: 2.5734, Val Acc: 0.3649, Test Acc: 0.3587
🌸 New best epoch! 🌸

Epoch 38, Train Loss: 1.8598, Val Loss: 2.5847, Test Loss: 2.5571, Val Acc: 0.3784, Test Acc: 0.3696
🌸 New best epoch! 🌸

Epoch 39, Train Loss: 1.8067, Val Loss: 2.5654, Test Loss: 2.5427, Val Acc: 0.3649, Test Acc: 0.3478

Epoch 40, Train Loss: 1.7814, Val Loss: 2.5445, Test Loss: 2.5272, Val Acc: 0.3649, Test Acc: 0.3478

Epoch 41, Train Loss: 1.7499, Val Loss: 2.5292, Test Loss: 2.5135, Val Acc: 0.3649, Test Acc: 0.3261

Epoch 42, Train Loss: 1.7289, Val Loss: 2.5196, Test Loss: 2.5006, Val Acc: 0.3649, Test Acc: 0.3152

Epoch 43, Train Loss: 1.6848, Val Loss: 2.5101, Test Loss: 2.4950, Val Acc: 0.3649, Test Acc: 0.3587

Epoch 44, Train Loss: 1.6730, Val Loss: 2.4969, Test Loss: 2.4915, Val Acc: 0.3784, Test Acc: 0.3587

Epoch 45, Train Loss: 1.6424, Val Loss: 2.4793, Test Loss: 2.4781, Val Acc: 0.3919, Test Acc: 0.3478
🌸 New best epoch! 🌸

Epoch 46, Train Loss: 1.5913, Val Loss: 2.4592, Test Loss: 2.4589, Val Acc: 0.3784, Test Acc: 0.3370

Epoch 47, Train Loss: 1.5781, Val Loss: 2.4530, Test Loss: 2.4421, Val Acc: 0.3919, Test Acc: 0.3478

Epoch 48, Train Loss: 1.5305, Val Loss: 2.4467, Test Loss: 2.4303, Val Acc: 0.3784, Test Acc: 0.3478

Epoch 49, Train Loss: 1.4983, Val Loss: 2.4437, Test Loss: 2.4204, Val Acc: 0.3784, Test Acc: 0.3696

Epoch 50, Train Loss: 1.4878, Val Loss: 2.4369, Test Loss: 2.4023, Val Acc: 0.3784, Test Acc: 0.3696

Epoch 51, Train Loss: 1.4848, Val Loss: 2.4226, Test Loss: 2.3859, Val Acc: 0.3784, Test Acc: 0.3587

Epoch 52, Train Loss: 1.4246, Val Loss: 2.4102, Test Loss: 2.3756, Val Acc: 0.3784, Test Acc: 0.3587

Epoch 53, Train Loss: 1.4105, Val Loss: 2.4022, Test Loss: 2.3677, Val Acc: 0.3919, Test Acc: 0.3913

Epoch 54, Train Loss: 1.3815, Val Loss: 2.3953, Test Loss: 2.3620, Val Acc: 0.3919, Test Acc: 0.3913

Epoch 55, Train Loss: 1.3515, Val Loss: 2.3861, Test Loss: 2.3577, Val Acc: 0.3919, Test Acc: 0.4022

Epoch 56, Train Loss: 1.3399, Val Loss: 2.3731, Test Loss: 2.3504, Val Acc: 0.4054, Test Acc: 0.4022
🌸 New best epoch! 🌸

Epoch 57, Train Loss: 1.3174, Val Loss: 2.3593, Test Loss: 2.3423, Val Acc: 0.4189, Test Acc: 0.4022
🌸 New best epoch! 🌸

Epoch 58, Train Loss: 1.2776, Val Loss: 2.3505, Test Loss: 2.3294, Val Acc: 0.3919, Test Acc: 0.4130

Epoch 59, Train Loss: 1.2481, Val Loss: 2.3375, Test Loss: 2.3185, Val Acc: 0.3919, Test Acc: 0.4130

Epoch 60, Train Loss: 1.2232, Val Loss: 2.3207, Test Loss: 2.3095, Val Acc: 0.4189, Test Acc: 0.4130

Epoch 61, Train Loss: 1.1953, Val Loss: 2.3109, Test Loss: 2.2969, Val Acc: 0.4054, Test Acc: 0.4022

Epoch 62, Train Loss: 1.1852, Val Loss: 2.3051, Test Loss: 2.2823, Val Acc: 0.4189, Test Acc: 0.4022

Epoch 63, Train Loss: 1.1552, Val Loss: 2.2997, Test Loss: 2.2702, Val Acc: 0.4189, Test Acc: 0.4348

Epoch 64, Train Loss: 1.1353, Val Loss: 2.2977, Test Loss: 2.2648, Val Acc: 0.4324, Test Acc: 0.4348
🌸 New best epoch! 🌸

Epoch 65, Train Loss: 1.1081, Val Loss: 2.3018, Test Loss: 2.2625, Val Acc: 0.4054, Test Acc: 0.4239

Epoch 66, Train Loss: 1.0852, Val Loss: 2.2988, Test Loss: 2.2557, Val Acc: 0.4054, Test Acc: 0.4130

Epoch 67, Train Loss: 1.0740, Val Loss: 2.2875, Test Loss: 2.2513, Val Acc: 0.3919, Test Acc: 0.4130

Epoch 68, Train Loss: 1.0439, Val Loss: 2.2759, Test Loss: 2.2432, Val Acc: 0.4189, Test Acc: 0.4348

Epoch 69, Train Loss: 1.0293, Val Loss: 2.2696, Test Loss: 2.2331, Val Acc: 0.4054, Test Acc: 0.4348

Epoch 70, Train Loss: 1.0095, Val Loss: 2.2623, Test Loss: 2.2261, Val Acc: 0.4189, Test Acc: 0.4457

Epoch 71, Train Loss: 0.9778, Val Loss: 2.2628, Test Loss: 2.2216, Val Acc: 0.4054, Test Acc: 0.4239

Epoch 72, Train Loss: 0.9658, Val Loss: 2.2543, Test Loss: 2.2141, Val Acc: 0.4054, Test Acc: 0.4239

Epoch 73, Train Loss: 0.9342, Val Loss: 2.2429, Test Loss: 2.2028, Val Acc: 0.4189, Test Acc: 0.4348

Epoch 74, Train Loss: 0.9147, Val Loss: 2.2345, Test Loss: 2.1910, Val Acc: 0.4324, Test Acc: 0.4565

Epoch 75, Train Loss: 0.8991, Val Loss: 2.2293, Test Loss: 2.1858, Val Acc: 0.4459, Test Acc: 0.4565
🌸 New best epoch! 🌸

Epoch 76, Train Loss: 0.8893, Val Loss: 2.2257, Test Loss: 2.1823, Val Acc: 0.4459, Test Acc: 0.4239

Epoch 77, Train Loss: 0.8695, Val Loss: 2.2222, Test Loss: 2.1788, Val Acc: 0.4189, Test Acc: 0.4457

Epoch 78, Train Loss: 0.8404, Val Loss: 2.2186, Test Loss: 2.1723, Val Acc: 0.3919, Test Acc: 0.4457

Epoch 79, Train Loss: 0.8314, Val Loss: 2.2136, Test Loss: 2.1667, Val Acc: 0.3919, Test Acc: 0.4457

Epoch 80, Train Loss: 0.8091, Val Loss: 2.2103, Test Loss: 2.1622, Val Acc: 0.4189, Test Acc: 0.4348

Epoch 81, Train Loss: 0.7960, Val Loss: 2.2017, Test Loss: 2.1542, Val Acc: 0.4189, Test Acc: 0.4457

Epoch 82, Train Loss: 0.7756, Val Loss: 2.1940, Test Loss: 2.1463, Val Acc: 0.4324, Test Acc: 0.4565

Epoch 83, Train Loss: 0.7629, Val Loss: 2.1903, Test Loss: 2.1430, Val Acc: 0.4324, Test Acc: 0.4565

Epoch 84, Train Loss: 0.7480, Val Loss: 2.1905, Test Loss: 2.1328, Val Acc: 0.4324, Test Acc: 0.4457

Epoch 85, Train Loss: 0.7300, Val Loss: 2.1839, Test Loss: 2.1291, Val Acc: 0.4189, Test Acc: 0.4565

Epoch 86, Train Loss: 0.7110, Val Loss: 2.1847, Test Loss: 2.1285, Val Acc: 0.4054, Test Acc: 0.4565

Epoch 87, Train Loss: 0.7020, Val Loss: 2.1754, Test Loss: 2.1263, Val Acc: 0.4054, Test Acc: 0.4457

Epoch 88, Train Loss: 0.6815, Val Loss: 2.1594, Test Loss: 2.1260, Val Acc: 0.4324, Test Acc: 0.4565

Epoch 89, Train Loss: 0.6683, Val Loss: 2.1510, Test Loss: 2.1249, Val Acc: 0.4189, Test Acc: 0.4565

Epoch 90, Train Loss: 0.6578, Val Loss: 2.1579, Test Loss: 2.1132, Val Acc: 0.4189, Test Acc: 0.4565

Epoch 91, Train Loss: 0.6339, Val Loss: 2.1655, Test Loss: 2.1063, Val Acc: 0.4189, Test Acc: 0.4674
Time to best model: 2.28 seconds


Result:
{'val': 0.44594594594594594, 'test': 0.45652173913043476, 'epoch': 75}
