cuda
0
{0, 1, 2, 3, 4, 5, 6, 7, 8, 9, 10, 11, 12, 13, 14, 15, 16, 17, 18, 19, 20, 21, 22, 23, 24, 25, 26, 27, 28}
[INFO] Register count_linear() for <class 'torch.nn.modules.linear.Linear'>.
[INFO] Register zero_ops() for <class 'torch.nn.modules.dropout.Dropout'>.
[INFO] Register count_normalization() for <class 'torch.nn.modules.normalization.LayerNorm'>.
[INFO] Register zero_ops() for <class 'torch.nn.modules.container.Sequential'>.
[INFO] Register zero_ops() for <class 'torch.nn.modules.activation.ReLU'>.
FLOPs: 26.970M, Parameters: 897.053K
Test score before training: 0.0326
Device: CUDA
----------------------------------------------------------------------------------------

Epoch 0, Train Loss: 3.4373, Val Loss: 3.5068, Test Loss: 3.3770, Val Acc: 0.0405, Test Acc: 0.0435
🌸 New best epoch! 🌸

Epoch 1, Train Loss: 3.3967, Val Loss: 3.4569, Test Loss: 3.3538, Val Acc: 0.0405, Test Acc: 0.0435

Epoch 2, Train Loss: 3.3436, Val Loss: 3.4265, Test Loss: 3.3448, Val Acc: 0.0405, Test Acc: 0.0761

Epoch 3, Train Loss: 3.3085, Val Loss: 3.4097, Test Loss: 3.3326, Val Acc: 0.0270, Test Acc: 0.0761

Epoch 4, Train Loss: 3.2985, Val Loss: 3.4039, Test Loss: 3.3162, Val Acc: 0.0405, Test Acc: 0.1087

Epoch 5, Train Loss: 3.2580, Val Loss: 3.3993, Test Loss: 3.3028, Val Acc: 0.0541, Test Acc: 0.0870
🌸 New best epoch! 🌸

Epoch 6, Train Loss: 3.2325, Val Loss: 3.3928, Test Loss: 3.2870, Val Acc: 0.0270, Test Acc: 0.0652

Epoch 7, Train Loss: 3.2056, Val Loss: 3.3804, Test Loss: 3.2664, Val Acc: 0.0135, Test Acc: 0.0870

Epoch 8, Train Loss: 3.1782, Val Loss: 3.3604, Test Loss: 3.2393, Val Acc: 0.0135, Test Acc: 0.1304

Epoch 9, Train Loss: 3.1416, Val Loss: 3.3314, Test Loss: 3.2113, Val Acc: 0.0135, Test Acc: 0.1196

Epoch 10, Train Loss: 3.1325, Val Loss: 3.2952, Test Loss: 3.1802, Val Acc: 0.0135, Test Acc: 0.1413

Epoch 11, Train Loss: 3.0942, Val Loss: 3.2569, Test Loss: 3.1478, Val Acc: 0.0135, Test Acc: 0.1739

Epoch 12, Train Loss: 3.0772, Val Loss: 3.2190, Test Loss: 3.1189, Val Acc: 0.0270, Test Acc: 0.1630

Epoch 13, Train Loss: 3.0243, Val Loss: 3.1878, Test Loss: 3.0933, Val Acc: 0.0270, Test Acc: 0.1739

Epoch 14, Train Loss: 3.0016, Val Loss: 3.1600, Test Loss: 3.0709, Val Acc: 0.0811, Test Acc: 0.1739
🌸 New best epoch! 🌸

Epoch 15, Train Loss: 2.9700, Val Loss: 3.1333, Test Loss: 3.0495, Val Acc: 0.1081, Test Acc: 0.1739
🌸 New best epoch! 🌸

Epoch 16, Train Loss: 2.9375, Val Loss: 3.1101, Test Loss: 3.0267, Val Acc: 0.1081, Test Acc: 0.1848

Epoch 17, Train Loss: 2.8832, Val Loss: 3.0975, Test Loss: 3.0075, Val Acc: 0.1081, Test Acc: 0.1739

Epoch 18, Train Loss: 2.8654, Val Loss: 3.0871, Test Loss: 2.9861, Val Acc: 0.1081, Test Acc: 0.1739

Epoch 19, Train Loss: 2.8663, Val Loss: 3.0753, Test Loss: 2.9644, Val Acc: 0.1216, Test Acc: 0.1848
🌸 New best epoch! 🌸

Epoch 20, Train Loss: 2.8156, Val Loss: 3.0634, Test Loss: 2.9410, Val Acc: 0.1216, Test Acc: 0.1848

Epoch 21, Train Loss: 2.8049, Val Loss: 3.0469, Test Loss: 2.9178, Val Acc: 0.1351, Test Acc: 0.2065
🌸 New best epoch! 🌸

Epoch 22, Train Loss: 2.7826, Val Loss: 3.0261, Test Loss: 2.9022, Val Acc: 0.1351, Test Acc: 0.2283

Epoch 23, Train Loss: 2.7749, Val Loss: 3.0017, Test Loss: 2.8865, Val Acc: 0.1486, Test Acc: 0.2391
🌸 New best epoch! 🌸

Epoch 24, Train Loss: 2.7272, Val Loss: 2.9835, Test Loss: 2.8708, Val Acc: 0.1486, Test Acc: 0.2174

Epoch 25, Train Loss: 2.6850, Val Loss: 2.9688, Test Loss: 2.8561, Val Acc: 0.1351, Test Acc: 0.2283

Epoch 26, Train Loss: 2.6506, Val Loss: 2.9545, Test Loss: 2.8399, Val Acc: 0.1486, Test Acc: 0.2283

Epoch 27, Train Loss: 2.6432, Val Loss: 2.9390, Test Loss: 2.8242, Val Acc: 0.1486, Test Acc: 0.2283

Epoch 28, Train Loss: 2.6264, Val Loss: 2.9192, Test Loss: 2.8094, Val Acc: 0.1486, Test Acc: 0.2500

Epoch 29, Train Loss: 2.5906, Val Loss: 2.8983, Test Loss: 2.7909, Val Acc: 0.1622, Test Acc: 0.2391
🌸 New best epoch! 🌸

Epoch 30, Train Loss: 2.5596, Val Loss: 2.8784, Test Loss: 2.7721, Val Acc: 0.2027, Test Acc: 0.2500
🌸 New best epoch! 🌸

Epoch 31, Train Loss: 2.5449, Val Loss: 2.8598, Test Loss: 2.7554, Val Acc: 0.2027, Test Acc: 0.2500

Epoch 32, Train Loss: 2.5052, Val Loss: 2.8474, Test Loss: 2.7375, Val Acc: 0.1892, Test Acc: 0.2826

Epoch 33, Train Loss: 2.5152, Val Loss: 2.8400, Test Loss: 2.7242, Val Acc: 0.1892, Test Acc: 0.2717

Epoch 34, Train Loss: 2.4529, Val Loss: 2.8275, Test Loss: 2.7095, Val Acc: 0.1892, Test Acc: 0.2826

Epoch 35, Train Loss: 2.4267, Val Loss: 2.8137, Test Loss: 2.6936, Val Acc: 0.1757, Test Acc: 0.2826

Epoch 36, Train Loss: 2.4203, Val Loss: 2.7970, Test Loss: 2.6780, Val Acc: 0.2162, Test Acc: 0.3043
🌸 New best epoch! 🌸

Epoch 37, Train Loss: 2.4025, Val Loss: 2.7792, Test Loss: 2.6633, Val Acc: 0.2162, Test Acc: 0.3152

Epoch 38, Train Loss: 2.3790, Val Loss: 2.7653, Test Loss: 2.6502, Val Acc: 0.2297, Test Acc: 0.3152
🌸 New best epoch! 🌸

Epoch 39, Train Loss: 2.3627, Val Loss: 2.7483, Test Loss: 2.6384, Val Acc: 0.2162, Test Acc: 0.3152

Epoch 40, Train Loss: 2.3132, Val Loss: 2.7327, Test Loss: 2.6263, Val Acc: 0.2432, Test Acc: 0.3043
🌸 New best epoch! 🌸

Epoch 41, Train Loss: 2.2953, Val Loss: 2.7149, Test Loss: 2.6109, Val Acc: 0.2568, Test Acc: 0.3261
🌸 New best epoch! 🌸

Epoch 42, Train Loss: 2.3005, Val Loss: 2.6972, Test Loss: 2.5991, Val Acc: 0.2432, Test Acc: 0.3370

Epoch 43, Train Loss: 2.2335, Val Loss: 2.6839, Test Loss: 2.5874, Val Acc: 0.2568, Test Acc: 0.3261

Epoch 44, Train Loss: 2.2259, Val Loss: 2.6743, Test Loss: 2.5778, Val Acc: 0.2703, Test Acc: 0.3261
🌸 New best epoch! 🌸

Epoch 45, Train Loss: 2.2000, Val Loss: 2.6690, Test Loss: 2.5704, Val Acc: 0.2432, Test Acc: 0.3043

Epoch 46, Train Loss: 2.1855, Val Loss: 2.6660, Test Loss: 2.5638, Val Acc: 0.2162, Test Acc: 0.3152

Epoch 47, Train Loss: 2.1584, Val Loss: 2.6580, Test Loss: 2.5588, Val Acc: 0.2027, Test Acc: 0.3152

Epoch 48, Train Loss: 2.1515, Val Loss: 2.6352, Test Loss: 2.5444, Val Acc: 0.2432, Test Acc: 0.3043

Epoch 49, Train Loss: 2.1227, Val Loss: 2.6061, Test Loss: 2.5289, Val Acc: 0.2838, Test Acc: 0.3370
🌸 New best epoch! 🌸

Epoch 50, Train Loss: 2.1023, Val Loss: 2.5832, Test Loss: 2.5174, Val Acc: 0.3243, Test Acc: 0.3478
🌸 New best epoch! 🌸

Epoch 51, Train Loss: 2.0942, Val Loss: 2.5741, Test Loss: 2.5129, Val Acc: 0.3108, Test Acc: 0.3587

Epoch 52, Train Loss: 2.0485, Val Loss: 2.5747, Test Loss: 2.5127, Val Acc: 0.2838, Test Acc: 0.3261

Epoch 53, Train Loss: 2.0261, Val Loss: 2.5701, Test Loss: 2.5087, Val Acc: 0.2703, Test Acc: 0.3261

Epoch 54, Train Loss: 2.0066, Val Loss: 2.5541, Test Loss: 2.4947, Val Acc: 0.2568, Test Acc: 0.3261

Epoch 55, Train Loss: 1.9691, Val Loss: 2.5302, Test Loss: 2.4754, Val Acc: 0.2973, Test Acc: 0.3261

Epoch 56, Train Loss: 1.9520, Val Loss: 2.5066, Test Loss: 2.4563, Val Acc: 0.3108, Test Acc: 0.3478

Epoch 57, Train Loss: 1.9422, Val Loss: 2.4882, Test Loss: 2.4448, Val Acc: 0.3784, Test Acc: 0.3696
🌸 New best epoch! 🌸

Epoch 58, Train Loss: 1.9188, Val Loss: 2.4820, Test Loss: 2.4352, Val Acc: 0.3514, Test Acc: 0.3587

Epoch 59, Train Loss: 1.8986, Val Loss: 2.4792, Test Loss: 2.4310, Val Acc: 0.3108, Test Acc: 0.3696

Epoch 60, Train Loss: 1.8692, Val Loss: 2.4681, Test Loss: 2.4254, Val Acc: 0.3108, Test Acc: 0.3696

Epoch 61, Train Loss: 1.8451, Val Loss: 2.4488, Test Loss: 2.4184, Val Acc: 0.3108, Test Acc: 0.3804

Epoch 62, Train Loss: 1.8267, Val Loss: 2.4272, Test Loss: 2.4105, Val Acc: 0.3649, Test Acc: 0.3804

Epoch 63, Train Loss: 1.8184, Val Loss: 2.4084, Test Loss: 2.4030, Val Acc: 0.3649, Test Acc: 0.3804

Epoch 64, Train Loss: 1.7790, Val Loss: 2.4012, Test Loss: 2.3983, Val Acc: 0.3784, Test Acc: 0.3913

Epoch 65, Train Loss: 1.7871, Val Loss: 2.3980, Test Loss: 2.3942, Val Acc: 0.3514, Test Acc: 0.3696

Epoch 66, Train Loss: 1.7577, Val Loss: 2.3863, Test Loss: 2.3873, Val Acc: 0.3514, Test Acc: 0.3913

Epoch 67, Train Loss: 1.7458, Val Loss: 2.3635, Test Loss: 2.3775, Val Acc: 0.3784, Test Acc: 0.4130

Epoch 68, Train Loss: 1.7234, Val Loss: 2.3440, Test Loss: 2.3704, Val Acc: 0.3919, Test Acc: 0.3913
🌸 New best epoch! 🌸

Epoch 69, Train Loss: 1.6853, Val Loss: 2.3367, Test Loss: 2.3692, Val Acc: 0.3919, Test Acc: 0.3913

Epoch 70, Train Loss: 1.6819, Val Loss: 2.3333, Test Loss: 2.3687, Val Acc: 0.3784, Test Acc: 0.3913

Epoch 71, Train Loss: 1.6787, Val Loss: 2.3263, Test Loss: 2.3627, Val Acc: 0.3784, Test Acc: 0.4022

Epoch 72, Train Loss: 1.6494, Val Loss: 2.3146, Test Loss: 2.3497, Val Acc: 0.3919, Test Acc: 0.4130

Epoch 73, Train Loss: 1.6386, Val Loss: 2.3006, Test Loss: 2.3313, Val Acc: 0.4054, Test Acc: 0.4130
🌸 New best epoch! 🌸

Epoch 74, Train Loss: 1.5841, Val Loss: 2.2941, Test Loss: 2.3162, Val Acc: 0.3919, Test Acc: 0.4130

Epoch 75, Train Loss: 1.5819, Val Loss: 2.2880, Test Loss: 2.3068, Val Acc: 0.4054, Test Acc: 0.4022

Epoch 76, Train Loss: 1.5544, Val Loss: 2.2870, Test Loss: 2.3012, Val Acc: 0.4054, Test Acc: 0.4239

Epoch 77, Train Loss: 1.5525, Val Loss: 2.2852, Test Loss: 2.2991, Val Acc: 0.4054, Test Acc: 0.4239

Epoch 78, Train Loss: 1.5423, Val Loss: 2.2837, Test Loss: 2.2982, Val Acc: 0.4189, Test Acc: 0.4348
🌸 New best epoch! 🌸

Epoch 79, Train Loss: 1.5255, Val Loss: 2.2742, Test Loss: 2.2930, Val Acc: 0.4054, Test Acc: 0.4239

Epoch 80, Train Loss: 1.5027, Val Loss: 2.2532, Test Loss: 2.2802, Val Acc: 0.4324, Test Acc: 0.4348
🌸 New best epoch! 🌸

Epoch 81, Train Loss: 1.4856, Val Loss: 2.2379, Test Loss: 2.2697, Val Acc: 0.4324, Test Acc: 0.4348

Epoch 82, Train Loss: 1.4580, Val Loss: 2.2330, Test Loss: 2.2673, Val Acc: 0.4189, Test Acc: 0.4457

Epoch 83, Train Loss: 1.4360, Val Loss: 2.2243, Test Loss: 2.2625, Val Acc: 0.4189, Test Acc: 0.4348

Epoch 84, Train Loss: 1.4204, Val Loss: 2.2163, Test Loss: 2.2581, Val Acc: 0.4324, Test Acc: 0.4348

Epoch 85, Train Loss: 1.3865, Val Loss: 2.2027, Test Loss: 2.2530, Val Acc: 0.4324, Test Acc: 0.4348

Epoch 86, Train Loss: 1.3929, Val Loss: 2.1902, Test Loss: 2.2480, Val Acc: 0.4595, Test Acc: 0.4348
🌸 New best epoch! 🌸

Epoch 87, Train Loss: 1.3535, Val Loss: 2.1812, Test Loss: 2.2433, Val Acc: 0.4595, Test Acc: 0.4239

Epoch 88, Train Loss: 1.3509, Val Loss: 2.1790, Test Loss: 2.2433, Val Acc: 0.4324, Test Acc: 0.4239

Epoch 89, Train Loss: 1.3280, Val Loss: 2.1764, Test Loss: 2.2436, Val Acc: 0.4324, Test Acc: 0.4348

Epoch 90, Train Loss: 1.3503, Val Loss: 2.1705, Test Loss: 2.2384, Val Acc: 0.4459, Test Acc: 0.4457

Epoch 91, Train Loss: 1.3145, Val Loss: 2.1568, Test Loss: 2.2252, Val Acc: 0.4459, Test Acc: 0.4239

Epoch 92, Train Loss: 1.2796, Val Loss: 2.1419, Test Loss: 2.2104, Val Acc: 0.4459, Test Acc: 0.4239

Epoch 93, Train Loss: 1.2650, Val Loss: 2.1259, Test Loss: 2.1947, Val Acc: 0.4459, Test Acc: 0.4348

Epoch 94, Train Loss: 1.2514, Val Loss: 2.1130, Test Loss: 2.1831, Val Acc: 0.4595, Test Acc: 0.4239

Epoch 95, Train Loss: 1.2469, Val Loss: 2.1174, Test Loss: 2.1899, Val Acc: 0.4459, Test Acc: 0.4239

Epoch 96, Train Loss: 1.2072, Val Loss: 2.1195, Test Loss: 2.2007, Val Acc: 0.4324, Test Acc: 0.4239

Epoch 97, Train Loss: 1.2079, Val Loss: 2.1129, Test Loss: 2.2017, Val Acc: 0.4459, Test Acc: 0.4239

Epoch 98, Train Loss: 1.1865, Val Loss: 2.0898, Test Loss: 2.1842, Val Acc: 0.4595, Test Acc: 0.4348

Epoch 99, Train Loss: 1.1586, Val Loss: 2.0730, Test Loss: 2.1695, Val Acc: 0.4459, Test Acc: 0.4348

Epoch 100, Train Loss: 1.1485, Val Loss: 2.0663, Test Loss: 2.1636, Val Acc: 0.4459, Test Acc: 0.4348

Epoch 101, Train Loss: 1.1276, Val Loss: 2.0678, Test Loss: 2.1624, Val Acc: 0.4324, Test Acc: 0.4348

Epoch 102, Train Loss: 1.1333, Val Loss: 2.0659, Test Loss: 2.1631, Val Acc: 0.4324, Test Acc: 0.4457
Time to best model: 4.46 seconds


Result:
{'val': 0.4594594594594595, 'test': 0.43478260869565216, 'epoch': 86}
