Using device: cuda

========================================
Running with parameters:
             dataset: RML201610b
           data_path: ./dataset
            n_epochs: 1000000000
            patience: 50
          batch_size: 400
  accumulation_steps: 1
          data_ratio: 1.0
                  lr: 0.001
         lr_patience: 5
           lr_factor: 0.5
              device: cuda
                 gpu: 0
     best_model_path: result/RML201610b/RML201610b_FT_BEST.pth
========================================

Using GPU(s): 0
Using device: cuda
Modulations: [b'8PSK', b'AM-DSB', b'BPSK', b'CPFSK', b'GFSK', b'PAM4', b'QAM16', b'QAM64', b'QPSK', b'WBFM']
SNRs: [-20, -18, -16, -14, -12, -10, -8, -6, -4, -2, 0, 2, 4, 6, 8, 10, 12, 14, 16, 18]
Total samples: 1200000
Padding: (720000, 128, 2)
Padding: (240000, 128, 2)
Padding: (240000, 128, 2)

Final data shapes:
X_train: (720000, 128, 2), Y_train: (720000, 10)
X_val: (240000, 128, 2), Y_val: (240000, 10)
X_test: (240000, 128, 2), Y_test: (240000, 10)
After reshaping and sampling:
X_train: (720000, 256) (sampled from original)
X_val:   (240000, 256) (sampled from original)
X_test:  (240000, 256) (sampled from original)
Y_train: (720000, 10)
{'d_out': 10, 'n_blocks': 3, 'd_block': 192, 'attention_n_heads': 8, 'attention_dropout': 0.2, 'ffn_d_hidden': None, 'ffn_d_hidden_multiplier': 1.3333333333333333, 'ffn_dropout': 0.1, 'residual_dropout': 0.0}
Model device: cuda:0
[INFO] Register count_linear() for <class 'torch.nn.modules.linear.Linear'>.
[INFO] Register zero_ops() for <class 'torch.nn.modules.dropout.Dropout'>.
[INFO] Register count_normalization() for <class 'torch.nn.modules.normalization.LayerNorm'>.
[INFO] Register zero_ops() for <class 'torch.nn.modules.container.Sequential'>.
[INFO] Register zero_ops() for <class 'torch.nn.modules.activation.ReLU'>.
Total Parameters: 893.386K
FLOPs per sample: 209.492M
Device: CUDA
----------------------------------------------------------------------------------------

Epoch 0, Train Loss: 1.7697, Val Loss: 1.5525, Test Loss: 1.5522, Val Acc: 0.3447, Test Acc: 0.3434
🌸 New best epoch! 🌸

Epoch 1, Train Loss: 1.3734, Val Loss: 1.2855, Test Loss: 1.2859, Val Acc: 0.4666, Test Acc: 0.4669
🌸 New best epoch! 🌸

Epoch 2, Train Loss: 1.2363, Val Loss: 1.1584, Test Loss: 1.1601, Val Acc: 0.5171, Test Acc: 0.5169
🌸 New best epoch! 🌸

Epoch 3, Train Loss: 1.1576, Val Loss: 1.1285, Test Loss: 1.1285, Val Acc: 0.5261, Test Acc: 0.5262
🌸 New best epoch! 🌸

Epoch 4, Train Loss: 1.1309, Val Loss: 1.0935, Test Loss: 1.0936, Val Acc: 0.5415, Test Acc: 0.5421
🌸 New best epoch! 🌸

Epoch 5, Train Loss: 1.1130, Val Loss: 1.0958, Test Loss: 1.0960, Val Acc: 0.5431, Test Acc: 0.5434
🌸 New best epoch! 🌸

Epoch 6, Train Loss: 1.0998, Val Loss: 1.0844, Test Loss: 1.0842, Val Acc: 0.5468, Test Acc: 0.5469
🌸 New best epoch! 🌸

Epoch 7, Train Loss: 1.0848, Val Loss: 1.0699, Test Loss: 1.0704, Val Acc: 0.5542, Test Acc: 0.5541
🌸 New best epoch! 🌸

Epoch 8, Train Loss: 1.0766, Val Loss: 1.0657, Test Loss: 1.0654, Val Acc: 0.5523, Test Acc: 0.5533

Epoch 9, Train Loss: 1.0706, Val Loss: 1.0763, Test Loss: 1.0752, Val Acc: 0.5520, Test Acc: 0.5528

Epoch 10, Train Loss: 1.0661, Val Loss: 1.0615, Test Loss: 1.0626, Val Acc: 0.5573, Test Acc: 0.5566
🌸 New best epoch! 🌸

Epoch 11, Train Loss: 1.0624, Val Loss: 1.0585, Test Loss: 1.0581, Val Acc: 0.5594, Test Acc: 0.5596
🌸 New best epoch! 🌸

Epoch 12, Train Loss: 1.0579, Val Loss: 1.0444, Test Loss: 1.0439, Val Acc: 0.5651, Test Acc: 0.5643
🌸 New best epoch! 🌸

Epoch 13, Train Loss: 1.0553, Val Loss: 1.0402, Test Loss: 1.0396, Val Acc: 0.5655, Test Acc: 0.5658
🌸 New best epoch! 🌸

Epoch 14, Train Loss: 1.0514, Val Loss: 1.0392, Test Loss: 1.0395, Val Acc: 0.5654, Test Acc: 0.5660

Epoch 15, Train Loss: 1.0495, Val Loss: 1.0431, Test Loss: 1.0423, Val Acc: 0.5655, Test Acc: 0.5663

Epoch 16, Train Loss: 1.0473, Val Loss: 1.0501, Test Loss: 1.0493, Val Acc: 0.5645, Test Acc: 0.5648

Epoch 17, Train Loss: 1.0439, Val Loss: 1.0390, Test Loss: 1.0381, Val Acc: 0.5666, Test Acc: 0.5670
🌸 New best epoch! 🌸

Epoch 18, Train Loss: 1.0420, Val Loss: 1.0333, Test Loss: 1.0328, Val Acc: 0.5679, Test Acc: 0.5678
🌸 New best epoch! 🌸

Epoch 19, Train Loss: 1.0394, Val Loss: 1.0337, Test Loss: 1.0336, Val Acc: 0.5696, Test Acc: 0.5691
🌸 New best epoch! 🌸

Epoch 20, Train Loss: 1.0375, Val Loss: 1.0310, Test Loss: 1.0315, Val Acc: 0.5705, Test Acc: 0.5708
🌸 New best epoch! 🌸

Epoch 21, Train Loss: 1.0363, Val Loss: 1.0313, Test Loss: 1.0313, Val Acc: 0.5696, Test Acc: 0.5703

Epoch 22, Train Loss: 1.0339, Val Loss: 1.0542, Test Loss: 1.0533, Val Acc: 0.5620, Test Acc: 0.5616

Epoch 23, Train Loss: 1.0311, Val Loss: 1.0326, Test Loss: 1.0324, Val Acc: 0.5712, Test Acc: 0.5712
🌸 New best epoch! 🌸

Epoch 24, Train Loss: 1.0282, Val Loss: 1.0279, Test Loss: 1.0279, Val Acc: 0.5720, Test Acc: 0.5718
🌸 New best epoch! 🌸

Epoch 25, Train Loss: 1.0264, Val Loss: 1.0334, Test Loss: 1.0332, Val Acc: 0.5723, Test Acc: 0.5728
🌸 New best epoch! 🌸

Epoch 26, Train Loss: 1.0233, Val Loss: 1.0313, Test Loss: 1.0310, Val Acc: 0.5732, Test Acc: 0.5726
🌸 New best epoch! 🌸

Epoch 27, Train Loss: 1.0216, Val Loss: 1.0407, Test Loss: 1.0407, Val Acc: 0.5684, Test Acc: 0.5680

Epoch 28, Train Loss: 1.0191, Val Loss: 1.0274, Test Loss: 1.0264, Val Acc: 0.5754, Test Acc: 0.5750
🌸 New best epoch! 🌸

Epoch 29, Train Loss: 1.0167, Val Loss: 1.0266, Test Loss: 1.0254, Val Acc: 0.5750, Test Acc: 0.5744

Epoch 30, Train Loss: 1.0138, Val Loss: 1.0233, Test Loss: 1.0221, Val Acc: 0.5786, Test Acc: 0.5779
🌸 New best epoch! 🌸

Epoch 31, Train Loss: 1.0115, Val Loss: 1.0094, Test Loss: 1.0087, Val Acc: 0.5818, Test Acc: 0.5816
🌸 New best epoch! 🌸

Epoch 32, Train Loss: 1.0084, Val Loss: 1.0071, Test Loss: 1.0063, Val Acc: 0.5840, Test Acc: 0.5852
🌸 New best epoch! 🌸

Epoch 33, Train Loss: 1.0039, Val Loss: 1.0071, Test Loss: 1.0062, Val Acc: 0.5846, Test Acc: 0.5842
🌸 New best epoch! 🌸

Epoch 34, Train Loss: 1.0007, Val Loss: 1.0001, Test Loss: 0.9996, Val Acc: 0.5877, Test Acc: 0.5876
🌸 New best epoch! 🌸

Epoch 35, Train Loss: 0.9973, Val Loss: 1.0022, Test Loss: 1.0017, Val Acc: 0.5874, Test Acc: 0.5881

Epoch 36, Train Loss: 0.9940, Val Loss: 0.9903, Test Loss: 0.9896, Val Acc: 0.5921, Test Acc: 0.5920
🌸 New best epoch! 🌸

Epoch 37, Train Loss: 0.9915, Val Loss: 1.0091, Test Loss: 1.0086, Val Acc: 0.5885, Test Acc: 0.5886

Epoch 38, Train Loss: 0.9879, Val Loss: 1.0032, Test Loss: 1.0029, Val Acc: 0.5930, Test Acc: 0.5923
🌸 New best epoch! 🌸

Epoch 39, Train Loss: 0.9853, Val Loss: 0.9838, Test Loss: 0.9842, Val Acc: 0.5982, Test Acc: 0.5972
🌸 New best epoch! 🌸

Epoch 40, Train Loss: 0.9817, Val Loss: 0.9879, Test Loss: 0.9865, Val Acc: 0.5967, Test Acc: 0.5975

Epoch 41, Train Loss: 0.9787, Val Loss: 0.9869, Test Loss: 0.9855, Val Acc: 0.5992, Test Acc: 0.5997
🌸 New best epoch! 🌸

Epoch 42, Train Loss: 0.9759, Val Loss: 0.9850, Test Loss: 0.9847, Val Acc: 0.6011, Test Acc: 0.6006
🌸 New best epoch! 🌸

Epoch 43, Train Loss: 0.9726, Val Loss: 0.9685, Test Loss: 0.9682, Val Acc: 0.6061, Test Acc: 0.6065
🌸 New best epoch! 🌸

Epoch 44, Train Loss: 0.9692, Val Loss: 0.9828, Test Loss: 0.9824, Val Acc: 0.6042, Test Acc: 0.6039

Epoch 45, Train Loss: 0.9654, Val Loss: 0.9719, Test Loss: 0.9717, Val Acc: 0.6071, Test Acc: 0.6074
🌸 New best epoch! 🌸

Epoch 46, Train Loss: 0.9615, Val Loss: 0.9717, Test Loss: 0.9718, Val Acc: 0.6071, Test Acc: 0.6078

Epoch 47, Train Loss: 0.9584, Val Loss: 0.9712, Test Loss: 0.9704, Val Acc: 0.6104, Test Acc: 0.6112
🌸 New best epoch! 🌸

Epoch 48, Train Loss: 0.9555, Val Loss: 0.9663, Test Loss: 0.9653, Val Acc: 0.6111, Test Acc: 0.6122
🌸 New best epoch! 🌸

Epoch 49, Train Loss: 0.9524, Val Loss: 0.9589, Test Loss: 0.9584, Val Acc: 0.6134, Test Acc: 0.6138
🌸 New best epoch! 🌸

Epoch 50, Train Loss: 0.9490, Val Loss: 0.9647, Test Loss: 0.9647, Val Acc: 0.6134, Test Acc: 0.6132
🌸 New best epoch! 🌸

Epoch 51, Train Loss: 0.9451, Val Loss: 0.9450, Test Loss: 0.9458, Val Acc: 0.6187, Test Acc: 0.6195
🌸 New best epoch! 🌸

Epoch 52, Train Loss: 0.9408, Val Loss: 0.9428, Test Loss: 0.9421, Val Acc: 0.6192, Test Acc: 0.6198
🌸 New best epoch! 🌸

Epoch 53, Train Loss: 0.9370, Val Loss: 0.9399, Test Loss: 0.9382, Val Acc: 0.6202, Test Acc: 0.6222
🌸 New best epoch! 🌸

Epoch 54, Train Loss: 0.9325, Val Loss: 0.9392, Test Loss: 0.9393, Val Acc: 0.6232, Test Acc: 0.6229
🌸 New best epoch! 🌸

Epoch 55, Train Loss: 0.9296, Val Loss: 0.9319, Test Loss: 0.9314, Val Acc: 0.6246, Test Acc: 0.6248
🌸 New best epoch! 🌸

Epoch 56, Train Loss: 0.9269, Val Loss: 0.9319, Test Loss: 0.9308, Val Acc: 0.6260, Test Acc: 0.6265
🌸 New best epoch! 🌸

Epoch 57, Train Loss: 0.9243, Val Loss: 0.9377, Test Loss: 0.9375, Val Acc: 0.6256, Test Acc: 0.6259

Epoch 58, Train Loss: 0.9225, Val Loss: 0.9231, Test Loss: 0.9225, Val Acc: 0.6284, Test Acc: 0.6297
🌸 New best epoch! 🌸

Epoch 59, Train Loss: 0.9203, Val Loss: 0.9228, Test Loss: 0.9205, Val Acc: 0.6280, Test Acc: 0.6294

Epoch 60, Train Loss: 0.9176, Val Loss: 0.9237, Test Loss: 0.9236, Val Acc: 0.6284, Test Acc: 0.6284

Epoch 61, Train Loss: 0.9133, Val Loss: 0.9185, Test Loss: 0.9183, Val Acc: 0.6325, Test Acc: 0.6326
🌸 New best epoch! 🌸

Epoch 62, Train Loss: 0.9082, Val Loss: 0.9142, Test Loss: 0.9134, Val Acc: 0.6336, Test Acc: 0.6338
🌸 New best epoch! 🌸

Epoch 63, Train Loss: 0.9044, Val Loss: 0.9105, Test Loss: 0.9090, Val Acc: 0.6347, Test Acc: 0.6356
🌸 New best epoch! 🌸

Epoch 64, Train Loss: 0.9018, Val Loss: 0.9076, Test Loss: 0.9072, Val Acc: 0.6369, Test Acc: 0.6376
🌸 New best epoch! 🌸

Epoch 65, Train Loss: 0.8984, Val Loss: 0.9039, Test Loss: 0.9027, Val Acc: 0.6381, Test Acc: 0.6385
🌸 New best epoch! 🌸

Epoch 66, Train Loss: 0.8969, Val Loss: 0.8989, Test Loss: 0.8975, Val Acc: 0.6394, Test Acc: 0.6400
🌸 New best epoch! 🌸

Epoch 67, Train Loss: 0.8944, Val Loss: 0.9119, Test Loss: 0.9120, Val Acc: 0.6376, Test Acc: 0.6378

Epoch 68, Train Loss: 0.8928, Val Loss: 0.8951, Test Loss: 0.8953, Val Acc: 0.6412, Test Acc: 0.6414
🌸 New best epoch! 🌸

Epoch 69, Train Loss: 0.8913, Val Loss: 0.8947, Test Loss: 0.8946, Val Acc: 0.6417, Test Acc: 0.6412
🌸 New best epoch! 🌸

Epoch 70, Train Loss: 0.8900, Val Loss: 0.8978, Test Loss: 0.8973, Val Acc: 0.6408, Test Acc: 0.6411

Epoch 71, Train Loss: 0.8885, Val Loss: 0.8906, Test Loss: 0.8893, Val Acc: 0.6431, Test Acc: 0.6439
🌸 New best epoch! 🌸

Epoch 72, Train Loss: 0.8869, Val Loss: 0.8907, Test Loss: 0.8909, Val Acc: 0.6432, Test Acc: 0.6437
🌸 New best epoch! 🌸

Epoch 73, Train Loss: 0.8859, Val Loss: 0.8926, Test Loss: 0.8926, Val Acc: 0.6418, Test Acc: 0.6418

Epoch 74, Train Loss: 0.8848, Val Loss: 0.8956, Test Loss: 0.8951, Val Acc: 0.6427, Test Acc: 0.6426

Epoch 75, Train Loss: 0.8841, Val Loss: 0.9001, Test Loss: 0.8987, Val Acc: 0.6410, Test Acc: 0.6416

Epoch 76, Train Loss: 0.8825, Val Loss: 0.8930, Test Loss: 0.8928, Val Acc: 0.6407, Test Acc: 0.6417

Epoch 77, Train Loss: 0.8820, Val Loss: 0.9048, Test Loss: 0.9040, Val Acc: 0.6385, Test Acc: 0.6399

Epoch 78, Train Loss: 0.8813, Val Loss: 0.8902, Test Loss: 0.8891, Val Acc: 0.6440, Test Acc: 0.6443
🌸 New best epoch! 🌸

Epoch 79, Train Loss: 0.8801, Val Loss: 0.9034, Test Loss: 0.9031, Val Acc: 0.6414, Test Acc: 0.6413

Epoch 80, Train Loss: 0.8793, Val Loss: 0.8910, Test Loss: 0.8914, Val Acc: 0.6437, Test Acc: 0.6439

Epoch 81, Train Loss: 0.8787, Val Loss: 0.8957, Test Loss: 0.8949, Val Acc: 0.6420, Test Acc: 0.6417

Epoch 82, Train Loss: 0.8788, Val Loss: 0.8927, Test Loss: 0.8919, Val Acc: 0.6430, Test Acc: 0.6435

Epoch 83, Train Loss: 0.8772, Val Loss: 0.8897, Test Loss: 0.8893, Val Acc: 0.6437, Test Acc: 0.6449

Epoch 84, Train Loss: 0.8762, Val Loss: 0.8939, Test Loss: 0.8941, Val Acc: 0.6430, Test Acc: 0.6435

Epoch 85, Train Loss: 0.8630, Val Loss: 0.8901, Test Loss: 0.8891, Val Acc: 0.6448, Test Acc: 0.6453
🌸 New best epoch! 🌸

Epoch 86, Train Loss: 0.8608, Val Loss: 0.8843, Test Loss: 0.8833, Val Acc: 0.6464, Test Acc: 0.6466
🌸 New best epoch! 🌸

Epoch 87, Train Loss: 0.8592, Val Loss: 0.8889, Test Loss: 0.8885, Val Acc: 0.6456, Test Acc: 0.6464

Epoch 88, Train Loss: 0.8588, Val Loss: 0.8834, Test Loss: 0.8839, Val Acc: 0.6474, Test Acc: 0.6472
🌸 New best epoch! 🌸

Epoch 89, Train Loss: 0.8576, Val Loss: 0.8841, Test Loss: 0.8838, Val Acc: 0.6464, Test Acc: 0.6467

Epoch 90, Train Loss: 0.8565, Val Loss: 0.8876, Test Loss: 0.8878, Val Acc: 0.6461, Test Acc: 0.6461

Epoch 91, Train Loss: 0.8556, Val Loss: 0.8906, Test Loss: 0.8897, Val Acc: 0.6456, Test Acc: 0.6459

Epoch 92, Train Loss: 0.8550, Val Loss: 0.8862, Test Loss: 0.8854, Val Acc: 0.6459, Test Acc: 0.6463

Epoch 93, Train Loss: 0.8540, Val Loss: 0.8883, Test Loss: 0.8875, Val Acc: 0.6465, Test Acc: 0.6469

Epoch 94, Train Loss: 0.8537, Val Loss: 0.8959, Test Loss: 0.8960, Val Acc: 0.6449, Test Acc: 0.6452

Epoch 95, Train Loss: 0.8454, Val Loss: 0.8872, Test Loss: 0.8870, Val Acc: 0.6472, Test Acc: 0.6471

Epoch 96, Train Loss: 0.8439, Val Loss: 0.8890, Test Loss: 0.8880, Val Acc: 0.6470, Test Acc: 0.6479

Epoch 97, Train Loss: 0.8429, Val Loss: 0.8908, Test Loss: 0.8905, Val Acc: 0.6463, Test Acc: 0.6463

Epoch 98, Train Loss: 0.8424, Val Loss: 0.8898, Test Loss: 0.8895, Val Acc: 0.6464, Test Acc: 0.6470

Epoch 99, Train Loss: 0.8413, Val Loss: 0.8907, Test Loss: 0.8902, Val Acc: 0.6468, Test Acc: 0.6466

Epoch 100, Train Loss: 0.8407, Val Loss: 0.8928, Test Loss: 0.8925, Val Acc: 0.6463, Test Acc: 0.6463

Epoch 101, Train Loss: 0.8367, Val Loss: 0.8941, Test Loss: 0.8942, Val Acc: 0.6467, Test Acc: 0.6464

Epoch 102, Train Loss: 0.8354, Val Loss: 0.8935, Test Loss: 0.8926, Val Acc: 0.6467, Test Acc: 0.6474

Epoch 103, Train Loss: 0.8347, Val Loss: 0.8947, Test Loss: 0.8941, Val Acc: 0.6469, Test Acc: 0.6469

Epoch 104, Train Loss: 0.8346, Val Loss: 0.8954, Test Loss: 0.8948, Val Acc: 0.6466, Test Acc: 0.6466

Epoch 105, Train Loss: 0.8334, Val Loss: 0.8950, Test Loss: 0.8944, Val Acc: 0.6470, Test Acc: 0.6472

Epoch 106, Train Loss: 0.8331, Val Loss: 0.8950, Test Loss: 0.8948, Val Acc: 0.6463, Test Acc: 0.6468

Epoch 107, Train Loss: 0.8310, Val Loss: 0.8957, Test Loss: 0.8952, Val Acc: 0.6469, Test Acc: 0.6474

Epoch 108, Train Loss: 0.8301, Val Loss: 0.8941, Test Loss: 0.8941, Val Acc: 0.6471, Test Acc: 0.6475

Epoch 109, Train Loss: 0.8298, Val Loss: 0.8988, Test Loss: 0.8986, Val Acc: 0.6460, Test Acc: 0.6465

Epoch 110, Train Loss: 0.8294, Val Loss: 0.8991, Test Loss: 0.8986, Val Acc: 0.6465, Test Acc: 0.6467

Epoch 111, Train Loss: 0.8293, Val Loss: 0.8962, Test Loss: 0.8958, Val Acc: 0.6471, Test Acc: 0.6469

Epoch 112, Train Loss: 0.8293, Val Loss: 0.8986, Test Loss: 0.8984, Val Acc: 0.6461, Test Acc: 0.6466

Epoch 113, Train Loss: 0.8279, Val Loss: 0.8988, Test Loss: 0.8983, Val Acc: 0.6464, Test Acc: 0.6470

Epoch 114, Train Loss: 0.8276, Val Loss: 0.8981, Test Loss: 0.8980, Val Acc: 0.6467, Test Acc: 0.6468

Epoch 115, Train Loss: 0.8272, Val Loss: 0.8998, Test Loss: 0.8991, Val Acc: 0.6463, Test Acc: 0.6466

Epoch 116, Train Loss: 0.8269, Val Loss: 0.8992, Test Loss: 0.8987, Val Acc: 0.6466, Test Acc: 0.6470

Epoch 117, Train Loss: 0.8270, Val Loss: 0.8999, Test Loss: 0.8992, Val Acc: 0.6463, Test Acc: 0.6467

Epoch 118, Train Loss: 0.8269, Val Loss: 0.9002, Test Loss: 0.8997, Val Acc: 0.6463, Test Acc: 0.6466

Epoch 119, Train Loss: 0.8258, Val Loss: 0.9004, Test Loss: 0.8999, Val Acc: 0.6465, Test Acc: 0.6465

Epoch 120, Train Loss: 0.8261, Val Loss: 0.9011, Test Loss: 0.9005, Val Acc: 0.6464, Test Acc: 0.6465

Epoch 121, Train Loss: 0.8257, Val Loss: 0.9005, Test Loss: 0.8999, Val Acc: 0.6464, Test Acc: 0.6469

Epoch 122, Train Loss: 0.8260, Val Loss: 0.9011, Test Loss: 0.9005, Val Acc: 0.6464, Test Acc: 0.6465

Epoch 123, Train Loss: 0.8260, Val Loss: 0.9002, Test Loss: 0.8995, Val Acc: 0.6463, Test Acc: 0.6468

Epoch 124, Train Loss: 0.8255, Val Loss: 0.9011, Test Loss: 0.9005, Val Acc: 0.6464, Test Acc: 0.6468

Epoch 125, Train Loss: 0.8256, Val Loss: 0.9011, Test Loss: 0.9005, Val Acc: 0.6465, Test Acc: 0.6467

Epoch 126, Train Loss: 0.8261, Val Loss: 0.9005, Test Loss: 0.8999, Val Acc: 0.6465, Test Acc: 0.6466

Epoch 127, Train Loss: 0.8252, Val Loss: 0.9009, Test Loss: 0.9004, Val Acc: 0.6464, Test Acc: 0.6466

Epoch 128, Train Loss: 0.8250, Val Loss: 0.9016, Test Loss: 0.9009, Val Acc: 0.6466, Test Acc: 0.6466

Epoch 129, Train Loss: 0.8256, Val Loss: 0.9017, Test Loss: 0.9012, Val Acc: 0.6464, Test Acc: 0.6466

Epoch 130, Train Loss: 0.8252, Val Loss: 0.9011, Test Loss: 0.9006, Val Acc: 0.6464, Test Acc: 0.6467

Epoch 131, Train Loss: 0.8250, Val Loss: 0.9017, Test Loss: 0.9011, Val Acc: 0.6465, Test Acc: 0.6465

Epoch 132, Train Loss: 0.8249, Val Loss: 0.9016, Test Loss: 0.9010, Val Acc: 0.6464, Test Acc: 0.6466

Epoch 133, Train Loss: 0.8252, Val Loss: 0.9013, Test Loss: 0.9009, Val Acc: 0.6465, Test Acc: 0.6467

Epoch 134, Train Loss: 0.8253, Val Loss: 0.9014, Test Loss: 0.9009, Val Acc: 0.6467, Test Acc: 0.6465

Epoch 135, Train Loss: 0.8246, Val Loss: 0.9020, Test Loss: 0.9014, Val Acc: 0.6464, Test Acc: 0.6466

Epoch 136, Train Loss: 0.8246, Val Loss: 0.9013, Test Loss: 0.9008, Val Acc: 0.6465, Test Acc: 0.6467

Epoch 137, Train Loss: 0.8245, Val Loss: 0.9018, Test Loss: 0.9012, Val Acc: 0.6465, Test Acc: 0.6467

Epoch 138, Train Loss: 0.8250, Val Loss: 0.9015, Test Loss: 0.9009, Val Acc: 0.6466, Test Acc: 0.6467
Time to best model: 68305.35 seconds
Loaded best model from result/RML201610b/RML201610b_FT_BEST.pth for evaluation.
Test score after training: 0.6472
Throughput after training: 11357.90 samples/second
Latency after training: 0.09 ms/sample

Result:
{'val': 0.6474, 'test': 0.6471791666666666, 'epoch': 88}

===== Accuracy By SNR =====
SNR = -20: Acc =  0.1060
SNR = -18: Acc =  0.1150
SNR = -16: Acc =  0.1278
SNR = -14: Acc =  0.1592
SNR = -12: Acc =  0.2113
SNR = -10: Acc =  0.3051
SNR =  -8: Acc =  0.4128
SNR =  -6: Acc =  0.5624
SNR =  -4: Acc =  0.7468
SNR =  -2: Acc =  0.8684
SNR =   0: Acc =  0.9163
SNR =   2: Acc =  0.9276
SNR =   4: Acc =  0.9322
SNR =   6: Acc =  0.9361
SNR =   8: Acc =  0.9352
SNR =  10: Acc =  0.9353
SNR =  12: Acc =  0.9383
SNR =  14: Acc =  0.9361
SNR =  16: Acc =  0.9349
SNR =  18: Acc =  0.9371
==========================

