cuda
0
{0, 1, 2, 3, 4, 5, 6, 7, 8, 9, 10, 11, 12, 13, 14, 15, 16, 17, 18, 19, 20, 21, 22, 23, 24, 25, 26, 27}
[INFO] Register count_linear() for <class 'torch.nn.modules.linear.Linear'>.
[INFO] Register zero_ops() for <class 'torch.nn.modules.dropout.Dropout'>.
[INFO] Register count_normalization() for <class 'torch.nn.modules.normalization.LayerNorm'>.
[INFO] Register zero_ops() for <class 'torch.nn.modules.container.Sequential'>.
[INFO] Register zero_ops() for <class 'torch.nn.modules.activation.ReLU'>.
FLOPs: 26.970M, Parameters: 896.860K
Test score before training: 0.0355
Device: CUDA
----------------------------------------------------------------------------------------

Epoch 0, Train Loss: 3.2291, Val Loss: 2.9607, Test Loss: 2.9667, Val Acc: 0.1935, Test Acc: 0.1868
🌸 New best epoch! 🌸

Epoch 1, Train Loss: 2.8876, Val Loss: 2.6698, Test Loss: 2.6722, Val Acc: 0.2434, Test Acc: 0.2422
🌸 New best epoch! 🌸

Epoch 2, Train Loss: 2.6338, Val Loss: 2.4474, Test Loss: 2.4485, Val Acc: 0.3011, Test Acc: 0.2957
🌸 New best epoch! 🌸

Epoch 3, Train Loss: 2.4390, Val Loss: 2.2775, Test Loss: 2.2770, Val Acc: 0.3335, Test Acc: 0.3286
🌸 New best epoch! 🌸

Epoch 4, Train Loss: 2.2859, Val Loss: 2.1322, Test Loss: 2.1279, Val Acc: 0.3700, Test Acc: 0.3757
🌸 New best epoch! 🌸

Epoch 5, Train Loss: 2.1555, Val Loss: 2.0105, Test Loss: 2.0035, Val Acc: 0.4132, Test Acc: 0.4145
🌸 New best epoch! 🌸

Epoch 6, Train Loss: 2.0412, Val Loss: 1.9051, Test Loss: 1.8955, Val Acc: 0.4355, Test Acc: 0.4417
🌸 New best epoch! 🌸

Epoch 7, Train Loss: 1.9366, Val Loss: 1.7960, Test Loss: 1.7857, Val Acc: 0.4676, Test Acc: 0.4698
🌸 New best epoch! 🌸

Epoch 8, Train Loss: 1.8450, Val Loss: 1.7112, Test Loss: 1.7005, Val Acc: 0.4880, Test Acc: 0.4943
🌸 New best epoch! 🌸

Epoch 9, Train Loss: 1.7538, Val Loss: 1.6209, Test Loss: 1.6060, Val Acc: 0.5072, Test Acc: 0.5206
🌸 New best epoch! 🌸

Epoch 10, Train Loss: 1.6747, Val Loss: 1.5496, Test Loss: 1.5347, Val Acc: 0.5252, Test Acc: 0.5348
🌸 New best epoch! 🌸

Epoch 11, Train Loss: 1.6050, Val Loss: 1.4739, Test Loss: 1.4563, Val Acc: 0.5475, Test Acc: 0.5515
🌸 New best epoch! 🌸

Epoch 12, Train Loss: 1.5313, Val Loss: 1.4046, Test Loss: 1.3885, Val Acc: 0.5641, Test Acc: 0.5701
🌸 New best epoch! 🌸

Epoch 13, Train Loss: 1.4612, Val Loss: 1.3472, Test Loss: 1.3295, Val Acc: 0.5778, Test Acc: 0.5854
🌸 New best epoch! 🌸

Epoch 14, Train Loss: 1.4048, Val Loss: 1.2870, Test Loss: 1.2668, Val Acc: 0.5939, Test Acc: 0.5998
🌸 New best epoch! 🌸

Epoch 15, Train Loss: 1.3454, Val Loss: 1.2230, Test Loss: 1.2053, Val Acc: 0.6176, Test Acc: 0.6189
🌸 New best epoch! 🌸

Epoch 16, Train Loss: 1.2893, Val Loss: 1.1708, Test Loss: 1.1527, Val Acc: 0.6281, Test Acc: 0.6358
🌸 New best epoch! 🌸

Epoch 17, Train Loss: 1.2318, Val Loss: 1.1176, Test Loss: 1.1004, Val Acc: 0.6411, Test Acc: 0.6452
🌸 New best epoch! 🌸

Epoch 18, Train Loss: 1.1799, Val Loss: 1.0673, Test Loss: 1.0520, Val Acc: 0.6611, Test Acc: 0.6642
🌸 New best epoch! 🌸

Epoch 19, Train Loss: 1.1341, Val Loss: 1.0166, Test Loss: 1.0005, Val Acc: 0.6744, Test Acc: 0.6796
🌸 New best epoch! 🌸

Epoch 20, Train Loss: 1.0868, Val Loss: 0.9705, Test Loss: 0.9593, Val Acc: 0.6908, Test Acc: 0.6971
🌸 New best epoch! 🌸

Epoch 21, Train Loss: 1.0353, Val Loss: 0.9237, Test Loss: 0.9118, Val Acc: 0.7036, Test Acc: 0.7096
🌸 New best epoch! 🌸

Epoch 22, Train Loss: 0.9910, Val Loss: 0.8856, Test Loss: 0.8709, Val Acc: 0.7171, Test Acc: 0.7242
🌸 New best epoch! 🌸

Epoch 23, Train Loss: 0.9513, Val Loss: 0.8441, Test Loss: 0.8269, Val Acc: 0.7334, Test Acc: 0.7426
🌸 New best epoch! 🌸

Epoch 24, Train Loss: 0.9088, Val Loss: 0.8055, Test Loss: 0.7904, Val Acc: 0.7454, Test Acc: 0.7504
🌸 New best epoch! 🌸

Epoch 25, Train Loss: 0.8760, Val Loss: 0.7681, Test Loss: 0.7569, Val Acc: 0.7623, Test Acc: 0.7594
🌸 New best epoch! 🌸

Epoch 26, Train Loss: 0.8305, Val Loss: 0.7412, Test Loss: 0.7256, Val Acc: 0.7690, Test Acc: 0.7794
🌸 New best epoch! 🌸

Epoch 27, Train Loss: 0.7925, Val Loss: 0.6928, Test Loss: 0.6785, Val Acc: 0.7871, Test Acc: 0.7952
🌸 New best epoch! 🌸

Epoch 28, Train Loss: 0.7529, Val Loss: 0.6561, Test Loss: 0.6462, Val Acc: 0.7979, Test Acc: 0.8018
🌸 New best epoch! 🌸

Epoch 29, Train Loss: 0.7161, Val Loss: 0.6214, Test Loss: 0.6100, Val Acc: 0.8094, Test Acc: 0.8132
🌸 New best epoch! 🌸

Epoch 30, Train Loss: 0.6848, Val Loss: 0.5954, Test Loss: 0.5836, Val Acc: 0.8194, Test Acc: 0.8230
🌸 New best epoch! 🌸

Epoch 31, Train Loss: 0.6594, Val Loss: 0.5608, Test Loss: 0.5475, Val Acc: 0.8280, Test Acc: 0.8380
🌸 New best epoch! 🌸

Epoch 32, Train Loss: 0.6264, Val Loss: 0.5387, Test Loss: 0.5270, Val Acc: 0.8344, Test Acc: 0.8431
🌸 New best epoch! 🌸

Epoch 33, Train Loss: 0.5974, Val Loss: 0.5114, Test Loss: 0.4993, Val Acc: 0.8506, Test Acc: 0.8507
🌸 New best epoch! 🌸

Epoch 34, Train Loss: 0.5710, Val Loss: 0.4879, Test Loss: 0.4733, Val Acc: 0.8533, Test Acc: 0.8642
🌸 New best epoch! 🌸

Epoch 35, Train Loss: 0.5489, Val Loss: 0.4603, Test Loss: 0.4467, Val Acc: 0.8661, Test Acc: 0.8732
🌸 New best epoch! 🌸

Epoch 36, Train Loss: 0.5127, Val Loss: 0.4328, Test Loss: 0.4190, Val Acc: 0.8744, Test Acc: 0.8758
🌸 New best epoch! 🌸

Epoch 37, Train Loss: 0.4865, Val Loss: 0.4061, Test Loss: 0.3958, Val Acc: 0.8864, Test Acc: 0.8892
🌸 New best epoch! 🌸

Epoch 38, Train Loss: 0.4580, Val Loss: 0.3895, Test Loss: 0.3754, Val Acc: 0.8880, Test Acc: 0.8957
🌸 New best epoch! 🌸

Epoch 39, Train Loss: 0.4439, Val Loss: 0.3690, Test Loss: 0.3571, Val Acc: 0.8956, Test Acc: 0.8998
🌸 New best epoch! 🌸

Epoch 40, Train Loss: 0.4279, Val Loss: 0.3534, Test Loss: 0.3418, Val Acc: 0.9031, Test Acc: 0.9045
🌸 New best epoch! 🌸

Epoch 41, Train Loss: 0.4096, Val Loss: 0.3427, Test Loss: 0.3311, Val Acc: 0.9029, Test Acc: 0.9068

Epoch 42, Train Loss: 0.3864, Val Loss: 0.3182, Test Loss: 0.3079, Val Acc: 0.9115, Test Acc: 0.9159
🌸 New best epoch! 🌸

Epoch 43, Train Loss: 0.3699, Val Loss: 0.3037, Test Loss: 0.2909, Val Acc: 0.9170, Test Acc: 0.9209
🌸 New best epoch! 🌸

Epoch 44, Train Loss: 0.3512, Val Loss: 0.2885, Test Loss: 0.2763, Val Acc: 0.9227, Test Acc: 0.9264
🌸 New best epoch! 🌸

Epoch 45, Train Loss: 0.3322, Val Loss: 0.2773, Test Loss: 0.2650, Val Acc: 0.9287, Test Acc: 0.9298
🌸 New best epoch! 🌸

Epoch 46, Train Loss: 0.3214, Val Loss: 0.2596, Test Loss: 0.2491, Val Acc: 0.9323, Test Acc: 0.9345
🌸 New best epoch! 🌸

Epoch 47, Train Loss: 0.3050, Val Loss: 0.2480, Test Loss: 0.2357, Val Acc: 0.9350, Test Acc: 0.9413
🌸 New best epoch! 🌸

Epoch 48, Train Loss: 0.2880, Val Loss: 0.2415, Test Loss: 0.2290, Val Acc: 0.9364, Test Acc: 0.9408
🌸 New best epoch! 🌸

Epoch 49, Train Loss: 0.2762, Val Loss: 0.2224, Test Loss: 0.2097, Val Acc: 0.9433, Test Acc: 0.9473
🌸 New best epoch! 🌸

Epoch 50, Train Loss: 0.2647, Val Loss: 0.2197, Test Loss: 0.2045, Val Acc: 0.9418, Test Acc: 0.9486

Epoch 51, Train Loss: 0.2535, Val Loss: 0.2084, Test Loss: 0.1953, Val Acc: 0.9475, Test Acc: 0.9496
🌸 New best epoch! 🌸

Epoch 52, Train Loss: 0.2461, Val Loss: 0.2019, Test Loss: 0.1882, Val Acc: 0.9477, Test Acc: 0.9543
🌸 New best epoch! 🌸

Epoch 53, Train Loss: 0.2334, Val Loss: 0.1914, Test Loss: 0.1778, Val Acc: 0.9524, Test Acc: 0.9566
🌸 New best epoch! 🌸

Epoch 54, Train Loss: 0.2232, Val Loss: 0.1814, Test Loss: 0.1678, Val Acc: 0.9550, Test Acc: 0.9587
🌸 New best epoch! 🌸

Epoch 55, Train Loss: 0.2138, Val Loss: 0.1766, Test Loss: 0.1613, Val Acc: 0.9570, Test Acc: 0.9627
🌸 New best epoch! 🌸

Epoch 56, Train Loss: 0.2036, Val Loss: 0.1694, Test Loss: 0.1544, Val Acc: 0.9565, Test Acc: 0.9622

Epoch 57, Train Loss: 0.1963, Val Loss: 0.1637, Test Loss: 0.1481, Val Acc: 0.9602, Test Acc: 0.9647
🌸 New best epoch! 🌸

Epoch 58, Train Loss: 0.1867, Val Loss: 0.1599, Test Loss: 0.1439, Val Acc: 0.9603, Test Acc: 0.9688
🌸 New best epoch! 🌸

Epoch 59, Train Loss: 0.1790, Val Loss: 0.1580, Test Loss: 0.1399, Val Acc: 0.9604, Test Acc: 0.9658
🌸 New best epoch! 🌸

Epoch 60, Train Loss: 0.1761, Val Loss: 0.1537, Test Loss: 0.1372, Val Acc: 0.9632, Test Acc: 0.9659
🌸 New best epoch! 🌸

Epoch 61, Train Loss: 0.1684, Val Loss: 0.1408, Test Loss: 0.1276, Val Acc: 0.9671, Test Acc: 0.9704
🌸 New best epoch! 🌸

Epoch 62, Train Loss: 0.1615, Val Loss: 0.1408, Test Loss: 0.1241, Val Acc: 0.9638, Test Acc: 0.9695

Epoch 63, Train Loss: 0.1555, Val Loss: 0.1343, Test Loss: 0.1186, Val Acc: 0.9679, Test Acc: 0.9707
🌸 New best epoch! 🌸

Epoch 64, Train Loss: 0.1500, Val Loss: 0.1303, Test Loss: 0.1145, Val Acc: 0.9678, Test Acc: 0.9719

Epoch 65, Train Loss: 0.1477, Val Loss: 0.1285, Test Loss: 0.1102, Val Acc: 0.9695, Test Acc: 0.9732
🌸 New best epoch! 🌸

Epoch 66, Train Loss: 0.1366, Val Loss: 0.1264, Test Loss: 0.1092, Val Acc: 0.9688, Test Acc: 0.9721

Epoch 67, Train Loss: 0.1319, Val Loss: 0.1233, Test Loss: 0.1044, Val Acc: 0.9705, Test Acc: 0.9759
🌸 New best epoch! 🌸

Epoch 68, Train Loss: 0.1295, Val Loss: 0.1212, Test Loss: 0.1028, Val Acc: 0.9707, Test Acc: 0.9763
🌸 New best epoch! 🌸

Epoch 69, Train Loss: 0.1231, Val Loss: 0.1162, Test Loss: 0.0982, Val Acc: 0.9717, Test Acc: 0.9768
🌸 New best epoch! 🌸

Epoch 70, Train Loss: 0.1204, Val Loss: 0.1175, Test Loss: 0.0948, Val Acc: 0.9728, Test Acc: 0.9777
🌸 New best epoch! 🌸

Epoch 71, Train Loss: 0.1173, Val Loss: 0.1114, Test Loss: 0.0921, Val Acc: 0.9733, Test Acc: 0.9782
🌸 New best epoch! 🌸

Epoch 72, Train Loss: 0.1071, Val Loss: 0.1108, Test Loss: 0.0917, Val Acc: 0.9726, Test Acc: 0.9785

Epoch 73, Train Loss: 0.1085, Val Loss: 0.1064, Test Loss: 0.0873, Val Acc: 0.9748, Test Acc: 0.9792
🌸 New best epoch! 🌸

Epoch 74, Train Loss: 0.1059, Val Loss: 0.1069, Test Loss: 0.0859, Val Acc: 0.9738, Test Acc: 0.9796

Epoch 75, Train Loss: 0.1008, Val Loss: 0.1061, Test Loss: 0.0852, Val Acc: 0.9732, Test Acc: 0.9793

Epoch 76, Train Loss: 0.0964, Val Loss: 0.0973, Test Loss: 0.0801, Val Acc: 0.9773, Test Acc: 0.9811
🌸 New best epoch! 🌸

Epoch 77, Train Loss: 0.0948, Val Loss: 0.1052, Test Loss: 0.0838, Val Acc: 0.9723, Test Acc: 0.9795

Epoch 78, Train Loss: 0.0908, Val Loss: 0.1020, Test Loss: 0.0814, Val Acc: 0.9742, Test Acc: 0.9788

Epoch 79, Train Loss: 0.0877, Val Loss: 0.0990, Test Loss: 0.0776, Val Acc: 0.9766, Test Acc: 0.9801

Epoch 80, Train Loss: 0.0876, Val Loss: 0.0956, Test Loss: 0.0733, Val Acc: 0.9764, Test Acc: 0.9811

Epoch 81, Train Loss: 0.0855, Val Loss: 0.0936, Test Loss: 0.0754, Val Acc: 0.9771, Test Acc: 0.9808

Epoch 82, Train Loss: 0.0821, Val Loss: 0.0973, Test Loss: 0.0744, Val Acc: 0.9758, Test Acc: 0.9812

Epoch 83, Train Loss: 0.0788, Val Loss: 0.0924, Test Loss: 0.0714, Val Acc: 0.9779, Test Acc: 0.9819
🌸 New best epoch! 🌸

Epoch 84, Train Loss: 0.0777, Val Loss: 0.0930, Test Loss: 0.0730, Val Acc: 0.9763, Test Acc: 0.9818

Epoch 85, Train Loss: 0.0740, Val Loss: 0.0914, Test Loss: 0.0719, Val Acc: 0.9769, Test Acc: 0.9825

Epoch 86, Train Loss: 0.0729, Val Loss: 0.0901, Test Loss: 0.0690, Val Acc: 0.9779, Test Acc: 0.9832

Epoch 87, Train Loss: 0.0721, Val Loss: 0.0884, Test Loss: 0.0664, Val Acc: 0.9794, Test Acc: 0.9845
🌸 New best epoch! 🌸

Epoch 88, Train Loss: 0.0674, Val Loss: 0.0897, Test Loss: 0.0659, Val Acc: 0.9784, Test Acc: 0.9845

Epoch 89, Train Loss: 0.0638, Val Loss: 0.0878, Test Loss: 0.0648, Val Acc: 0.9792, Test Acc: 0.9832

Epoch 90, Train Loss: 0.0632, Val Loss: 0.0899, Test Loss: 0.0707, Val Acc: 0.9768, Test Acc: 0.9819

Epoch 91, Train Loss: 0.0601, Val Loss: 0.0855, Test Loss: 0.0647, Val Acc: 0.9787, Test Acc: 0.9851

Epoch 92, Train Loss: 0.0596, Val Loss: 0.0838, Test Loss: 0.0641, Val Acc: 0.9800, Test Acc: 0.9855
🌸 New best epoch! 🌸

Epoch 93, Train Loss: 0.0591, Val Loss: 0.0853, Test Loss: 0.0629, Val Acc: 0.9788, Test Acc: 0.9851

Epoch 94, Train Loss: 0.0561, Val Loss: 0.0822, Test Loss: 0.0627, Val Acc: 0.9795, Test Acc: 0.9837

Epoch 95, Train Loss: 0.0542, Val Loss: 0.0825, Test Loss: 0.0610, Val Acc: 0.9792, Test Acc: 0.9846

Epoch 96, Train Loss: 0.0551, Val Loss: 0.0828, Test Loss: 0.0609, Val Acc: 0.9797, Test Acc: 0.9839

Epoch 97, Train Loss: 0.0546, Val Loss: 0.0877, Test Loss: 0.0648, Val Acc: 0.9788, Test Acc: 0.9838

Epoch 98, Train Loss: 0.0535, Val Loss: 0.0794, Test Loss: 0.0607, Val Acc: 0.9808, Test Acc: 0.9852
🌸 New best epoch! 🌸

Epoch 99, Train Loss: 0.0509, Val Loss: 0.0827, Test Loss: 0.0627, Val Acc: 0.9787, Test Acc: 0.9845

Epoch 100, Train Loss: 0.0491, Val Loss: 0.0789, Test Loss: 0.0625, Val Acc: 0.9808, Test Acc: 0.9847

Epoch 101, Train Loss: 0.0496, Val Loss: 0.0808, Test Loss: 0.0607, Val Acc: 0.9792, Test Acc: 0.9856

Epoch 102, Train Loss: 0.0493, Val Loss: 0.0808, Test Loss: 0.0634, Val Acc: 0.9794, Test Acc: 0.9845

Epoch 103, Train Loss: 0.0460, Val Loss: 0.0824, Test Loss: 0.0591, Val Acc: 0.9803, Test Acc: 0.9854

Epoch 104, Train Loss: 0.0472, Val Loss: 0.0791, Test Loss: 0.0586, Val Acc: 0.9818, Test Acc: 0.9842
🌸 New best epoch! 🌸

Epoch 105, Train Loss: 0.0434, Val Loss: 0.0778, Test Loss: 0.0591, Val Acc: 0.9818, Test Acc: 0.9852

Epoch 106, Train Loss: 0.0424, Val Loss: 0.0774, Test Loss: 0.0564, Val Acc: 0.9818, Test Acc: 0.9873

Epoch 107, Train Loss: 0.0430, Val Loss: 0.0779, Test Loss: 0.0573, Val Acc: 0.9814, Test Acc: 0.9865

Epoch 108, Train Loss: 0.0451, Val Loss: 0.0778, Test Loss: 0.0592, Val Acc: 0.9813, Test Acc: 0.9848

Epoch 109, Train Loss: 0.0454, Val Loss: 0.0799, Test Loss: 0.0608, Val Acc: 0.9804, Test Acc: 0.9845

Epoch 110, Train Loss: 0.0405, Val Loss: 0.0744, Test Loss: 0.0533, Val Acc: 0.9825, Test Acc: 0.9867
🌸 New best epoch! 🌸

Epoch 111, Train Loss: 0.0395, Val Loss: 0.0774, Test Loss: 0.0578, Val Acc: 0.9807, Test Acc: 0.9857

Epoch 112, Train Loss: 0.0382, Val Loss: 0.0745, Test Loss: 0.0589, Val Acc: 0.9818, Test Acc: 0.9844

Epoch 113, Train Loss: 0.0372, Val Loss: 0.0759, Test Loss: 0.0546, Val Acc: 0.9813, Test Acc: 0.9871

Epoch 114, Train Loss: 0.0374, Val Loss: 0.0760, Test Loss: 0.0588, Val Acc: 0.9823, Test Acc: 0.9854

Epoch 115, Train Loss: 0.0369, Val Loss: 0.0751, Test Loss: 0.0544, Val Acc: 0.9819, Test Acc: 0.9873

Epoch 116, Train Loss: 0.0353, Val Loss: 0.0781, Test Loss: 0.0568, Val Acc: 0.9818, Test Acc: 0.9862

Epoch 117, Train Loss: 0.0352, Val Loss: 0.0737, Test Loss: 0.0573, Val Acc: 0.9820, Test Acc: 0.9862

Epoch 118, Train Loss: 0.0346, Val Loss: 0.0713, Test Loss: 0.0549, Val Acc: 0.9818, Test Acc: 0.9862

Epoch 119, Train Loss: 0.0326, Val Loss: 0.0733, Test Loss: 0.0564, Val Acc: 0.9826, Test Acc: 0.9851
🌸 New best epoch! 🌸

Epoch 120, Train Loss: 0.0333, Val Loss: 0.0732, Test Loss: 0.0567, Val Acc: 0.9831, Test Acc: 0.9856
🌸 New best epoch! 🌸

Epoch 121, Train Loss: 0.0336, Val Loss: 0.0739, Test Loss: 0.0546, Val Acc: 0.9826, Test Acc: 0.9859

Epoch 122, Train Loss: 0.0339, Val Loss: 0.0733, Test Loss: 0.0546, Val Acc: 0.9838, Test Acc: 0.9862
🌸 New best epoch! 🌸

Epoch 123, Train Loss: 0.0312, Val Loss: 0.0729, Test Loss: 0.0533, Val Acc: 0.9823, Test Acc: 0.9870

Epoch 124, Train Loss: 0.0286, Val Loss: 0.0717, Test Loss: 0.0525, Val Acc: 0.9826, Test Acc: 0.9870

Epoch 125, Train Loss: 0.0328, Val Loss: 0.0729, Test Loss: 0.0584, Val Acc: 0.9823, Test Acc: 0.9842

Epoch 126, Train Loss: 0.0306, Val Loss: 0.0714, Test Loss: 0.0534, Val Acc: 0.9836, Test Acc: 0.9864

Epoch 127, Train Loss: 0.0296, Val Loss: 0.0753, Test Loss: 0.0559, Val Acc: 0.9821, Test Acc: 0.9854

Epoch 128, Train Loss: 0.0271, Val Loss: 0.0751, Test Loss: 0.0538, Val Acc: 0.9825, Test Acc: 0.9857

Epoch 129, Train Loss: 0.0285, Val Loss: 0.0702, Test Loss: 0.0498, Val Acc: 0.9831, Test Acc: 0.9871

Epoch 130, Train Loss: 0.0280, Val Loss: 0.0800, Test Loss: 0.0571, Val Acc: 0.9813, Test Acc: 0.9852

Epoch 131, Train Loss: 0.0279, Val Loss: 0.0744, Test Loss: 0.0558, Val Acc: 0.9818, Test Acc: 0.9864

Epoch 132, Train Loss: 0.0257, Val Loss: 0.0720, Test Loss: 0.0536, Val Acc: 0.9828, Test Acc: 0.9864

Epoch 133, Train Loss: 0.0256, Val Loss: 0.0722, Test Loss: 0.0528, Val Acc: 0.9835, Test Acc: 0.9872

Epoch 134, Train Loss: 0.0246, Val Loss: 0.0685, Test Loss: 0.0507, Val Acc: 0.9841, Test Acc: 0.9875
🌸 New best epoch! 🌸

Epoch 135, Train Loss: 0.0229, Val Loss: 0.0703, Test Loss: 0.0529, Val Acc: 0.9840, Test Acc: 0.9875

Epoch 136, Train Loss: 0.0240, Val Loss: 0.0721, Test Loss: 0.0502, Val Acc: 0.9834, Test Acc: 0.9879

Epoch 137, Train Loss: 0.0227, Val Loss: 0.0733, Test Loss: 0.0535, Val Acc: 0.9843, Test Acc: 0.9867
🌸 New best epoch! 🌸

Epoch 138, Train Loss: 0.0252, Val Loss: 0.0714, Test Loss: 0.0520, Val Acc: 0.9845, Test Acc: 0.9872
🌸 New best epoch! 🌸

Epoch 139, Train Loss: 0.0236, Val Loss: 0.0702, Test Loss: 0.0524, Val Acc: 0.9834, Test Acc: 0.9868

Epoch 140, Train Loss: 0.0219, Val Loss: 0.0721, Test Loss: 0.0520, Val Acc: 0.9828, Test Acc: 0.9873

Epoch 141, Train Loss: 0.0223, Val Loss: 0.0702, Test Loss: 0.0527, Val Acc: 0.9840, Test Acc: 0.9875

Epoch 142, Train Loss: 0.0232, Val Loss: 0.0696, Test Loss: 0.0540, Val Acc: 0.9826, Test Acc: 0.9869

Epoch 143, Train Loss: 0.0233, Val Loss: 0.0737, Test Loss: 0.0513, Val Acc: 0.9828, Test Acc: 0.9870

Epoch 144, Train Loss: 0.0216, Val Loss: 0.0735, Test Loss: 0.0533, Val Acc: 0.9831, Test Acc: 0.9862

Epoch 145, Train Loss: 0.0207, Val Loss: 0.0761, Test Loss: 0.0533, Val Acc: 0.9831, Test Acc: 0.9873

Epoch 146, Train Loss: 0.0194, Val Loss: 0.0719, Test Loss: 0.0492, Val Acc: 0.9839, Test Acc: 0.9879

Epoch 147, Train Loss: 0.0218, Val Loss: 0.0718, Test Loss: 0.0511, Val Acc: 0.9825, Test Acc: 0.9870

Epoch 148, Train Loss: 0.0194, Val Loss: 0.0695, Test Loss: 0.0509, Val Acc: 0.9843, Test Acc: 0.9875

Epoch 149, Train Loss: 0.0201, Val Loss: 0.0698, Test Loss: 0.0527, Val Acc: 0.9849, Test Acc: 0.9869
🌸 New best epoch! 🌸

Epoch 150, Train Loss: 0.0208, Val Loss: 0.0697, Test Loss: 0.0519, Val Acc: 0.9831, Test Acc: 0.9875

Epoch 151, Train Loss: 0.0212, Val Loss: 0.0708, Test Loss: 0.0549, Val Acc: 0.9846, Test Acc: 0.9869

Epoch 152, Train Loss: 0.0210, Val Loss: 0.0707, Test Loss: 0.0532, Val Acc: 0.9835, Test Acc: 0.9863

Epoch 153, Train Loss: 0.0220, Val Loss: 0.0693, Test Loss: 0.0546, Val Acc: 0.9840, Test Acc: 0.9870

Epoch 154, Train Loss: 0.0201, Val Loss: 0.0679, Test Loss: 0.0532, Val Acc: 0.9846, Test Acc: 0.9864

Epoch 155, Train Loss: 0.0199, Val Loss: 0.0676, Test Loss: 0.0524, Val Acc: 0.9851, Test Acc: 0.9871
🌸 New best epoch! 🌸

Epoch 156, Train Loss: 0.0185, Val Loss: 0.0704, Test Loss: 0.0513, Val Acc: 0.9843, Test Acc: 0.9872

Epoch 157, Train Loss: 0.0172, Val Loss: 0.0698, Test Loss: 0.0507, Val Acc: 0.9847, Test Acc: 0.9876

Epoch 158, Train Loss: 0.0180, Val Loss: 0.0691, Test Loss: 0.0505, Val Acc: 0.9849, Test Acc: 0.9872

Epoch 159, Train Loss: 0.0185, Val Loss: 0.0702, Test Loss: 0.0523, Val Acc: 0.9841, Test Acc: 0.9874

Epoch 160, Train Loss: 0.0171, Val Loss: 0.0688, Test Loss: 0.0540, Val Acc: 0.9839, Test Acc: 0.9867

Epoch 161, Train Loss: 0.0171, Val Loss: 0.0677, Test Loss: 0.0531, Val Acc: 0.9845, Test Acc: 0.9871

Epoch 162, Train Loss: 0.0180, Val Loss: 0.0699, Test Loss: 0.0526, Val Acc: 0.9852, Test Acc: 0.9864
🌸 New best epoch! 🌸

Epoch 163, Train Loss: 0.0168, Val Loss: 0.0715, Test Loss: 0.0494, Val Acc: 0.9833, Test Acc: 0.9878

Epoch 164, Train Loss: 0.0163, Val Loss: 0.0718, Test Loss: 0.0540, Val Acc: 0.9843, Test Acc: 0.9871

Epoch 165, Train Loss: 0.0167, Val Loss: 0.0689, Test Loss: 0.0521, Val Acc: 0.9843, Test Acc: 0.9871

Epoch 166, Train Loss: 0.0148, Val Loss: 0.0707, Test Loss: 0.0531, Val Acc: 0.9836, Test Acc: 0.9867

Epoch 167, Train Loss: 0.0151, Val Loss: 0.0722, Test Loss: 0.0524, Val Acc: 0.9834, Test Acc: 0.9877

Epoch 168, Train Loss: 0.0167, Val Loss: 0.0710, Test Loss: 0.0503, Val Acc: 0.9841, Test Acc: 0.9875

Epoch 169, Train Loss: 0.0160, Val Loss: 0.0683, Test Loss: 0.0530, Val Acc: 0.9847, Test Acc: 0.9877

Epoch 170, Train Loss: 0.0161, Val Loss: 0.0723, Test Loss: 0.0544, Val Acc: 0.9847, Test Acc: 0.9863

Epoch 171, Train Loss: 0.0161, Val Loss: 0.0737, Test Loss: 0.0542, Val Acc: 0.9829, Test Acc: 0.9875

Epoch 172, Train Loss: 0.0175, Val Loss: 0.0720, Test Loss: 0.0564, Val Acc: 0.9841, Test Acc: 0.9859

Epoch 173, Train Loss: 0.0171, Val Loss: 0.0687, Test Loss: 0.0555, Val Acc: 0.9855, Test Acc: 0.9869
🌸 New best epoch! 🌸

Epoch 174, Train Loss: 0.0185, Val Loss: 0.0736, Test Loss: 0.0525, Val Acc: 0.9841, Test Acc: 0.9871

Epoch 175, Train Loss: 0.0160, Val Loss: 0.0693, Test Loss: 0.0511, Val Acc: 0.9847, Test Acc: 0.9880

Epoch 176, Train Loss: 0.0140, Val Loss: 0.0697, Test Loss: 0.0546, Val Acc: 0.9835, Test Acc: 0.9879

Epoch 177, Train Loss: 0.0138, Val Loss: 0.0689, Test Loss: 0.0546, Val Acc: 0.9839, Test Acc: 0.9883

Epoch 178, Train Loss: 0.0145, Val Loss: 0.0660, Test Loss: 0.0527, Val Acc: 0.9850, Test Acc: 0.9880

Epoch 179, Train Loss: 0.0141, Val Loss: 0.0713, Test Loss: 0.0551, Val Acc: 0.9845, Test Acc: 0.9874

Epoch 180, Train Loss: 0.0148, Val Loss: 0.0720, Test Loss: 0.0540, Val Acc: 0.9844, Test Acc: 0.9871

Epoch 181, Train Loss: 0.0147, Val Loss: 0.0729, Test Loss: 0.0544, Val Acc: 0.9838, Test Acc: 0.9871

Epoch 182, Train Loss: 0.0145, Val Loss: 0.0730, Test Loss: 0.0551, Val Acc: 0.9840, Test Acc: 0.9874

Epoch 183, Train Loss: 0.0132, Val Loss: 0.0738, Test Loss: 0.0551, Val Acc: 0.9835, Test Acc: 0.9864

Epoch 184, Train Loss: 0.0137, Val Loss: 0.0698, Test Loss: 0.0526, Val Acc: 0.9846, Test Acc: 0.9872

Epoch 185, Train Loss: 0.0126, Val Loss: 0.0707, Test Loss: 0.0554, Val Acc: 0.9840, Test Acc: 0.9870

Epoch 186, Train Loss: 0.0149, Val Loss: 0.0743, Test Loss: 0.0561, Val Acc: 0.9836, Test Acc: 0.9868

Epoch 187, Train Loss: 0.0145, Val Loss: 0.0708, Test Loss: 0.0530, Val Acc: 0.9838, Test Acc: 0.9873

Epoch 188, Train Loss: 0.0124, Val Loss: 0.0704, Test Loss: 0.0515, Val Acc: 0.9843, Test Acc: 0.9881

Epoch 189, Train Loss: 0.0129, Val Loss: 0.0715, Test Loss: 0.0512, Val Acc: 0.9843, Test Acc: 0.9882
Time to best model: 243.70 seconds


Result:
{'val': 0.9854910714285714, 'test': 0.986904761904762, 'epoch': 173}
