cuda
0
{0, 1, 2, 3, 4, 5, 6, 7, 8, 9, 10, 11, 12, 13, 14, 15, 16, 17, 18, 19, 20, 21, 22, 23, 24, 25, 26, 27}
[INFO] Register count_linear() for <class 'torch.nn.modules.linear.Linear'>.
[INFO] Register zero_ops() for <class 'torch.nn.modules.dropout.Dropout'>.
[INFO] Register count_normalization() for <class 'torch.nn.modules.normalization.LayerNorm'>.
[INFO] Register zero_ops() for <class 'torch.nn.modules.container.Sequential'>.
[INFO] Register zero_ops() for <class 'torch.nn.modules.activation.ReLU'>.
FLOPs: 26.970M, Parameters: 896.860K
Test score before training: 0.0409
Device: CUDA
----------------------------------------------------------------------------------------

Epoch 0, Train Loss: 3.1162, Val Loss: 2.6851, Test Loss: 2.6903, Val Acc: 0.2568, Test Acc: 0.2464
🌸 New best epoch! 🌸

Epoch 1, Train Loss: 2.5434, Val Loss: 2.2382, Test Loss: 2.2424, Val Acc: 0.3620, Test Acc: 0.3517
🌸 New best epoch! 🌸

Epoch 2, Train Loss: 2.1905, Val Loss: 1.9408, Test Loss: 1.9425, Val Acc: 0.4340, Test Acc: 0.4299
🌸 New best epoch! 🌸

Epoch 3, Train Loss: 1.9461, Val Loss: 1.7440, Test Loss: 1.7396, Val Acc: 0.4805, Test Acc: 0.4855
🌸 New best epoch! 🌸

Epoch 4, Train Loss: 1.7660, Val Loss: 1.5668, Test Loss: 1.5571, Val Acc: 0.5244, Test Acc: 0.5252
🌸 New best epoch! 🌸

Epoch 5, Train Loss: 1.6124, Val Loss: 1.4216, Test Loss: 1.4083, Val Acc: 0.5564, Test Acc: 0.5608
🌸 New best epoch! 🌸

Epoch 6, Train Loss: 1.4851, Val Loss: 1.3256, Test Loss: 1.3082, Val Acc: 0.5774, Test Acc: 0.5798
🌸 New best epoch! 🌸

Epoch 7, Train Loss: 1.3765, Val Loss: 1.2191, Test Loss: 1.2029, Val Acc: 0.6104, Test Acc: 0.6170
🌸 New best epoch! 🌸

Epoch 8, Train Loss: 1.2804, Val Loss: 1.1246, Test Loss: 1.1125, Val Acc: 0.6379, Test Acc: 0.6430
🌸 New best epoch! 🌸

Epoch 9, Train Loss: 1.1951, Val Loss: 1.0334, Test Loss: 1.0196, Val Acc: 0.6634, Test Acc: 0.6706
🌸 New best epoch! 🌸

Epoch 10, Train Loss: 1.1133, Val Loss: 0.9526, Test Loss: 0.9432, Val Acc: 0.6958, Test Acc: 0.6983
🌸 New best epoch! 🌸

Epoch 11, Train Loss: 1.0421, Val Loss: 0.8847, Test Loss: 0.8782, Val Acc: 0.7111, Test Acc: 0.7138
🌸 New best epoch! 🌸

Epoch 12, Train Loss: 0.9696, Val Loss: 0.8193, Test Loss: 0.8104, Val Acc: 0.7323, Test Acc: 0.7385
🌸 New best epoch! 🌸

Epoch 13, Train Loss: 0.9089, Val Loss: 0.7528, Test Loss: 0.7484, Val Acc: 0.7558, Test Acc: 0.7584
🌸 New best epoch! 🌸

Epoch 14, Train Loss: 0.8561, Val Loss: 0.6927, Test Loss: 0.6878, Val Acc: 0.7805, Test Acc: 0.7823
🌸 New best epoch! 🌸

Epoch 15, Train Loss: 0.7929, Val Loss: 0.6321, Test Loss: 0.6282, Val Acc: 0.7995, Test Acc: 0.8044
🌸 New best epoch! 🌸

Epoch 16, Train Loss: 0.7350, Val Loss: 0.5957, Test Loss: 0.5889, Val Acc: 0.8126, Test Acc: 0.8160
🌸 New best epoch! 🌸

Epoch 17, Train Loss: 0.6923, Val Loss: 0.5339, Test Loss: 0.5276, Val Acc: 0.8389, Test Acc: 0.8370
🌸 New best epoch! 🌸

Epoch 18, Train Loss: 0.6429, Val Loss: 0.5068, Test Loss: 0.5004, Val Acc: 0.8455, Test Acc: 0.8476
🌸 New best epoch! 🌸

Epoch 19, Train Loss: 0.5948, Val Loss: 0.4577, Test Loss: 0.4520, Val Acc: 0.8637, Test Acc: 0.8671
🌸 New best epoch! 🌸

Epoch 20, Train Loss: 0.5553, Val Loss: 0.4204, Test Loss: 0.4125, Val Acc: 0.8762, Test Acc: 0.8786
🌸 New best epoch! 🌸

Epoch 21, Train Loss: 0.5207, Val Loss: 0.3782, Test Loss: 0.3712, Val Acc: 0.8936, Test Acc: 0.8945
🌸 New best epoch! 🌸

Epoch 22, Train Loss: 0.4839, Val Loss: 0.3496, Test Loss: 0.3479, Val Acc: 0.9009, Test Acc: 0.9023
🌸 New best epoch! 🌸

Epoch 23, Train Loss: 0.4496, Val Loss: 0.3223, Test Loss: 0.3142, Val Acc: 0.9126, Test Acc: 0.9129
🌸 New best epoch! 🌸

Epoch 24, Train Loss: 0.4235, Val Loss: 0.2979, Test Loss: 0.2915, Val Acc: 0.9177, Test Acc: 0.9218
🌸 New best epoch! 🌸

Epoch 25, Train Loss: 0.3949, Val Loss: 0.2718, Test Loss: 0.2715, Val Acc: 0.9286, Test Acc: 0.9243
🌸 New best epoch! 🌸

Epoch 26, Train Loss: 0.3686, Val Loss: 0.2492, Test Loss: 0.2455, Val Acc: 0.9324, Test Acc: 0.9332
🌸 New best epoch! 🌸

Epoch 27, Train Loss: 0.3451, Val Loss: 0.2335, Test Loss: 0.2302, Val Acc: 0.9356, Test Acc: 0.9380
🌸 New best epoch! 🌸

Epoch 28, Train Loss: 0.3224, Val Loss: 0.2165, Test Loss: 0.2121, Val Acc: 0.9425, Test Acc: 0.9451
🌸 New best epoch! 🌸

Epoch 29, Train Loss: 0.2973, Val Loss: 0.2037, Test Loss: 0.1967, Val Acc: 0.9451, Test Acc: 0.9485
🌸 New best epoch! 🌸

Epoch 30, Train Loss: 0.2820, Val Loss: 0.1845, Test Loss: 0.1790, Val Acc: 0.9484, Test Acc: 0.9536
🌸 New best epoch! 🌸

Epoch 31, Train Loss: 0.2662, Val Loss: 0.1741, Test Loss: 0.1683, Val Acc: 0.9514, Test Acc: 0.9543
🌸 New best epoch! 🌸

Epoch 32, Train Loss: 0.2441, Val Loss: 0.1597, Test Loss: 0.1568, Val Acc: 0.9577, Test Acc: 0.9587
🌸 New best epoch! 🌸

Epoch 33, Train Loss: 0.2320, Val Loss: 0.1510, Test Loss: 0.1418, Val Acc: 0.9611, Test Acc: 0.9644
🌸 New best epoch! 🌸

Epoch 34, Train Loss: 0.2189, Val Loss: 0.1420, Test Loss: 0.1342, Val Acc: 0.9624, Test Acc: 0.9663
🌸 New best epoch! 🌸

Epoch 35, Train Loss: 0.2036, Val Loss: 0.1336, Test Loss: 0.1239, Val Acc: 0.9648, Test Acc: 0.9698
🌸 New best epoch! 🌸

Epoch 36, Train Loss: 0.1945, Val Loss: 0.1204, Test Loss: 0.1181, Val Acc: 0.9690, Test Acc: 0.9725
🌸 New best epoch! 🌸

Epoch 37, Train Loss: 0.1813, Val Loss: 0.1213, Test Loss: 0.1196, Val Acc: 0.9681, Test Acc: 0.9691

Epoch 38, Train Loss: 0.1722, Val Loss: 0.1128, Test Loss: 0.1062, Val Acc: 0.9696, Test Acc: 0.9736
🌸 New best epoch! 🌸

Epoch 39, Train Loss: 0.1611, Val Loss: 0.1071, Test Loss: 0.1024, Val Acc: 0.9714, Test Acc: 0.9740
🌸 New best epoch! 🌸

Epoch 40, Train Loss: 0.1490, Val Loss: 0.1017, Test Loss: 0.0965, Val Acc: 0.9752, Test Acc: 0.9770
🌸 New best epoch! 🌸

Epoch 41, Train Loss: 0.1470, Val Loss: 0.0937, Test Loss: 0.0927, Val Acc: 0.9764, Test Acc: 0.9776
🌸 New best epoch! 🌸

Epoch 42, Train Loss: 0.1342, Val Loss: 0.0939, Test Loss: 0.0905, Val Acc: 0.9747, Test Acc: 0.9770

Epoch 43, Train Loss: 0.1318, Val Loss: 0.0927, Test Loss: 0.0881, Val Acc: 0.9741, Test Acc: 0.9777

Epoch 44, Train Loss: 0.1205, Val Loss: 0.0833, Test Loss: 0.0769, Val Acc: 0.9787, Test Acc: 0.9815
🌸 New best epoch! 🌸

Epoch 45, Train Loss: 0.1155, Val Loss: 0.0768, Test Loss: 0.0773, Val Acc: 0.9802, Test Acc: 0.9813
🌸 New best epoch! 🌸

Epoch 46, Train Loss: 0.1115, Val Loss: 0.0823, Test Loss: 0.0752, Val Acc: 0.9789, Test Acc: 0.9811

Epoch 47, Train Loss: 0.1072, Val Loss: 0.0799, Test Loss: 0.0734, Val Acc: 0.9789, Test Acc: 0.9823

Epoch 48, Train Loss: 0.1024, Val Loss: 0.0793, Test Loss: 0.0734, Val Acc: 0.9785, Test Acc: 0.9805

Epoch 49, Train Loss: 0.0944, Val Loss: 0.0760, Test Loss: 0.0717, Val Acc: 0.9795, Test Acc: 0.9823

Epoch 50, Train Loss: 0.0928, Val Loss: 0.0700, Test Loss: 0.0657, Val Acc: 0.9825, Test Acc: 0.9834
🌸 New best epoch! 🌸

Epoch 51, Train Loss: 0.0863, Val Loss: 0.0746, Test Loss: 0.0668, Val Acc: 0.9797, Test Acc: 0.9817

Epoch 52, Train Loss: 0.0832, Val Loss: 0.0700, Test Loss: 0.0614, Val Acc: 0.9808, Test Acc: 0.9854

Epoch 53, Train Loss: 0.0801, Val Loss: 0.0669, Test Loss: 0.0587, Val Acc: 0.9813, Test Acc: 0.9860

Epoch 54, Train Loss: 0.0759, Val Loss: 0.0648, Test Loss: 0.0607, Val Acc: 0.9824, Test Acc: 0.9859

Epoch 55, Train Loss: 0.0725, Val Loss: 0.0662, Test Loss: 0.0606, Val Acc: 0.9820, Test Acc: 0.9843

Epoch 56, Train Loss: 0.0735, Val Loss: 0.0681, Test Loss: 0.0607, Val Acc: 0.9815, Test Acc: 0.9852

Epoch 57, Train Loss: 0.0711, Val Loss: 0.0657, Test Loss: 0.0579, Val Acc: 0.9830, Test Acc: 0.9860
🌸 New best epoch! 🌸

Epoch 58, Train Loss: 0.0623, Val Loss: 0.0630, Test Loss: 0.0562, Val Acc: 0.9831, Test Acc: 0.9868
🌸 New best epoch! 🌸

Epoch 59, Train Loss: 0.0623, Val Loss: 0.0603, Test Loss: 0.0575, Val Acc: 0.9839, Test Acc: 0.9859
🌸 New best epoch! 🌸

Epoch 60, Train Loss: 0.0593, Val Loss: 0.0566, Test Loss: 0.0524, Val Acc: 0.9856, Test Acc: 0.9881
🌸 New best epoch! 🌸

Epoch 61, Train Loss: 0.0555, Val Loss: 0.0579, Test Loss: 0.0552, Val Acc: 0.9840, Test Acc: 0.9861

Epoch 62, Train Loss: 0.0526, Val Loss: 0.0606, Test Loss: 0.0550, Val Acc: 0.9843, Test Acc: 0.9856

Epoch 63, Train Loss: 0.0554, Val Loss: 0.0582, Test Loss: 0.0527, Val Acc: 0.9849, Test Acc: 0.9869

Epoch 64, Train Loss: 0.0523, Val Loss: 0.0598, Test Loss: 0.0516, Val Acc: 0.9841, Test Acc: 0.9870

Epoch 65, Train Loss: 0.0512, Val Loss: 0.0570, Test Loss: 0.0528, Val Acc: 0.9835, Test Acc: 0.9867

Epoch 66, Train Loss: 0.0471, Val Loss: 0.0564, Test Loss: 0.0515, Val Acc: 0.9852, Test Acc: 0.9867

Epoch 67, Train Loss: 0.0465, Val Loss: 0.0583, Test Loss: 0.0546, Val Acc: 0.9845, Test Acc: 0.9855

Epoch 68, Train Loss: 0.0461, Val Loss: 0.0575, Test Loss: 0.0498, Val Acc: 0.9856, Test Acc: 0.9878

Epoch 69, Train Loss: 0.0408, Val Loss: 0.0537, Test Loss: 0.0468, Val Acc: 0.9869, Test Acc: 0.9886
🌸 New best epoch! 🌸

Epoch 70, Train Loss: 0.0408, Val Loss: 0.0574, Test Loss: 0.0482, Val Acc: 0.9845, Test Acc: 0.9874

Epoch 71, Train Loss: 0.0392, Val Loss: 0.0567, Test Loss: 0.0482, Val Acc: 0.9850, Test Acc: 0.9890

Epoch 72, Train Loss: 0.0375, Val Loss: 0.0551, Test Loss: 0.0471, Val Acc: 0.9847, Test Acc: 0.9890

Epoch 73, Train Loss: 0.0381, Val Loss: 0.0551, Test Loss: 0.0496, Val Acc: 0.9862, Test Acc: 0.9884

Epoch 74, Train Loss: 0.0380, Val Loss: 0.0524, Test Loss: 0.0498, Val Acc: 0.9869, Test Acc: 0.9876

Epoch 75, Train Loss: 0.0354, Val Loss: 0.0501, Test Loss: 0.0470, Val Acc: 0.9866, Test Acc: 0.9884

Epoch 76, Train Loss: 0.0362, Val Loss: 0.0553, Test Loss: 0.0542, Val Acc: 0.9844, Test Acc: 0.9869

Epoch 77, Train Loss: 0.0345, Val Loss: 0.0586, Test Loss: 0.0504, Val Acc: 0.9854, Test Acc: 0.9871

Epoch 78, Train Loss: 0.0336, Val Loss: 0.0563, Test Loss: 0.0490, Val Acc: 0.9843, Test Acc: 0.9883

Epoch 79, Train Loss: 0.0315, Val Loss: 0.0528, Test Loss: 0.0471, Val Acc: 0.9859, Test Acc: 0.9891

Epoch 80, Train Loss: 0.0298, Val Loss: 0.0549, Test Loss: 0.0482, Val Acc: 0.9855, Test Acc: 0.9880

Epoch 81, Train Loss: 0.0302, Val Loss: 0.0517, Test Loss: 0.0486, Val Acc: 0.9869, Test Acc: 0.9884

Epoch 82, Train Loss: 0.0289, Val Loss: 0.0518, Test Loss: 0.0494, Val Acc: 0.9871, Test Acc: 0.9875
🌸 New best epoch! 🌸

Epoch 83, Train Loss: 0.0300, Val Loss: 0.0517, Test Loss: 0.0487, Val Acc: 0.9866, Test Acc: 0.9880

Epoch 84, Train Loss: 0.0283, Val Loss: 0.0545, Test Loss: 0.0466, Val Acc: 0.9865, Test Acc: 0.9891

Epoch 85, Train Loss: 0.0272, Val Loss: 0.0524, Test Loss: 0.0471, Val Acc: 0.9869, Test Acc: 0.9886

Epoch 86, Train Loss: 0.0236, Val Loss: 0.0528, Test Loss: 0.0481, Val Acc: 0.9860, Test Acc: 0.9879

Epoch 87, Train Loss: 0.0237, Val Loss: 0.0506, Test Loss: 0.0503, Val Acc: 0.9866, Test Acc: 0.9880

Epoch 88, Train Loss: 0.0266, Val Loss: 0.0531, Test Loss: 0.0455, Val Acc: 0.9867, Test Acc: 0.9891

Epoch 89, Train Loss: 0.0238, Val Loss: 0.0504, Test Loss: 0.0486, Val Acc: 0.9862, Test Acc: 0.9886

Epoch 90, Train Loss: 0.0250, Val Loss: 0.0544, Test Loss: 0.0498, Val Acc: 0.9854, Test Acc: 0.9879

Epoch 91, Train Loss: 0.0225, Val Loss: 0.0487, Test Loss: 0.0447, Val Acc: 0.9876, Test Acc: 0.9895
🌸 New best epoch! 🌸

Epoch 92, Train Loss: 0.0207, Val Loss: 0.0502, Test Loss: 0.0471, Val Acc: 0.9871, Test Acc: 0.9886

Epoch 93, Train Loss: 0.0233, Val Loss: 0.0532, Test Loss: 0.0462, Val Acc: 0.9867, Test Acc: 0.9882

Epoch 94, Train Loss: 0.0247, Val Loss: 0.0514, Test Loss: 0.0451, Val Acc: 0.9866, Test Acc: 0.9890

Epoch 95, Train Loss: 0.0212, Val Loss: 0.0489, Test Loss: 0.0483, Val Acc: 0.9862, Test Acc: 0.9889

Epoch 96, Train Loss: 0.0212, Val Loss: 0.0550, Test Loss: 0.0447, Val Acc: 0.9847, Test Acc: 0.9880

Epoch 97, Train Loss: 0.0201, Val Loss: 0.0521, Test Loss: 0.0469, Val Acc: 0.9865, Test Acc: 0.9889

Epoch 98, Train Loss: 0.0235, Val Loss: 0.0575, Test Loss: 0.0525, Val Acc: 0.9855, Test Acc: 0.9872

Epoch 99, Train Loss: 0.0195, Val Loss: 0.0543, Test Loss: 0.0475, Val Acc: 0.9861, Test Acc: 0.9884

Epoch 100, Train Loss: 0.0193, Val Loss: 0.0476, Test Loss: 0.0442, Val Acc: 0.9876, Test Acc: 0.9901

Epoch 101, Train Loss: 0.0219, Val Loss: 0.0521, Test Loss: 0.0435, Val Acc: 0.9865, Test Acc: 0.9895

Epoch 102, Train Loss: 0.0190, Val Loss: 0.0554, Test Loss: 0.0445, Val Acc: 0.9857, Test Acc: 0.9886

Epoch 103, Train Loss: 0.0187, Val Loss: 0.0545, Test Loss: 0.0450, Val Acc: 0.9864, Test Acc: 0.9888

Epoch 104, Train Loss: 0.0214, Val Loss: 0.0543, Test Loss: 0.0470, Val Acc: 0.9855, Test Acc: 0.9888

Epoch 105, Train Loss: 0.0202, Val Loss: 0.0544, Test Loss: 0.0449, Val Acc: 0.9864, Test Acc: 0.9888

Epoch 106, Train Loss: 0.0201, Val Loss: 0.0504, Test Loss: 0.0460, Val Acc: 0.9875, Test Acc: 0.9889

Epoch 107, Train Loss: 0.0173, Val Loss: 0.0543, Test Loss: 0.0446, Val Acc: 0.9866, Test Acc: 0.9892
Time to best model: 147.75 seconds


Result:
{'val': 0.9875992063492064, 'test': 0.989484126984127, 'epoch': 91}
