cuda
0
{0, 1, 2, 3, 4, 5, 6, 7, 8, 9, 10, 11, 12, 13, 14, 15, 16, 17, 18, 19, 20, 21, 22, 23, 24, 25, 26, 27}
[INFO] Register count_linear() for <class 'torch.nn.modules.linear.Linear'>.
[INFO] Register zero_ops() for <class 'torch.nn.modules.dropout.Dropout'>.
[INFO] Register count_normalization() for <class 'torch.nn.modules.normalization.LayerNorm'>.
[INFO] Register zero_ops() for <class 'torch.nn.modules.container.Sequential'>.
[INFO] Register zero_ops() for <class 'torch.nn.modules.activation.ReLU'>.
FLOPs: 26.970M, Parameters: 896.860K
Test score before training: 0.0357
Device: CUDA
----------------------------------------------------------------------------------------

Epoch 0, Train Loss: 3.2388, Val Loss: 2.9345, Test Loss: 2.9400, Val Acc: 0.2332, Test Acc: 0.2358
🌸 New best epoch! 🌸

Epoch 1, Train Loss: 2.8481, Val Loss: 2.5301, Test Loss: 2.5399, Val Acc: 0.3294, Test Acc: 0.3235
🌸 New best epoch! 🌸

Epoch 2, Train Loss: 2.5102, Val Loss: 2.2454, Test Loss: 2.2598, Val Acc: 0.3799, Test Acc: 0.3754
🌸 New best epoch! 🌸

Epoch 3, Train Loss: 2.2501, Val Loss: 2.0170, Test Loss: 2.0332, Val Acc: 0.4412, Test Acc: 0.4392
🌸 New best epoch! 🌸

Epoch 4, Train Loss: 2.0419, Val Loss: 1.8270, Test Loss: 1.8396, Val Acc: 0.4853, Test Acc: 0.4787
🌸 New best epoch! 🌸

Epoch 5, Train Loss: 1.8674, Val Loss: 1.6730, Test Loss: 1.6826, Val Acc: 0.5249, Test Acc: 0.5197
🌸 New best epoch! 🌸

Epoch 6, Train Loss: 1.7198, Val Loss: 1.5425, Test Loss: 1.5509, Val Acc: 0.5515, Test Acc: 0.5466
🌸 New best epoch! 🌸

Epoch 7, Train Loss: 1.6012, Val Loss: 1.4379, Test Loss: 1.4455, Val Acc: 0.5706, Test Acc: 0.5717
🌸 New best epoch! 🌸

Epoch 8, Train Loss: 1.5008, Val Loss: 1.3438, Test Loss: 1.3491, Val Acc: 0.5984, Test Acc: 0.5962
🌸 New best epoch! 🌸

Epoch 9, Train Loss: 1.4092, Val Loss: 1.2652, Test Loss: 1.2700, Val Acc: 0.6112, Test Acc: 0.6128
🌸 New best epoch! 🌸

Epoch 10, Train Loss: 1.3334, Val Loss: 1.1947, Test Loss: 1.1977, Val Acc: 0.6281, Test Acc: 0.6305
🌸 New best epoch! 🌸

Epoch 11, Train Loss: 1.2693, Val Loss: 1.1357, Test Loss: 1.1366, Val Acc: 0.6417, Test Acc: 0.6491
🌸 New best epoch! 🌸

Epoch 12, Train Loss: 1.2069, Val Loss: 1.0763, Test Loss: 1.0807, Val Acc: 0.6563, Test Acc: 0.6590
🌸 New best epoch! 🌸

Epoch 13, Train Loss: 1.1520, Val Loss: 1.0264, Test Loss: 1.0262, Val Acc: 0.6698, Test Acc: 0.6754
🌸 New best epoch! 🌸

Epoch 14, Train Loss: 1.1015, Val Loss: 0.9893, Test Loss: 0.9883, Val Acc: 0.6747, Test Acc: 0.6789
🌸 New best epoch! 🌸

Epoch 15, Train Loss: 1.0598, Val Loss: 0.9488, Test Loss: 0.9447, Val Acc: 0.6845, Test Acc: 0.6944
🌸 New best epoch! 🌸

Epoch 16, Train Loss: 1.0163, Val Loss: 0.9123, Test Loss: 0.9115, Val Acc: 0.6987, Test Acc: 0.7000
🌸 New best epoch! 🌸

Epoch 17, Train Loss: 0.9829, Val Loss: 0.8763, Test Loss: 0.8752, Val Acc: 0.7105, Test Acc: 0.7128
🌸 New best epoch! 🌸

Epoch 18, Train Loss: 0.9469, Val Loss: 0.8515, Test Loss: 0.8461, Val Acc: 0.7152, Test Acc: 0.7237
🌸 New best epoch! 🌸

Epoch 19, Train Loss: 0.9172, Val Loss: 0.8220, Test Loss: 0.8204, Val Acc: 0.7233, Test Acc: 0.7259
🌸 New best epoch! 🌸

Epoch 20, Train Loss: 0.8819, Val Loss: 0.7923, Test Loss: 0.7900, Val Acc: 0.7322, Test Acc: 0.7370
🌸 New best epoch! 🌸

Epoch 21, Train Loss: 0.8586, Val Loss: 0.7710, Test Loss: 0.7684, Val Acc: 0.7382, Test Acc: 0.7410
🌸 New best epoch! 🌸

Epoch 22, Train Loss: 0.8376, Val Loss: 0.7550, Test Loss: 0.7500, Val Acc: 0.7439, Test Acc: 0.7434
🌸 New best epoch! 🌸

Epoch 23, Train Loss: 0.8071, Val Loss: 0.7239, Test Loss: 0.7205, Val Acc: 0.7516, Test Acc: 0.7575
🌸 New best epoch! 🌸

Epoch 24, Train Loss: 0.7877, Val Loss: 0.7102, Test Loss: 0.7056, Val Acc: 0.7533, Test Acc: 0.7632
🌸 New best epoch! 🌸

Epoch 25, Train Loss: 0.7675, Val Loss: 0.6862, Test Loss: 0.6830, Val Acc: 0.7641, Test Acc: 0.7680
🌸 New best epoch! 🌸

Epoch 26, Train Loss: 0.7450, Val Loss: 0.6726, Test Loss: 0.6730, Val Acc: 0.7661, Test Acc: 0.7730
🌸 New best epoch! 🌸

Epoch 27, Train Loss: 0.7309, Val Loss: 0.6602, Test Loss: 0.6579, Val Acc: 0.7714, Test Acc: 0.7760
🌸 New best epoch! 🌸

Epoch 28, Train Loss: 0.7089, Val Loss: 0.6317, Test Loss: 0.6298, Val Acc: 0.7804, Test Acc: 0.7834
🌸 New best epoch! 🌸

Epoch 29, Train Loss: 0.6870, Val Loss: 0.6181, Test Loss: 0.6137, Val Acc: 0.7835, Test Acc: 0.7892
🌸 New best epoch! 🌸

Epoch 30, Train Loss: 0.6702, Val Loss: 0.5995, Test Loss: 0.5994, Val Acc: 0.7911, Test Acc: 0.7924
🌸 New best epoch! 🌸

Epoch 31, Train Loss: 0.6560, Val Loss: 0.5840, Test Loss: 0.5834, Val Acc: 0.7976, Test Acc: 0.8019
🌸 New best epoch! 🌸

Epoch 32, Train Loss: 0.6392, Val Loss: 0.5659, Test Loss: 0.5665, Val Acc: 0.8009, Test Acc: 0.8053
🌸 New best epoch! 🌸

Epoch 33, Train Loss: 0.6255, Val Loss: 0.5594, Test Loss: 0.5574, Val Acc: 0.8058, Test Acc: 0.8083
🌸 New best epoch! 🌸

Epoch 34, Train Loss: 0.6046, Val Loss: 0.5531, Test Loss: 0.5523, Val Acc: 0.8049, Test Acc: 0.8070

Epoch 35, Train Loss: 0.5934, Val Loss: 0.5344, Test Loss: 0.5363, Val Acc: 0.8117, Test Acc: 0.8125
🌸 New best epoch! 🌸

Epoch 36, Train Loss: 0.5765, Val Loss: 0.5276, Test Loss: 0.5321, Val Acc: 0.8168, Test Acc: 0.8117
🌸 New best epoch! 🌸

Epoch 37, Train Loss: 0.5695, Val Loss: 0.5082, Test Loss: 0.5114, Val Acc: 0.8228, Test Acc: 0.8256
🌸 New best epoch! 🌸

Epoch 38, Train Loss: 0.5545, Val Loss: 0.5049, Test Loss: 0.5053, Val Acc: 0.8225, Test Acc: 0.8241

Epoch 39, Train Loss: 0.5425, Val Loss: 0.4878, Test Loss: 0.4897, Val Acc: 0.8286, Test Acc: 0.8310
🌸 New best epoch! 🌸

Epoch 40, Train Loss: 0.5326, Val Loss: 0.4782, Test Loss: 0.4785, Val Acc: 0.8321, Test Acc: 0.8350
🌸 New best epoch! 🌸

Epoch 41, Train Loss: 0.5183, Val Loss: 0.4701, Test Loss: 0.4692, Val Acc: 0.8357, Test Acc: 0.8353
🌸 New best epoch! 🌸

Epoch 42, Train Loss: 0.5098, Val Loss: 0.4631, Test Loss: 0.4629, Val Acc: 0.8365, Test Acc: 0.8378
🌸 New best epoch! 🌸

Epoch 43, Train Loss: 0.4949, Val Loss: 0.4464, Test Loss: 0.4441, Val Acc: 0.8465, Test Acc: 0.8479
🌸 New best epoch! 🌸

Epoch 44, Train Loss: 0.4895, Val Loss: 0.4401, Test Loss: 0.4378, Val Acc: 0.8458, Test Acc: 0.8502

Epoch 45, Train Loss: 0.4762, Val Loss: 0.4317, Test Loss: 0.4320, Val Acc: 0.8491, Test Acc: 0.8518
🌸 New best epoch! 🌸

Epoch 46, Train Loss: 0.4642, Val Loss: 0.4210, Test Loss: 0.4200, Val Acc: 0.8530, Test Acc: 0.8558
🌸 New best epoch! 🌸

Epoch 47, Train Loss: 0.4537, Val Loss: 0.4114, Test Loss: 0.4112, Val Acc: 0.8566, Test Acc: 0.8591
🌸 New best epoch! 🌸

Epoch 48, Train Loss: 0.4463, Val Loss: 0.4128, Test Loss: 0.4088, Val Acc: 0.8582, Test Acc: 0.8605
🌸 New best epoch! 🌸

Epoch 49, Train Loss: 0.4355, Val Loss: 0.4052, Test Loss: 0.3982, Val Acc: 0.8566, Test Acc: 0.8657

Epoch 50, Train Loss: 0.4287, Val Loss: 0.3926, Test Loss: 0.3885, Val Acc: 0.8622, Test Acc: 0.8680
🌸 New best epoch! 🌸

Epoch 51, Train Loss: 0.4188, Val Loss: 0.3819, Test Loss: 0.3811, Val Acc: 0.8657, Test Acc: 0.8696
🌸 New best epoch! 🌸

Epoch 52, Train Loss: 0.4113, Val Loss: 0.3855, Test Loss: 0.3808, Val Acc: 0.8668, Test Acc: 0.8697
🌸 New best epoch! 🌸

Epoch 53, Train Loss: 0.4062, Val Loss: 0.3742, Test Loss: 0.3695, Val Acc: 0.8690, Test Acc: 0.8756
🌸 New best epoch! 🌸

Epoch 54, Train Loss: 0.3986, Val Loss: 0.3719, Test Loss: 0.3646, Val Acc: 0.8724, Test Acc: 0.8731
🌸 New best epoch! 🌸

Epoch 55, Train Loss: 0.3885, Val Loss: 0.3658, Test Loss: 0.3595, Val Acc: 0.8708, Test Acc: 0.8779

Epoch 56, Train Loss: 0.3792, Val Loss: 0.3557, Test Loss: 0.3504, Val Acc: 0.8782, Test Acc: 0.8800
🌸 New best epoch! 🌸

Epoch 57, Train Loss: 0.3776, Val Loss: 0.3519, Test Loss: 0.3411, Val Acc: 0.8799, Test Acc: 0.8845
🌸 New best epoch! 🌸

Epoch 58, Train Loss: 0.3645, Val Loss: 0.3497, Test Loss: 0.3435, Val Acc: 0.8794, Test Acc: 0.8810

Epoch 59, Train Loss: 0.3567, Val Loss: 0.3472, Test Loss: 0.3393, Val Acc: 0.8799, Test Acc: 0.8843

Epoch 60, Train Loss: 0.3522, Val Loss: 0.3419, Test Loss: 0.3315, Val Acc: 0.8840, Test Acc: 0.8841
🌸 New best epoch! 🌸

Epoch 61, Train Loss: 0.3502, Val Loss: 0.3322, Test Loss: 0.3211, Val Acc: 0.8870, Test Acc: 0.8898
🌸 New best epoch! 🌸

Epoch 62, Train Loss: 0.3341, Val Loss: 0.3303, Test Loss: 0.3200, Val Acc: 0.8855, Test Acc: 0.8911

Epoch 63, Train Loss: 0.3318, Val Loss: 0.3284, Test Loss: 0.3183, Val Acc: 0.8884, Test Acc: 0.8923
🌸 New best epoch! 🌸

Epoch 64, Train Loss: 0.3288, Val Loss: 0.3196, Test Loss: 0.3133, Val Acc: 0.8910, Test Acc: 0.8928
🌸 New best epoch! 🌸

Epoch 65, Train Loss: 0.3231, Val Loss: 0.3129, Test Loss: 0.3023, Val Acc: 0.8958, Test Acc: 0.8971
🌸 New best epoch! 🌸

Epoch 66, Train Loss: 0.3186, Val Loss: 0.3163, Test Loss: 0.3015, Val Acc: 0.8905, Test Acc: 0.8980

Epoch 67, Train Loss: 0.3082, Val Loss: 0.3071, Test Loss: 0.2976, Val Acc: 0.8958, Test Acc: 0.8993

Epoch 68, Train Loss: 0.2994, Val Loss: 0.3125, Test Loss: 0.2978, Val Acc: 0.8941, Test Acc: 0.8985

Epoch 69, Train Loss: 0.2992, Val Loss: 0.3086, Test Loss: 0.2938, Val Acc: 0.8952, Test Acc: 0.8998

Epoch 70, Train Loss: 0.2960, Val Loss: 0.3055, Test Loss: 0.2923, Val Acc: 0.8971, Test Acc: 0.9008
🌸 New best epoch! 🌸

Epoch 71, Train Loss: 0.2917, Val Loss: 0.2993, Test Loss: 0.2847, Val Acc: 0.8983, Test Acc: 0.9053
🌸 New best epoch! 🌸

Epoch 72, Train Loss: 0.2849, Val Loss: 0.2959, Test Loss: 0.2849, Val Acc: 0.8997, Test Acc: 0.9055
🌸 New best epoch! 🌸

Epoch 73, Train Loss: 0.2799, Val Loss: 0.2909, Test Loss: 0.2757, Val Acc: 0.9043, Test Acc: 0.9064
🌸 New best epoch! 🌸

Epoch 74, Train Loss: 0.2716, Val Loss: 0.2855, Test Loss: 0.2729, Val Acc: 0.9035, Test Acc: 0.9063

Epoch 75, Train Loss: 0.2674, Val Loss: 0.2799, Test Loss: 0.2714, Val Acc: 0.9056, Test Acc: 0.9098
🌸 New best epoch! 🌸

Epoch 76, Train Loss: 0.2606, Val Loss: 0.2800, Test Loss: 0.2670, Val Acc: 0.9064, Test Acc: 0.9106
🌸 New best epoch! 🌸

Epoch 77, Train Loss: 0.2579, Val Loss: 0.2757, Test Loss: 0.2639, Val Acc: 0.9079, Test Acc: 0.9106
🌸 New best epoch! 🌸

Epoch 78, Train Loss: 0.2497, Val Loss: 0.2814, Test Loss: 0.2620, Val Acc: 0.9072, Test Acc: 0.9101

Epoch 79, Train Loss: 0.2480, Val Loss: 0.2707, Test Loss: 0.2549, Val Acc: 0.9117, Test Acc: 0.9142
🌸 New best epoch! 🌸

Epoch 80, Train Loss: 0.2467, Val Loss: 0.2681, Test Loss: 0.2551, Val Acc: 0.9121, Test Acc: 0.9140
🌸 New best epoch! 🌸

Epoch 81, Train Loss: 0.2494, Val Loss: 0.2860, Test Loss: 0.2690, Val Acc: 0.9066, Test Acc: 0.9080

Epoch 82, Train Loss: 0.2433, Val Loss: 0.2706, Test Loss: 0.2561, Val Acc: 0.9124, Test Acc: 0.9108
🌸 New best epoch! 🌸

Epoch 83, Train Loss: 0.2338, Val Loss: 0.2650, Test Loss: 0.2551, Val Acc: 0.9116, Test Acc: 0.9147

Epoch 84, Train Loss: 0.2343, Val Loss: 0.2610, Test Loss: 0.2422, Val Acc: 0.9145, Test Acc: 0.9181
🌸 New best epoch! 🌸

Epoch 85, Train Loss: 0.2222, Val Loss: 0.2576, Test Loss: 0.2384, Val Acc: 0.9159, Test Acc: 0.9193
🌸 New best epoch! 🌸

Epoch 86, Train Loss: 0.2197, Val Loss: 0.2593, Test Loss: 0.2376, Val Acc: 0.9127, Test Acc: 0.9194

Epoch 87, Train Loss: 0.2191, Val Loss: 0.2474, Test Loss: 0.2352, Val Acc: 0.9209, Test Acc: 0.9204
🌸 New best epoch! 🌸

Epoch 88, Train Loss: 0.2140, Val Loss: 0.2511, Test Loss: 0.2368, Val Acc: 0.9173, Test Acc: 0.9197

Epoch 89, Train Loss: 0.2131, Val Loss: 0.2504, Test Loss: 0.2325, Val Acc: 0.9201, Test Acc: 0.9233

Epoch 90, Train Loss: 0.2078, Val Loss: 0.2543, Test Loss: 0.2351, Val Acc: 0.9176, Test Acc: 0.9220

Epoch 91, Train Loss: 0.2038, Val Loss: 0.2432, Test Loss: 0.2283, Val Acc: 0.9217, Test Acc: 0.9245
🌸 New best epoch! 🌸

Epoch 92, Train Loss: 0.2062, Val Loss: 0.2560, Test Loss: 0.2329, Val Acc: 0.9172, Test Acc: 0.9238

Epoch 93, Train Loss: 0.1988, Val Loss: 0.2425, Test Loss: 0.2258, Val Acc: 0.9204, Test Acc: 0.9260

Epoch 94, Train Loss: 0.1962, Val Loss: 0.2413, Test Loss: 0.2263, Val Acc: 0.9231, Test Acc: 0.9246
🌸 New best epoch! 🌸

Epoch 95, Train Loss: 0.1949, Val Loss: 0.2384, Test Loss: 0.2241, Val Acc: 0.9234, Test Acc: 0.9217
🌸 New best epoch! 🌸

Epoch 96, Train Loss: 0.1937, Val Loss: 0.2357, Test Loss: 0.2182, Val Acc: 0.9247, Test Acc: 0.9285
🌸 New best epoch! 🌸

Epoch 97, Train Loss: 0.1858, Val Loss: 0.2412, Test Loss: 0.2204, Val Acc: 0.9227, Test Acc: 0.9266

Epoch 98, Train Loss: 0.1828, Val Loss: 0.2439, Test Loss: 0.2173, Val Acc: 0.9226, Test Acc: 0.9261

Epoch 99, Train Loss: 0.1840, Val Loss: 0.2434, Test Loss: 0.2198, Val Acc: 0.9247, Test Acc: 0.9253

Epoch 100, Train Loss: 0.1835, Val Loss: 0.2368, Test Loss: 0.2159, Val Acc: 0.9235, Test Acc: 0.9268

Epoch 101, Train Loss: 0.1767, Val Loss: 0.2376, Test Loss: 0.2215, Val Acc: 0.9245, Test Acc: 0.9263

Epoch 102, Train Loss: 0.1735, Val Loss: 0.2402, Test Loss: 0.2216, Val Acc: 0.9232, Test Acc: 0.9258

Epoch 103, Train Loss: 0.1751, Val Loss: 0.2326, Test Loss: 0.2111, Val Acc: 0.9240, Test Acc: 0.9296

Epoch 104, Train Loss: 0.1712, Val Loss: 0.2312, Test Loss: 0.2138, Val Acc: 0.9298, Test Acc: 0.9292
🌸 New best epoch! 🌸

Epoch 105, Train Loss: 0.1669, Val Loss: 0.2281, Test Loss: 0.2055, Val Acc: 0.9271, Test Acc: 0.9345

Epoch 106, Train Loss: 0.1588, Val Loss: 0.2291, Test Loss: 0.2100, Val Acc: 0.9273, Test Acc: 0.9305

Epoch 107, Train Loss: 0.1564, Val Loss: 0.2261, Test Loss: 0.2086, Val Acc: 0.9282, Test Acc: 0.9329

Epoch 108, Train Loss: 0.1538, Val Loss: 0.2323, Test Loss: 0.2136, Val Acc: 0.9271, Test Acc: 0.9302

Epoch 109, Train Loss: 0.1572, Val Loss: 0.2202, Test Loss: 0.2052, Val Acc: 0.9308, Test Acc: 0.9320
🌸 New best epoch! 🌸

Epoch 110, Train Loss: 0.1531, Val Loss: 0.2246, Test Loss: 0.2081, Val Acc: 0.9315, Test Acc: 0.9322
🌸 New best epoch! 🌸

Epoch 111, Train Loss: 0.1501, Val Loss: 0.2215, Test Loss: 0.2017, Val Acc: 0.9313, Test Acc: 0.9338

Epoch 112, Train Loss: 0.1487, Val Loss: 0.2270, Test Loss: 0.2081, Val Acc: 0.9282, Test Acc: 0.9322

Epoch 113, Train Loss: 0.1466, Val Loss: 0.2180, Test Loss: 0.2011, Val Acc: 0.9319, Test Acc: 0.9346
🌸 New best epoch! 🌸

Epoch 114, Train Loss: 0.1432, Val Loss: 0.2229, Test Loss: 0.1998, Val Acc: 0.9332, Test Acc: 0.9352
🌸 New best epoch! 🌸

Epoch 115, Train Loss: 0.1400, Val Loss: 0.2199, Test Loss: 0.1996, Val Acc: 0.9310, Test Acc: 0.9351

Epoch 116, Train Loss: 0.1427, Val Loss: 0.2213, Test Loss: 0.1997, Val Acc: 0.9301, Test Acc: 0.9335

Epoch 117, Train Loss: 0.1346, Val Loss: 0.2130, Test Loss: 0.1963, Val Acc: 0.9322, Test Acc: 0.9358

Epoch 118, Train Loss: 0.1306, Val Loss: 0.2118, Test Loss: 0.1978, Val Acc: 0.9335, Test Acc: 0.9362
🌸 New best epoch! 🌸

Epoch 119, Train Loss: 0.1285, Val Loss: 0.2120, Test Loss: 0.1963, Val Acc: 0.9338, Test Acc: 0.9363
🌸 New best epoch! 🌸

Epoch 120, Train Loss: 0.1283, Val Loss: 0.2132, Test Loss: 0.1966, Val Acc: 0.9350, Test Acc: 0.9364
🌸 New best epoch! 🌸

Epoch 121, Train Loss: 0.1289, Val Loss: 0.2178, Test Loss: 0.1996, Val Acc: 0.9325, Test Acc: 0.9337

Epoch 122, Train Loss: 0.1286, Val Loss: 0.2146, Test Loss: 0.1965, Val Acc: 0.9335, Test Acc: 0.9355

Epoch 123, Train Loss: 0.1231, Val Loss: 0.2125, Test Loss: 0.1926, Val Acc: 0.9341, Test Acc: 0.9377

Epoch 124, Train Loss: 0.1233, Val Loss: 0.2101, Test Loss: 0.1936, Val Acc: 0.9354, Test Acc: 0.9371
🌸 New best epoch! 🌸

Epoch 125, Train Loss: 0.1210, Val Loss: 0.2066, Test Loss: 0.1938, Val Acc: 0.9379, Test Acc: 0.9365
🌸 New best epoch! 🌸

Epoch 126, Train Loss: 0.1197, Val Loss: 0.2083, Test Loss: 0.1934, Val Acc: 0.9369, Test Acc: 0.9379

Epoch 127, Train Loss: 0.1197, Val Loss: 0.2100, Test Loss: 0.1927, Val Acc: 0.9349, Test Acc: 0.9395

Epoch 128, Train Loss: 0.1171, Val Loss: 0.2091, Test Loss: 0.1939, Val Acc: 0.9380, Test Acc: 0.9372
🌸 New best epoch! 🌸

Epoch 129, Train Loss: 0.1144, Val Loss: 0.2094, Test Loss: 0.1925, Val Acc: 0.9365, Test Acc: 0.9385

Epoch 130, Train Loss: 0.1134, Val Loss: 0.2078, Test Loss: 0.1919, Val Acc: 0.9367, Test Acc: 0.9396

Epoch 131, Train Loss: 0.1145, Val Loss: 0.2091, Test Loss: 0.1902, Val Acc: 0.9339, Test Acc: 0.9401

Epoch 132, Train Loss: 0.1101, Val Loss: 0.2123, Test Loss: 0.1948, Val Acc: 0.9335, Test Acc: 0.9364

Epoch 133, Train Loss: 0.1142, Val Loss: 0.2021, Test Loss: 0.1884, Val Acc: 0.9405, Test Acc: 0.9409
🌸 New best epoch! 🌸

Epoch 134, Train Loss: 0.1091, Val Loss: 0.2020, Test Loss: 0.1843, Val Acc: 0.9391, Test Acc: 0.9404

Epoch 135, Train Loss: 0.1108, Val Loss: 0.2125, Test Loss: 0.1942, Val Acc: 0.9367, Test Acc: 0.9374

Epoch 136, Train Loss: 0.1063, Val Loss: 0.2049, Test Loss: 0.1870, Val Acc: 0.9386, Test Acc: 0.9423

Epoch 137, Train Loss: 0.1065, Val Loss: 0.2051, Test Loss: 0.1894, Val Acc: 0.9371, Test Acc: 0.9422

Epoch 138, Train Loss: 0.1039, Val Loss: 0.2069, Test Loss: 0.1869, Val Acc: 0.9375, Test Acc: 0.9404

Epoch 139, Train Loss: 0.0989, Val Loss: 0.2036, Test Loss: 0.1875, Val Acc: 0.9376, Test Acc: 0.9393

Epoch 140, Train Loss: 0.0991, Val Loss: 0.1983, Test Loss: 0.1840, Val Acc: 0.9392, Test Acc: 0.9430

Epoch 141, Train Loss: 0.1011, Val Loss: 0.2135, Test Loss: 0.1896, Val Acc: 0.9356, Test Acc: 0.9405

Epoch 142, Train Loss: 0.0989, Val Loss: 0.2095, Test Loss: 0.1846, Val Acc: 0.9371, Test Acc: 0.9422

Epoch 143, Train Loss: 0.0930, Val Loss: 0.2122, Test Loss: 0.1851, Val Acc: 0.9365, Test Acc: 0.9430

Epoch 144, Train Loss: 0.0947, Val Loss: 0.2073, Test Loss: 0.1897, Val Acc: 0.9367, Test Acc: 0.9393

Epoch 145, Train Loss: 0.0942, Val Loss: 0.2016, Test Loss: 0.1788, Val Acc: 0.9407, Test Acc: 0.9430
🌸 New best epoch! 🌸

Epoch 146, Train Loss: 0.0900, Val Loss: 0.2031, Test Loss: 0.1817, Val Acc: 0.9396, Test Acc: 0.9436

Epoch 147, Train Loss: 0.0901, Val Loss: 0.2046, Test Loss: 0.1875, Val Acc: 0.9398, Test Acc: 0.9437

Epoch 148, Train Loss: 0.0924, Val Loss: 0.2048, Test Loss: 0.1836, Val Acc: 0.9389, Test Acc: 0.9427

Epoch 149, Train Loss: 0.0852, Val Loss: 0.2019, Test Loss: 0.1784, Val Acc: 0.9413, Test Acc: 0.9453
🌸 New best epoch! 🌸

Epoch 150, Train Loss: 0.0865, Val Loss: 0.2033, Test Loss: 0.1841, Val Acc: 0.9413, Test Acc: 0.9435

Epoch 151, Train Loss: 0.0860, Val Loss: 0.2096, Test Loss: 0.1887, Val Acc: 0.9397, Test Acc: 0.9428

Epoch 152, Train Loss: 0.0864, Val Loss: 0.2047, Test Loss: 0.1824, Val Acc: 0.9403, Test Acc: 0.9455

Epoch 153, Train Loss: 0.0877, Val Loss: 0.1998, Test Loss: 0.1811, Val Acc: 0.9406, Test Acc: 0.9455

Epoch 154, Train Loss: 0.0888, Val Loss: 0.2009, Test Loss: 0.1792, Val Acc: 0.9408, Test Acc: 0.9438

Epoch 155, Train Loss: 0.0848, Val Loss: 0.2069, Test Loss: 0.1828, Val Acc: 0.9389, Test Acc: 0.9432

Epoch 156, Train Loss: 0.0855, Val Loss: 0.2053, Test Loss: 0.1810, Val Acc: 0.9402, Test Acc: 0.9449

Epoch 157, Train Loss: 0.0821, Val Loss: 0.2038, Test Loss: 0.1846, Val Acc: 0.9403, Test Acc: 0.9438

Epoch 158, Train Loss: 0.0817, Val Loss: 0.2071, Test Loss: 0.1841, Val Acc: 0.9380, Test Acc: 0.9433

Epoch 159, Train Loss: 0.0810, Val Loss: 0.2025, Test Loss: 0.1825, Val Acc: 0.9405, Test Acc: 0.9441

Epoch 160, Train Loss: 0.0777, Val Loss: 0.2022, Test Loss: 0.1787, Val Acc: 0.9425, Test Acc: 0.9438
🌸 New best epoch! 🌸

Epoch 161, Train Loss: 0.0790, Val Loss: 0.1999, Test Loss: 0.1788, Val Acc: 0.9428, Test Acc: 0.9444
🌸 New best epoch! 🌸

Epoch 162, Train Loss: 0.0748, Val Loss: 0.2007, Test Loss: 0.1869, Val Acc: 0.9418, Test Acc: 0.9418

Epoch 163, Train Loss: 0.0755, Val Loss: 0.1992, Test Loss: 0.1807, Val Acc: 0.9417, Test Acc: 0.9451

Epoch 164, Train Loss: 0.0733, Val Loss: 0.1970, Test Loss: 0.1818, Val Acc: 0.9423, Test Acc: 0.9438

Epoch 165, Train Loss: 0.0721, Val Loss: 0.1959, Test Loss: 0.1769, Val Acc: 0.9417, Test Acc: 0.9476

Epoch 166, Train Loss: 0.0726, Val Loss: 0.1979, Test Loss: 0.1805, Val Acc: 0.9434, Test Acc: 0.9452
🌸 New best epoch! 🌸

Epoch 167, Train Loss: 0.0717, Val Loss: 0.2006, Test Loss: 0.1831, Val Acc: 0.9433, Test Acc: 0.9449

Epoch 168, Train Loss: 0.0715, Val Loss: 0.1966, Test Loss: 0.1743, Val Acc: 0.9451, Test Acc: 0.9474
🌸 New best epoch! 🌸

Epoch 169, Train Loss: 0.0696, Val Loss: 0.1983, Test Loss: 0.1758, Val Acc: 0.9444, Test Acc: 0.9454

Epoch 170, Train Loss: 0.0693, Val Loss: 0.2021, Test Loss: 0.1784, Val Acc: 0.9436, Test Acc: 0.9463

Epoch 171, Train Loss: 0.0696, Val Loss: 0.1956, Test Loss: 0.1739, Val Acc: 0.9475, Test Acc: 0.9466
🌸 New best epoch! 🌸

Epoch 172, Train Loss: 0.0681, Val Loss: 0.1930, Test Loss: 0.1758, Val Acc: 0.9447, Test Acc: 0.9460

Epoch 173, Train Loss: 0.0652, Val Loss: 0.1930, Test Loss: 0.1762, Val Acc: 0.9458, Test Acc: 0.9461

Epoch 174, Train Loss: 0.0677, Val Loss: 0.2011, Test Loss: 0.1798, Val Acc: 0.9436, Test Acc: 0.9477

Epoch 175, Train Loss: 0.0676, Val Loss: 0.1969, Test Loss: 0.1789, Val Acc: 0.9442, Test Acc: 0.9461

Epoch 176, Train Loss: 0.0628, Val Loss: 0.1988, Test Loss: 0.1732, Val Acc: 0.9443, Test Acc: 0.9474

Epoch 177, Train Loss: 0.0617, Val Loss: 0.1978, Test Loss: 0.1756, Val Acc: 0.9458, Test Acc: 0.9488

Epoch 178, Train Loss: 0.0621, Val Loss: 0.1957, Test Loss: 0.1760, Val Acc: 0.9449, Test Acc: 0.9454

Epoch 179, Train Loss: 0.0623, Val Loss: 0.1931, Test Loss: 0.1742, Val Acc: 0.9467, Test Acc: 0.9488

Epoch 180, Train Loss: 0.0625, Val Loss: 0.1972, Test Loss: 0.1774, Val Acc: 0.9454, Test Acc: 0.9476

Epoch 181, Train Loss: 0.0612, Val Loss: 0.2003, Test Loss: 0.1836, Val Acc: 0.9441, Test Acc: 0.9478

Epoch 182, Train Loss: 0.0609, Val Loss: 0.1991, Test Loss: 0.1821, Val Acc: 0.9438, Test Acc: 0.9471

Epoch 183, Train Loss: 0.0638, Val Loss: 0.2008, Test Loss: 0.1785, Val Acc: 0.9453, Test Acc: 0.9472

Epoch 184, Train Loss: 0.0592, Val Loss: 0.1933, Test Loss: 0.1753, Val Acc: 0.9459, Test Acc: 0.9471

Epoch 185, Train Loss: 0.0578, Val Loss: 0.1937, Test Loss: 0.1756, Val Acc: 0.9460, Test Acc: 0.9484

Epoch 186, Train Loss: 0.0575, Val Loss: 0.2007, Test Loss: 0.1744, Val Acc: 0.9446, Test Acc: 0.9494

Epoch 187, Train Loss: 0.0548, Val Loss: 0.2009, Test Loss: 0.1769, Val Acc: 0.9427, Test Acc: 0.9477
Time to best model: 228.25 seconds


Result:
{'val': 0.947538137169788, 'test': 0.9466216886595893, 'epoch': 171}
