cuda
0
{0, 1, 2, 3, 4, 5, 6, 7, 8, 9, 10, 11, 12, 13, 14, 15, 16, 17, 18, 19, 20, 21, 22, 23, 24, 25, 26, 27}
[INFO] Register count_linear() for <class 'torch.nn.modules.linear.Linear'>.
[INFO] Register zero_ops() for <class 'torch.nn.modules.dropout.Dropout'>.
[INFO] Register count_normalization() for <class 'torch.nn.modules.normalization.LayerNorm'>.
[INFO] Register zero_ops() for <class 'torch.nn.modules.container.Sequential'>.
[INFO] Register zero_ops() for <class 'torch.nn.modules.activation.ReLU'>.
FLOPs: 26.970M, Parameters: 896.860K
Test score before training: 0.0372
Device: CUDA
----------------------------------------------------------------------------------------

Epoch 0, Train Loss: 3.1593, Val Loss: 2.8017, Test Loss: 2.8045, Val Acc: 0.2304, Test Acc: 0.2402
🌸 New best epoch! 🌸

Epoch 1, Train Loss: 2.6954, Val Loss: 2.4134, Test Loss: 2.4198, Val Acc: 0.3443, Test Acc: 0.3553
🌸 New best epoch! 🌸

Epoch 2, Train Loss: 2.3662, Val Loss: 2.1408, Test Loss: 2.1476, Val Acc: 0.4196, Test Acc: 0.4191
🌸 New best epoch! 🌸

Epoch 3, Train Loss: 2.1234, Val Loss: 1.9285, Test Loss: 1.9336, Val Acc: 0.4562, Test Acc: 0.4567
🌸 New best epoch! 🌸

Epoch 4, Train Loss: 1.9239, Val Loss: 1.7439, Test Loss: 1.7487, Val Acc: 0.5110, Test Acc: 0.5112
🌸 New best epoch! 🌸

Epoch 5, Train Loss: 1.7583, Val Loss: 1.5942, Test Loss: 1.5983, Val Acc: 0.5426, Test Acc: 0.5431
🌸 New best epoch! 🌸

Epoch 6, Train Loss: 1.6156, Val Loss: 1.4686, Test Loss: 1.4712, Val Acc: 0.5644, Test Acc: 0.5664
🌸 New best epoch! 🌸

Epoch 7, Train Loss: 1.4998, Val Loss: 1.3702, Test Loss: 1.3741, Val Acc: 0.5904, Test Acc: 0.5898
🌸 New best epoch! 🌸

Epoch 8, Train Loss: 1.4032, Val Loss: 1.2769, Test Loss: 1.2782, Val Acc: 0.6087, Test Acc: 0.6104
🌸 New best epoch! 🌸

Epoch 9, Train Loss: 1.3188, Val Loss: 1.2064, Test Loss: 1.2045, Val Acc: 0.6257, Test Acc: 0.6337
🌸 New best epoch! 🌸

Epoch 10, Train Loss: 1.2469, Val Loss: 1.1385, Test Loss: 1.1354, Val Acc: 0.6444, Test Acc: 0.6473
🌸 New best epoch! 🌸

Epoch 11, Train Loss: 1.1855, Val Loss: 1.0864, Test Loss: 1.0835, Val Acc: 0.6530, Test Acc: 0.6585
🌸 New best epoch! 🌸

Epoch 12, Train Loss: 1.1275, Val Loss: 1.0307, Test Loss: 1.0293, Val Acc: 0.6694, Test Acc: 0.6716
🌸 New best epoch! 🌸

Epoch 13, Train Loss: 1.0755, Val Loss: 0.9899, Test Loss: 0.9829, Val Acc: 0.6764, Test Acc: 0.6863
🌸 New best epoch! 🌸

Epoch 14, Train Loss: 1.0261, Val Loss: 0.9518, Test Loss: 0.9412, Val Acc: 0.6887, Test Acc: 0.6984
🌸 New best epoch! 🌸

Epoch 15, Train Loss: 0.9873, Val Loss: 0.9202, Test Loss: 0.9081, Val Acc: 0.6949, Test Acc: 0.7022
🌸 New best epoch! 🌸

Epoch 16, Train Loss: 0.9489, Val Loss: 0.8854, Test Loss: 0.8731, Val Acc: 0.7022, Test Acc: 0.7151
🌸 New best epoch! 🌸

Epoch 17, Train Loss: 0.9145, Val Loss: 0.8488, Test Loss: 0.8382, Val Acc: 0.7155, Test Acc: 0.7227
🌸 New best epoch! 🌸

Epoch 18, Train Loss: 0.8834, Val Loss: 0.8169, Test Loss: 0.8065, Val Acc: 0.7249, Test Acc: 0.7303
🌸 New best epoch! 🌸

Epoch 19, Train Loss: 0.8520, Val Loss: 0.7973, Test Loss: 0.7896, Val Acc: 0.7311, Test Acc: 0.7347
🌸 New best epoch! 🌸

Epoch 20, Train Loss: 0.8212, Val Loss: 0.7800, Test Loss: 0.7713, Val Acc: 0.7342, Test Acc: 0.7397
🌸 New best epoch! 🌸

Epoch 21, Train Loss: 0.7976, Val Loss: 0.7640, Test Loss: 0.7561, Val Acc: 0.7369, Test Acc: 0.7440
🌸 New best epoch! 🌸

Epoch 22, Train Loss: 0.7759, Val Loss: 0.7259, Test Loss: 0.7200, Val Acc: 0.7518, Test Acc: 0.7547
🌸 New best epoch! 🌸

Epoch 23, Train Loss: 0.7472, Val Loss: 0.7021, Test Loss: 0.6994, Val Acc: 0.7565, Test Acc: 0.7620
🌸 New best epoch! 🌸

Epoch 24, Train Loss: 0.7248, Val Loss: 0.6806, Test Loss: 0.6780, Val Acc: 0.7631, Test Acc: 0.7706
🌸 New best epoch! 🌸

Epoch 25, Train Loss: 0.7003, Val Loss: 0.6633, Test Loss: 0.6591, Val Acc: 0.7693, Test Acc: 0.7731
🌸 New best epoch! 🌸

Epoch 26, Train Loss: 0.6801, Val Loss: 0.6477, Test Loss: 0.6477, Val Acc: 0.7750, Test Acc: 0.7789
🌸 New best epoch! 🌸

Epoch 27, Train Loss: 0.6621, Val Loss: 0.6269, Test Loss: 0.6236, Val Acc: 0.7823, Test Acc: 0.7870
🌸 New best epoch! 🌸

Epoch 28, Train Loss: 0.6457, Val Loss: 0.6130, Test Loss: 0.6099, Val Acc: 0.7859, Test Acc: 0.7914
🌸 New best epoch! 🌸

Epoch 29, Train Loss: 0.6221, Val Loss: 0.5994, Test Loss: 0.5970, Val Acc: 0.7904, Test Acc: 0.7945
🌸 New best epoch! 🌸

Epoch 30, Train Loss: 0.6040, Val Loss: 0.5856, Test Loss: 0.5863, Val Acc: 0.7950, Test Acc: 0.7996
🌸 New best epoch! 🌸

Epoch 31, Train Loss: 0.5970, Val Loss: 0.5654, Test Loss: 0.5656, Val Acc: 0.8032, Test Acc: 0.8084
🌸 New best epoch! 🌸

Epoch 32, Train Loss: 0.5735, Val Loss: 0.5550, Test Loss: 0.5554, Val Acc: 0.8043, Test Acc: 0.8089
🌸 New best epoch! 🌸

Epoch 33, Train Loss: 0.5561, Val Loss: 0.5393, Test Loss: 0.5425, Val Acc: 0.8081, Test Acc: 0.8118
🌸 New best epoch! 🌸

Epoch 34, Train Loss: 0.5405, Val Loss: 0.5263, Test Loss: 0.5276, Val Acc: 0.8156, Test Acc: 0.8179
🌸 New best epoch! 🌸

Epoch 35, Train Loss: 0.5285, Val Loss: 0.5122, Test Loss: 0.5177, Val Acc: 0.8225, Test Acc: 0.8252
🌸 New best epoch! 🌸

Epoch 36, Train Loss: 0.5102, Val Loss: 0.5009, Test Loss: 0.5053, Val Acc: 0.8262, Test Acc: 0.8260
🌸 New best epoch! 🌸

Epoch 37, Train Loss: 0.4993, Val Loss: 0.4931, Test Loss: 0.4988, Val Acc: 0.8256, Test Acc: 0.8287

Epoch 38, Train Loss: 0.4873, Val Loss: 0.4872, Test Loss: 0.4830, Val Acc: 0.8277, Test Acc: 0.8337
🌸 New best epoch! 🌸

Epoch 39, Train Loss: 0.4772, Val Loss: 0.4723, Test Loss: 0.4715, Val Acc: 0.8343, Test Acc: 0.8404
🌸 New best epoch! 🌸

Epoch 40, Train Loss: 0.4601, Val Loss: 0.4594, Test Loss: 0.4613, Val Acc: 0.8432, Test Acc: 0.8397
🌸 New best epoch! 🌸

Epoch 41, Train Loss: 0.4469, Val Loss: 0.4578, Test Loss: 0.4531, Val Acc: 0.8436, Test Acc: 0.8427
🌸 New best epoch! 🌸

Epoch 42, Train Loss: 0.4371, Val Loss: 0.4524, Test Loss: 0.4566, Val Acc: 0.8419, Test Acc: 0.8424

Epoch 43, Train Loss: 0.4256, Val Loss: 0.4371, Test Loss: 0.4349, Val Acc: 0.8484, Test Acc: 0.8475
🌸 New best epoch! 🌸

Epoch 44, Train Loss: 0.4149, Val Loss: 0.4306, Test Loss: 0.4248, Val Acc: 0.8493, Test Acc: 0.8535
🌸 New best epoch! 🌸

Epoch 45, Train Loss: 0.4044, Val Loss: 0.4208, Test Loss: 0.4170, Val Acc: 0.8560, Test Acc: 0.8561
🌸 New best epoch! 🌸

Epoch 46, Train Loss: 0.3939, Val Loss: 0.4178, Test Loss: 0.4138, Val Acc: 0.8551, Test Acc: 0.8562

Epoch 47, Train Loss: 0.3902, Val Loss: 0.4086, Test Loss: 0.4032, Val Acc: 0.8589, Test Acc: 0.8603
🌸 New best epoch! 🌸

Epoch 48, Train Loss: 0.3702, Val Loss: 0.3992, Test Loss: 0.3911, Val Acc: 0.8616, Test Acc: 0.8645
🌸 New best epoch! 🌸

Epoch 49, Train Loss: 0.3613, Val Loss: 0.3972, Test Loss: 0.3901, Val Acc: 0.8611, Test Acc: 0.8629

Epoch 50, Train Loss: 0.3507, Val Loss: 0.3888, Test Loss: 0.3802, Val Acc: 0.8649, Test Acc: 0.8695
🌸 New best epoch! 🌸

Epoch 51, Train Loss: 0.3469, Val Loss: 0.3737, Test Loss: 0.3704, Val Acc: 0.8734, Test Acc: 0.8752
🌸 New best epoch! 🌸

Epoch 52, Train Loss: 0.3372, Val Loss: 0.3699, Test Loss: 0.3609, Val Acc: 0.8744, Test Acc: 0.8769
🌸 New best epoch! 🌸

Epoch 53, Train Loss: 0.3309, Val Loss: 0.3720, Test Loss: 0.3594, Val Acc: 0.8732, Test Acc: 0.8765

Epoch 54, Train Loss: 0.3186, Val Loss: 0.3681, Test Loss: 0.3575, Val Acc: 0.8724, Test Acc: 0.8764

Epoch 55, Train Loss: 0.3171, Val Loss: 0.3544, Test Loss: 0.3446, Val Acc: 0.8788, Test Acc: 0.8825
🌸 New best epoch! 🌸

Epoch 56, Train Loss: 0.3098, Val Loss: 0.3476, Test Loss: 0.3393, Val Acc: 0.8803, Test Acc: 0.8834
🌸 New best epoch! 🌸

Epoch 57, Train Loss: 0.3052, Val Loss: 0.3533, Test Loss: 0.3459, Val Acc: 0.8802, Test Acc: 0.8814

Epoch 58, Train Loss: 0.2920, Val Loss: 0.3338, Test Loss: 0.3271, Val Acc: 0.8883, Test Acc: 0.8885
🌸 New best epoch! 🌸

Epoch 59, Train Loss: 0.2845, Val Loss: 0.3406, Test Loss: 0.3265, Val Acc: 0.8827, Test Acc: 0.8869

Epoch 60, Train Loss: 0.2828, Val Loss: 0.3309, Test Loss: 0.3257, Val Acc: 0.8843, Test Acc: 0.8876

Epoch 61, Train Loss: 0.2753, Val Loss: 0.3323, Test Loss: 0.3223, Val Acc: 0.8845, Test Acc: 0.8880

Epoch 62, Train Loss: 0.2740, Val Loss: 0.3288, Test Loss: 0.3150, Val Acc: 0.8894, Test Acc: 0.8933
🌸 New best epoch! 🌸

Epoch 63, Train Loss: 0.2646, Val Loss: 0.3208, Test Loss: 0.3140, Val Acc: 0.8868, Test Acc: 0.8936

Epoch 64, Train Loss: 0.2597, Val Loss: 0.3169, Test Loss: 0.3064, Val Acc: 0.8930, Test Acc: 0.8962
🌸 New best epoch! 🌸

Epoch 65, Train Loss: 0.2520, Val Loss: 0.3189, Test Loss: 0.3081, Val Acc: 0.8884, Test Acc: 0.8973

Epoch 66, Train Loss: 0.2509, Val Loss: 0.3129, Test Loss: 0.2967, Val Acc: 0.8947, Test Acc: 0.9009
🌸 New best epoch! 🌸

Epoch 67, Train Loss: 0.2418, Val Loss: 0.3106, Test Loss: 0.2934, Val Acc: 0.8933, Test Acc: 0.9022

Epoch 68, Train Loss: 0.2368, Val Loss: 0.3094, Test Loss: 0.2951, Val Acc: 0.8941, Test Acc: 0.8985

Epoch 69, Train Loss: 0.2309, Val Loss: 0.2983, Test Loss: 0.2899, Val Acc: 0.8969, Test Acc: 0.9013
🌸 New best epoch! 🌸

Epoch 70, Train Loss: 0.2328, Val Loss: 0.3075, Test Loss: 0.2975, Val Acc: 0.8947, Test Acc: 0.9006

Epoch 71, Train Loss: 0.2264, Val Loss: 0.2955, Test Loss: 0.2845, Val Acc: 0.8978, Test Acc: 0.9067
🌸 New best epoch! 🌸

Epoch 72, Train Loss: 0.2139, Val Loss: 0.3034, Test Loss: 0.2930, Val Acc: 0.9000, Test Acc: 0.9014
🌸 New best epoch! 🌸

Epoch 73, Train Loss: 0.2153, Val Loss: 0.2912, Test Loss: 0.2790, Val Acc: 0.9010, Test Acc: 0.9048
🌸 New best epoch! 🌸

Epoch 74, Train Loss: 0.2101, Val Loss: 0.2830, Test Loss: 0.2735, Val Acc: 0.9033, Test Acc: 0.9084
🌸 New best epoch! 🌸

Epoch 75, Train Loss: 0.2046, Val Loss: 0.2897, Test Loss: 0.2779, Val Acc: 0.9018, Test Acc: 0.9062

Epoch 76, Train Loss: 0.1961, Val Loss: 0.2855, Test Loss: 0.2717, Val Acc: 0.9049, Test Acc: 0.9095
🌸 New best epoch! 🌸

Epoch 77, Train Loss: 0.1965, Val Loss: 0.2838, Test Loss: 0.2751, Val Acc: 0.9008, Test Acc: 0.9055

Epoch 78, Train Loss: 0.1916, Val Loss: 0.2796, Test Loss: 0.2644, Val Acc: 0.9082, Test Acc: 0.9093
🌸 New best epoch! 🌸

Epoch 79, Train Loss: 0.1910, Val Loss: 0.2701, Test Loss: 0.2609, Val Acc: 0.9131, Test Acc: 0.9114
🌸 New best epoch! 🌸

Epoch 80, Train Loss: 0.1871, Val Loss: 0.2739, Test Loss: 0.2654, Val Acc: 0.9088, Test Acc: 0.9115

Epoch 81, Train Loss: 0.1845, Val Loss: 0.2804, Test Loss: 0.2764, Val Acc: 0.9051, Test Acc: 0.9082

Epoch 82, Train Loss: 0.1817, Val Loss: 0.2795, Test Loss: 0.2640, Val Acc: 0.9051, Test Acc: 0.9113

Epoch 83, Train Loss: 0.1796, Val Loss: 0.2809, Test Loss: 0.2722, Val Acc: 0.9079, Test Acc: 0.9081

Epoch 84, Train Loss: 0.1744, Val Loss: 0.2709, Test Loss: 0.2572, Val Acc: 0.9096, Test Acc: 0.9149

Epoch 85, Train Loss: 0.1671, Val Loss: 0.2725, Test Loss: 0.2602, Val Acc: 0.9087, Test Acc: 0.9144

Epoch 86, Train Loss: 0.1646, Val Loss: 0.2682, Test Loss: 0.2558, Val Acc: 0.9112, Test Acc: 0.9154

Epoch 87, Train Loss: 0.1606, Val Loss: 0.2614, Test Loss: 0.2515, Val Acc: 0.9139, Test Acc: 0.9167
🌸 New best epoch! 🌸

Epoch 88, Train Loss: 0.1587, Val Loss: 0.2626, Test Loss: 0.2501, Val Acc: 0.9132, Test Acc: 0.9190

Epoch 89, Train Loss: 0.1536, Val Loss: 0.2621, Test Loss: 0.2522, Val Acc: 0.9126, Test Acc: 0.9165

Epoch 90, Train Loss: 0.1556, Val Loss: 0.2611, Test Loss: 0.2521, Val Acc: 0.9139, Test Acc: 0.9175

Epoch 91, Train Loss: 0.1549, Val Loss: 0.2619, Test Loss: 0.2493, Val Acc: 0.9145, Test Acc: 0.9171
🌸 New best epoch! 🌸

Epoch 92, Train Loss: 0.1520, Val Loss: 0.2615, Test Loss: 0.2537, Val Acc: 0.9145, Test Acc: 0.9147

Epoch 93, Train Loss: 0.1473, Val Loss: 0.2524, Test Loss: 0.2479, Val Acc: 0.9168, Test Acc: 0.9195
🌸 New best epoch! 🌸

Epoch 94, Train Loss: 0.1361, Val Loss: 0.2574, Test Loss: 0.2474, Val Acc: 0.9160, Test Acc: 0.9170

Epoch 95, Train Loss: 0.1420, Val Loss: 0.2529, Test Loss: 0.2389, Val Acc: 0.9157, Test Acc: 0.9220

Epoch 96, Train Loss: 0.1387, Val Loss: 0.2513, Test Loss: 0.2445, Val Acc: 0.9148, Test Acc: 0.9196

Epoch 97, Train Loss: 0.1352, Val Loss: 0.2510, Test Loss: 0.2484, Val Acc: 0.9191, Test Acc: 0.9190
🌸 New best epoch! 🌸

Epoch 98, Train Loss: 0.1323, Val Loss: 0.2536, Test Loss: 0.2390, Val Acc: 0.9178, Test Acc: 0.9233

Epoch 99, Train Loss: 0.1316, Val Loss: 0.2501, Test Loss: 0.2429, Val Acc: 0.9179, Test Acc: 0.9204

Epoch 100, Train Loss: 0.1333, Val Loss: 0.2534, Test Loss: 0.2424, Val Acc: 0.9162, Test Acc: 0.9214

Epoch 101, Train Loss: 0.1251, Val Loss: 0.2513, Test Loss: 0.2371, Val Acc: 0.9195, Test Acc: 0.9225
🌸 New best epoch! 🌸

Epoch 102, Train Loss: 0.1208, Val Loss: 0.2511, Test Loss: 0.2407, Val Acc: 0.9162, Test Acc: 0.9228

Epoch 103, Train Loss: 0.1197, Val Loss: 0.2479, Test Loss: 0.2403, Val Acc: 0.9190, Test Acc: 0.9227

Epoch 104, Train Loss: 0.1161, Val Loss: 0.2460, Test Loss: 0.2379, Val Acc: 0.9196, Test Acc: 0.9222
🌸 New best epoch! 🌸

Epoch 105, Train Loss: 0.1130, Val Loss: 0.2435, Test Loss: 0.2329, Val Acc: 0.9181, Test Acc: 0.9249

Epoch 106, Train Loss: 0.1155, Val Loss: 0.2428, Test Loss: 0.2354, Val Acc: 0.9196, Test Acc: 0.9229

Epoch 107, Train Loss: 0.1161, Val Loss: 0.2539, Test Loss: 0.2396, Val Acc: 0.9181, Test Acc: 0.9239

Epoch 108, Train Loss: 0.1099, Val Loss: 0.2484, Test Loss: 0.2400, Val Acc: 0.9175, Test Acc: 0.9249

Epoch 109, Train Loss: 0.1091, Val Loss: 0.2395, Test Loss: 0.2387, Val Acc: 0.9210, Test Acc: 0.9250
🌸 New best epoch! 🌸

Epoch 110, Train Loss: 0.1088, Val Loss: 0.2376, Test Loss: 0.2361, Val Acc: 0.9222, Test Acc: 0.9250
🌸 New best epoch! 🌸

Epoch 111, Train Loss: 0.1059, Val Loss: 0.2441, Test Loss: 0.2387, Val Acc: 0.9224, Test Acc: 0.9250
🌸 New best epoch! 🌸

Epoch 112, Train Loss: 0.1057, Val Loss: 0.2486, Test Loss: 0.2400, Val Acc: 0.9217, Test Acc: 0.9241

Epoch 113, Train Loss: 0.1003, Val Loss: 0.2449, Test Loss: 0.2366, Val Acc: 0.9209, Test Acc: 0.9266

Epoch 114, Train Loss: 0.0989, Val Loss: 0.2420, Test Loss: 0.2372, Val Acc: 0.9224, Test Acc: 0.9261

Epoch 115, Train Loss: 0.0971, Val Loss: 0.2397, Test Loss: 0.2343, Val Acc: 0.9219, Test Acc: 0.9260

Epoch 116, Train Loss: 0.0993, Val Loss: 0.2420, Test Loss: 0.2346, Val Acc: 0.9199, Test Acc: 0.9273

Epoch 117, Train Loss: 0.0963, Val Loss: 0.2428, Test Loss: 0.2327, Val Acc: 0.9232, Test Acc: 0.9278
🌸 New best epoch! 🌸

Epoch 118, Train Loss: 0.0928, Val Loss: 0.2354, Test Loss: 0.2347, Val Acc: 0.9230, Test Acc: 0.9274

Epoch 119, Train Loss: 0.0897, Val Loss: 0.2408, Test Loss: 0.2354, Val Acc: 0.9242, Test Acc: 0.9285
🌸 New best epoch! 🌸

Epoch 120, Train Loss: 0.0928, Val Loss: 0.2426, Test Loss: 0.2330, Val Acc: 0.9222, Test Acc: 0.9262

Epoch 121, Train Loss: 0.0911, Val Loss: 0.2361, Test Loss: 0.2298, Val Acc: 0.9258, Test Acc: 0.9294
🌸 New best epoch! 🌸

Epoch 122, Train Loss: 0.0870, Val Loss: 0.2417, Test Loss: 0.2327, Val Acc: 0.9235, Test Acc: 0.9276

Epoch 123, Train Loss: 0.0895, Val Loss: 0.2458, Test Loss: 0.2381, Val Acc: 0.9240, Test Acc: 0.9268

Epoch 124, Train Loss: 0.0830, Val Loss: 0.2407, Test Loss: 0.2308, Val Acc: 0.9224, Test Acc: 0.9307

Epoch 125, Train Loss: 0.0804, Val Loss: 0.2351, Test Loss: 0.2273, Val Acc: 0.9279, Test Acc: 0.9286
🌸 New best epoch! 🌸

Epoch 126, Train Loss: 0.0805, Val Loss: 0.2379, Test Loss: 0.2280, Val Acc: 0.9256, Test Acc: 0.9303

Epoch 127, Train Loss: 0.0837, Val Loss: 0.2450, Test Loss: 0.2394, Val Acc: 0.9230, Test Acc: 0.9260

Epoch 128, Train Loss: 0.0785, Val Loss: 0.2368, Test Loss: 0.2322, Val Acc: 0.9267, Test Acc: 0.9288

Epoch 129, Train Loss: 0.0789, Val Loss: 0.2324, Test Loss: 0.2282, Val Acc: 0.9274, Test Acc: 0.9283

Epoch 130, Train Loss: 0.0784, Val Loss: 0.2399, Test Loss: 0.2348, Val Acc: 0.9241, Test Acc: 0.9302

Epoch 131, Train Loss: 0.0780, Val Loss: 0.2512, Test Loss: 0.2434, Val Acc: 0.9206, Test Acc: 0.9260

Epoch 132, Train Loss: 0.0778, Val Loss: 0.2327, Test Loss: 0.2311, Val Acc: 0.9251, Test Acc: 0.9308

Epoch 133, Train Loss: 0.0729, Val Loss: 0.2372, Test Loss: 0.2336, Val Acc: 0.9252, Test Acc: 0.9310

Epoch 134, Train Loss: 0.0740, Val Loss: 0.2356, Test Loss: 0.2287, Val Acc: 0.9243, Test Acc: 0.9304

Epoch 135, Train Loss: 0.0737, Val Loss: 0.2345, Test Loss: 0.2281, Val Acc: 0.9268, Test Acc: 0.9307

Epoch 136, Train Loss: 0.0712, Val Loss: 0.2304, Test Loss: 0.2283, Val Acc: 0.9266, Test Acc: 0.9323

Epoch 137, Train Loss: 0.0714, Val Loss: 0.2430, Test Loss: 0.2347, Val Acc: 0.9240, Test Acc: 0.9324

Epoch 138, Train Loss: 0.0743, Val Loss: 0.2354, Test Loss: 0.2296, Val Acc: 0.9268, Test Acc: 0.9327

Epoch 139, Train Loss: 0.0686, Val Loss: 0.2294, Test Loss: 0.2274, Val Acc: 0.9293, Test Acc: 0.9315
🌸 New best epoch! 🌸

Epoch 140, Train Loss: 0.0673, Val Loss: 0.2394, Test Loss: 0.2358, Val Acc: 0.9276, Test Acc: 0.9283

Epoch 141, Train Loss: 0.0673, Val Loss: 0.2398, Test Loss: 0.2324, Val Acc: 0.9261, Test Acc: 0.9307

Epoch 142, Train Loss: 0.0666, Val Loss: 0.2271, Test Loss: 0.2235, Val Acc: 0.9298, Test Acc: 0.9355
🌸 New best epoch! 🌸

Epoch 143, Train Loss: 0.0652, Val Loss: 0.2303, Test Loss: 0.2281, Val Acc: 0.9308, Test Acc: 0.9318
🌸 New best epoch! 🌸

Epoch 144, Train Loss: 0.0624, Val Loss: 0.2297, Test Loss: 0.2244, Val Acc: 0.9286, Test Acc: 0.9340

Epoch 145, Train Loss: 0.0615, Val Loss: 0.2311, Test Loss: 0.2244, Val Acc: 0.9282, Test Acc: 0.9351

Epoch 146, Train Loss: 0.0571, Val Loss: 0.2320, Test Loss: 0.2261, Val Acc: 0.9293, Test Acc: 0.9335

Epoch 147, Train Loss: 0.0559, Val Loss: 0.2328, Test Loss: 0.2259, Val Acc: 0.9273, Test Acc: 0.9355

Epoch 148, Train Loss: 0.0606, Val Loss: 0.2356, Test Loss: 0.2405, Val Acc: 0.9281, Test Acc: 0.9294

Epoch 149, Train Loss: 0.0634, Val Loss: 0.2283, Test Loss: 0.2209, Val Acc: 0.9294, Test Acc: 0.9341

Epoch 150, Train Loss: 0.0576, Val Loss: 0.2391, Test Loss: 0.2396, Val Acc: 0.9265, Test Acc: 0.9308

Epoch 151, Train Loss: 0.0556, Val Loss: 0.2363, Test Loss: 0.2294, Val Acc: 0.9291, Test Acc: 0.9329

Epoch 152, Train Loss: 0.0538, Val Loss: 0.2395, Test Loss: 0.2308, Val Acc: 0.9262, Test Acc: 0.9337

Epoch 153, Train Loss: 0.0535, Val Loss: 0.2292, Test Loss: 0.2262, Val Acc: 0.9314, Test Acc: 0.9349
🌸 New best epoch! 🌸

Epoch 154, Train Loss: 0.0550, Val Loss: 0.2427, Test Loss: 0.2386, Val Acc: 0.9277, Test Acc: 0.9308

Epoch 155, Train Loss: 0.0555, Val Loss: 0.2336, Test Loss: 0.2286, Val Acc: 0.9291, Test Acc: 0.9355

Epoch 156, Train Loss: 0.0528, Val Loss: 0.2376, Test Loss: 0.2348, Val Acc: 0.9291, Test Acc: 0.9330

Epoch 157, Train Loss: 0.0493, Val Loss: 0.2313, Test Loss: 0.2283, Val Acc: 0.9298, Test Acc: 0.9347

Epoch 158, Train Loss: 0.0525, Val Loss: 0.2369, Test Loss: 0.2337, Val Acc: 0.9268, Test Acc: 0.9330

Epoch 159, Train Loss: 0.0498, Val Loss: 0.2323, Test Loss: 0.2334, Val Acc: 0.9307, Test Acc: 0.9337

Epoch 160, Train Loss: 0.0513, Val Loss: 0.2425, Test Loss: 0.2344, Val Acc: 0.9302, Test Acc: 0.9335

Epoch 161, Train Loss: 0.0486, Val Loss: 0.2341, Test Loss: 0.2266, Val Acc: 0.9301, Test Acc: 0.9351

Epoch 162, Train Loss: 0.0486, Val Loss: 0.2427, Test Loss: 0.2318, Val Acc: 0.9291, Test Acc: 0.9348

Epoch 163, Train Loss: 0.0484, Val Loss: 0.2311, Test Loss: 0.2245, Val Acc: 0.9305, Test Acc: 0.9351

Epoch 164, Train Loss: 0.0465, Val Loss: 0.2384, Test Loss: 0.2394, Val Acc: 0.9298, Test Acc: 0.9326

Epoch 165, Train Loss: 0.0482, Val Loss: 0.2385, Test Loss: 0.2332, Val Acc: 0.9284, Test Acc: 0.9330

Epoch 166, Train Loss: 0.0470, Val Loss: 0.2375, Test Loss: 0.2317, Val Acc: 0.9318, Test Acc: 0.9336
🌸 New best epoch! 🌸

Epoch 167, Train Loss: 0.0475, Val Loss: 0.2427, Test Loss: 0.2324, Val Acc: 0.9297, Test Acc: 0.9334

Epoch 168, Train Loss: 0.0469, Val Loss: 0.2319, Test Loss: 0.2311, Val Acc: 0.9318, Test Acc: 0.9344

Epoch 169, Train Loss: 0.0443, Val Loss: 0.2326, Test Loss: 0.2294, Val Acc: 0.9317, Test Acc: 0.9343

Epoch 170, Train Loss: 0.0465, Val Loss: 0.2382, Test Loss: 0.2355, Val Acc: 0.9305, Test Acc: 0.9360

Epoch 171, Train Loss: 0.0464, Val Loss: 0.2362, Test Loss: 0.2273, Val Acc: 0.9324, Test Acc: 0.9372
🌸 New best epoch! 🌸

Epoch 172, Train Loss: 0.0456, Val Loss: 0.2311, Test Loss: 0.2346, Val Acc: 0.9314, Test Acc: 0.9349

Epoch 173, Train Loss: 0.0440, Val Loss: 0.2272, Test Loss: 0.2254, Val Acc: 0.9338, Test Acc: 0.9381
🌸 New best epoch! 🌸

Epoch 174, Train Loss: 0.0424, Val Loss: 0.2376, Test Loss: 0.2318, Val Acc: 0.9312, Test Acc: 0.9360

Epoch 175, Train Loss: 0.0413, Val Loss: 0.2454, Test Loss: 0.2312, Val Acc: 0.9263, Test Acc: 0.9386

Epoch 176, Train Loss: 0.0421, Val Loss: 0.2414, Test Loss: 0.2356, Val Acc: 0.9305, Test Acc: 0.9339

Epoch 177, Train Loss: 0.0399, Val Loss: 0.2367, Test Loss: 0.2328, Val Acc: 0.9338, Test Acc: 0.9371

Epoch 178, Train Loss: 0.0433, Val Loss: 0.2524, Test Loss: 0.2462, Val Acc: 0.9292, Test Acc: 0.9323

Epoch 179, Train Loss: 0.0428, Val Loss: 0.2304, Test Loss: 0.2284, Val Acc: 0.9334, Test Acc: 0.9370

Epoch 180, Train Loss: 0.0408, Val Loss: 0.2429, Test Loss: 0.2392, Val Acc: 0.9297, Test Acc: 0.9331

Epoch 181, Train Loss: 0.0416, Val Loss: 0.2424, Test Loss: 0.2345, Val Acc: 0.9313, Test Acc: 0.9353

Epoch 182, Train Loss: 0.0391, Val Loss: 0.2365, Test Loss: 0.2395, Val Acc: 0.9319, Test Acc: 0.9340

Epoch 183, Train Loss: 0.0381, Val Loss: 0.2389, Test Loss: 0.2335, Val Acc: 0.9313, Test Acc: 0.9365

Epoch 184, Train Loss: 0.0375, Val Loss: 0.2437, Test Loss: 0.2405, Val Acc: 0.9312, Test Acc: 0.9354

Epoch 185, Train Loss: 0.0361, Val Loss: 0.2302, Test Loss: 0.2335, Val Acc: 0.9330, Test Acc: 0.9357

Epoch 186, Train Loss: 0.0363, Val Loss: 0.2336, Test Loss: 0.2397, Val Acc: 0.9307, Test Acc: 0.9350

Epoch 187, Train Loss: 0.0335, Val Loss: 0.2385, Test Loss: 0.2297, Val Acc: 0.9296, Test Acc: 0.9358

Epoch 188, Train Loss: 0.0348, Val Loss: 0.2370, Test Loss: 0.2320, Val Acc: 0.9312, Test Acc: 0.9383

Epoch 189, Train Loss: 0.0359, Val Loss: 0.2402, Test Loss: 0.2370, Val Acc: 0.9310, Test Acc: 0.9381
Time to best model: 401.39 seconds


Result:
{'val': 0.9337715490512216, 'test': 0.9380890961404901, 'epoch': 173}
