cuda
0
{0, 1, 2, 3, 4, 5, 6, 7, 8, 9, 10, 11, 12, 13, 14, 15, 16, 17, 18, 19, 20, 21, 22, 23, 24, 25, 26, 27}
[INFO] Register count_linear() for <class 'torch.nn.modules.linear.Linear'>.
[INFO] Register zero_ops() for <class 'torch.nn.modules.dropout.Dropout'>.
[INFO] Register count_normalization() for <class 'torch.nn.modules.normalization.LayerNorm'>.
[INFO] Register zero_ops() for <class 'torch.nn.modules.container.Sequential'>.
[INFO] Register zero_ops() for <class 'torch.nn.modules.activation.ReLU'>.
FLOPs: 26.970M, Parameters: 896.860K
Test score before training: 0.0353
Device: CUDA
----------------------------------------------------------------------------------------

Epoch 0, Train Loss: 2.0493, Val Loss: 1.3171, Test Loss: 1.3239, Val Acc: 0.5655, Test Acc: 0.5608
🌸 New best epoch! 🌸

Epoch 1, Train Loss: 1.2101, Val Loss: 0.9934, Test Loss: 0.9977, Val Acc: 0.6359, Test Acc: 0.6410
🌸 New best epoch! 🌸

Epoch 2, Train Loss: 0.9578, Val Loss: 0.8132, Test Loss: 0.8156, Val Acc: 0.6997, Test Acc: 0.7035
🌸 New best epoch! 🌸

Epoch 3, Train Loss: 0.8215, Val Loss: 0.7181, Test Loss: 0.7227, Val Acc: 0.7399, Test Acc: 0.7386
🌸 New best epoch! 🌸

Epoch 4, Train Loss: 0.7148, Val Loss: 0.6605, Test Loss: 0.6579, Val Acc: 0.7553, Test Acc: 0.7620
🌸 New best epoch! 🌸

Epoch 5, Train Loss: 0.6423, Val Loss: 0.5641, Test Loss: 0.5577, Val Acc: 0.7957, Test Acc: 0.7986
🌸 New best epoch! 🌸

Epoch 6, Train Loss: 0.5800, Val Loss: 0.5043, Test Loss: 0.5085, Val Acc: 0.8163, Test Acc: 0.8137
🌸 New best epoch! 🌸

Epoch 7, Train Loss: 0.5194, Val Loss: 0.4941, Test Loss: 0.4865, Val Acc: 0.8217, Test Acc: 0.8265
🌸 New best epoch! 🌸

Epoch 8, Train Loss: 0.4800, Val Loss: 0.4494, Test Loss: 0.4591, Val Acc: 0.8374, Test Acc: 0.8310
🌸 New best epoch! 🌸

Epoch 9, Train Loss: 0.4405, Val Loss: 0.4244, Test Loss: 0.4205, Val Acc: 0.8481, Test Acc: 0.8484
🌸 New best epoch! 🌸

Epoch 10, Train Loss: 0.4040, Val Loss: 0.3833, Test Loss: 0.3882, Val Acc: 0.8610, Test Acc: 0.8600
🌸 New best epoch! 🌸

Epoch 11, Train Loss: 0.3752, Val Loss: 0.3660, Test Loss: 0.3586, Val Acc: 0.8716, Test Acc: 0.8709
🌸 New best epoch! 🌸

Epoch 12, Train Loss: 0.3403, Val Loss: 0.3601, Test Loss: 0.3561, Val Acc: 0.8705, Test Acc: 0.8723

Epoch 13, Train Loss: 0.3253, Val Loss: 0.3381, Test Loss: 0.3232, Val Acc: 0.8821, Test Acc: 0.8902
🌸 New best epoch! 🌸

Epoch 14, Train Loss: 0.2985, Val Loss: 0.3147, Test Loss: 0.3104, Val Acc: 0.8883, Test Acc: 0.8903
🌸 New best epoch! 🌸

Epoch 15, Train Loss: 0.2805, Val Loss: 0.3156, Test Loss: 0.2972, Val Acc: 0.8901, Test Acc: 0.8943
🌸 New best epoch! 🌸

Epoch 16, Train Loss: 0.2618, Val Loss: 0.3021, Test Loss: 0.2872, Val Acc: 0.8937, Test Acc: 0.8998
🌸 New best epoch! 🌸

Epoch 17, Train Loss: 0.2434, Val Loss: 0.2935, Test Loss: 0.2853, Val Acc: 0.8990, Test Acc: 0.9002
🌸 New best epoch! 🌸

Epoch 18, Train Loss: 0.2368, Val Loss: 0.2892, Test Loss: 0.2843, Val Acc: 0.9019, Test Acc: 0.9016
🌸 New best epoch! 🌸

Epoch 19, Train Loss: 0.2194, Val Loss: 0.2620, Test Loss: 0.2456, Val Acc: 0.9127, Test Acc: 0.9146
🌸 New best epoch! 🌸

Epoch 20, Train Loss: 0.2063, Val Loss: 0.2650, Test Loss: 0.2449, Val Acc: 0.9116, Test Acc: 0.9165

Epoch 21, Train Loss: 0.1986, Val Loss: 0.2786, Test Loss: 0.2612, Val Acc: 0.9066, Test Acc: 0.9098

Epoch 22, Train Loss: 0.1852, Val Loss: 0.2900, Test Loss: 0.2668, Val Acc: 0.9061, Test Acc: 0.9110

Epoch 23, Train Loss: 0.1765, Val Loss: 0.2641, Test Loss: 0.2423, Val Acc: 0.9145, Test Acc: 0.9169
🌸 New best epoch! 🌸

Epoch 24, Train Loss: 0.1716, Val Loss: 0.2692, Test Loss: 0.2516, Val Acc: 0.9087, Test Acc: 0.9147

Epoch 25, Train Loss: 0.1578, Val Loss: 0.2519, Test Loss: 0.2398, Val Acc: 0.9159, Test Acc: 0.9196
🌸 New best epoch! 🌸

Epoch 26, Train Loss: 0.1497, Val Loss: 0.2366, Test Loss: 0.2226, Val Acc: 0.9211, Test Acc: 0.9259
🌸 New best epoch! 🌸

Epoch 27, Train Loss: 0.1472, Val Loss: 0.2527, Test Loss: 0.2423, Val Acc: 0.9205, Test Acc: 0.9179

Epoch 28, Train Loss: 0.1402, Val Loss: 0.2560, Test Loss: 0.2361, Val Acc: 0.9168, Test Acc: 0.9239

Epoch 29, Train Loss: 0.1347, Val Loss: 0.2444, Test Loss: 0.2295, Val Acc: 0.9229, Test Acc: 0.9251
🌸 New best epoch! 🌸

Epoch 30, Train Loss: 0.1281, Val Loss: 0.2362, Test Loss: 0.2229, Val Acc: 0.9276, Test Acc: 0.9287
🌸 New best epoch! 🌸

Epoch 31, Train Loss: 0.1206, Val Loss: 0.2622, Test Loss: 0.2435, Val Acc: 0.9163, Test Acc: 0.9199

Epoch 32, Train Loss: 0.1243, Val Loss: 0.2361, Test Loss: 0.2190, Val Acc: 0.9281, Test Acc: 0.9278
🌸 New best epoch! 🌸

Epoch 33, Train Loss: 0.1172, Val Loss: 0.2304, Test Loss: 0.2196, Val Acc: 0.9279, Test Acc: 0.9287

Epoch 34, Train Loss: 0.1047, Val Loss: 0.2358, Test Loss: 0.2166, Val Acc: 0.9246, Test Acc: 0.9302

Epoch 35, Train Loss: 0.1048, Val Loss: 0.2376, Test Loss: 0.2224, Val Acc: 0.9294, Test Acc: 0.9311
🌸 New best epoch! 🌸

Epoch 36, Train Loss: 0.1022, Val Loss: 0.2449, Test Loss: 0.2306, Val Acc: 0.9230, Test Acc: 0.9287

Epoch 37, Train Loss: 0.0989, Val Loss: 0.2503, Test Loss: 0.2320, Val Acc: 0.9235, Test Acc: 0.9261

Epoch 38, Train Loss: 0.0986, Val Loss: 0.2304, Test Loss: 0.2153, Val Acc: 0.9298, Test Acc: 0.9338
🌸 New best epoch! 🌸

Epoch 39, Train Loss: 0.0931, Val Loss: 0.2465, Test Loss: 0.2307, Val Acc: 0.9232, Test Acc: 0.9288

Epoch 40, Train Loss: 0.0895, Val Loss: 0.2308, Test Loss: 0.2220, Val Acc: 0.9305, Test Acc: 0.9311
🌸 New best epoch! 🌸

Epoch 41, Train Loss: 0.0832, Val Loss: 0.2204, Test Loss: 0.2103, Val Acc: 0.9354, Test Acc: 0.9345
🌸 New best epoch! 🌸

Epoch 42, Train Loss: 0.0873, Val Loss: 0.2289, Test Loss: 0.2038, Val Acc: 0.9308, Test Acc: 0.9364

Epoch 43, Train Loss: 0.0816, Val Loss: 0.2340, Test Loss: 0.2147, Val Acc: 0.9312, Test Acc: 0.9338

Epoch 44, Train Loss: 0.0736, Val Loss: 0.2319, Test Loss: 0.2175, Val Acc: 0.9325, Test Acc: 0.9357

Epoch 45, Train Loss: 0.0775, Val Loss: 0.2325, Test Loss: 0.2105, Val Acc: 0.9304, Test Acc: 0.9369

Epoch 46, Train Loss: 0.0788, Val Loss: 0.2405, Test Loss: 0.2129, Val Acc: 0.9303, Test Acc: 0.9364

Epoch 47, Train Loss: 0.0771, Val Loss: 0.2459, Test Loss: 0.2231, Val Acc: 0.9298, Test Acc: 0.9336

Epoch 48, Train Loss: 0.0740, Val Loss: 0.2297, Test Loss: 0.2072, Val Acc: 0.9341, Test Acc: 0.9397

Epoch 49, Train Loss: 0.0707, Val Loss: 0.2386, Test Loss: 0.2121, Val Acc: 0.9338, Test Acc: 0.9359

Epoch 50, Train Loss: 0.0686, Val Loss: 0.2260, Test Loss: 0.2011, Val Acc: 0.9356, Test Acc: 0.9393
🌸 New best epoch! 🌸

Epoch 51, Train Loss: 0.0687, Val Loss: 0.2290, Test Loss: 0.2100, Val Acc: 0.9330, Test Acc: 0.9364

Epoch 52, Train Loss: 0.0671, Val Loss: 0.2314, Test Loss: 0.2063, Val Acc: 0.9341, Test Acc: 0.9386

Epoch 53, Train Loss: 0.0611, Val Loss: 0.2261, Test Loss: 0.1897, Val Acc: 0.9359, Test Acc: 0.9435
🌸 New best epoch! 🌸

Epoch 54, Train Loss: 0.0626, Val Loss: 0.2231, Test Loss: 0.2057, Val Acc: 0.9359, Test Acc: 0.9414

Epoch 55, Train Loss: 0.0602, Val Loss: 0.2296, Test Loss: 0.2080, Val Acc: 0.9375, Test Acc: 0.9395
🌸 New best epoch! 🌸

Epoch 56, Train Loss: 0.0602, Val Loss: 0.2346, Test Loss: 0.2037, Val Acc: 0.9364, Test Acc: 0.9413

Epoch 57, Train Loss: 0.0590, Val Loss: 0.2406, Test Loss: 0.2128, Val Acc: 0.9344, Test Acc: 0.9375

Epoch 58, Train Loss: 0.0591, Val Loss: 0.2360, Test Loss: 0.2076, Val Acc: 0.9333, Test Acc: 0.9407

Epoch 59, Train Loss: 0.0589, Val Loss: 0.2256, Test Loss: 0.2026, Val Acc: 0.9407, Test Acc: 0.9435
🌸 New best epoch! 🌸

Epoch 60, Train Loss: 0.0521, Val Loss: 0.2329, Test Loss: 0.2158, Val Acc: 0.9403, Test Acc: 0.9400

Epoch 61, Train Loss: 0.0551, Val Loss: 0.2263, Test Loss: 0.2203, Val Acc: 0.9385, Test Acc: 0.9386

Epoch 62, Train Loss: 0.0509, Val Loss: 0.2480, Test Loss: 0.2320, Val Acc: 0.9323, Test Acc: 0.9343

Epoch 63, Train Loss: 0.0585, Val Loss: 0.2130, Test Loss: 0.2034, Val Acc: 0.9420, Test Acc: 0.9437
🌸 New best epoch! 🌸

Epoch 64, Train Loss: 0.0536, Val Loss: 0.2395, Test Loss: 0.2076, Val Acc: 0.9359, Test Acc: 0.9405

Epoch 65, Train Loss: 0.0547, Val Loss: 0.2381, Test Loss: 0.2198, Val Acc: 0.9367, Test Acc: 0.9366

Epoch 66, Train Loss: 0.0465, Val Loss: 0.2145, Test Loss: 0.2122, Val Acc: 0.9408, Test Acc: 0.9424

Epoch 67, Train Loss: 0.0498, Val Loss: 0.2278, Test Loss: 0.2133, Val Acc: 0.9380, Test Acc: 0.9414

Epoch 68, Train Loss: 0.0521, Val Loss: 0.2155, Test Loss: 0.1888, Val Acc: 0.9420, Test Acc: 0.9468

Epoch 69, Train Loss: 0.0429, Val Loss: 0.2327, Test Loss: 0.2130, Val Acc: 0.9389, Test Acc: 0.9411

Epoch 70, Train Loss: 0.0476, Val Loss: 0.2294, Test Loss: 0.2144, Val Acc: 0.9400, Test Acc: 0.9411

Epoch 71, Train Loss: 0.0466, Val Loss: 0.2428, Test Loss: 0.2349, Val Acc: 0.9377, Test Acc: 0.9384

Epoch 72, Train Loss: 0.0441, Val Loss: 0.2376, Test Loss: 0.2220, Val Acc: 0.9375, Test Acc: 0.9396

Epoch 73, Train Loss: 0.0440, Val Loss: 0.2389, Test Loss: 0.2189, Val Acc: 0.9387, Test Acc: 0.9413

Epoch 74, Train Loss: 0.0423, Val Loss: 0.2404, Test Loss: 0.2282, Val Acc: 0.9356, Test Acc: 0.9398

Epoch 75, Train Loss: 0.0466, Val Loss: 0.2285, Test Loss: 0.2075, Val Acc: 0.9417, Test Acc: 0.9440

Epoch 76, Train Loss: 0.0397, Val Loss: 0.2496, Test Loss: 0.2190, Val Acc: 0.9375, Test Acc: 0.9421

Epoch 77, Train Loss: 0.0434, Val Loss: 0.2480, Test Loss: 0.2102, Val Acc: 0.9367, Test Acc: 0.9445

Epoch 78, Train Loss: 0.0427, Val Loss: 0.2187, Test Loss: 0.1968, Val Acc: 0.9442, Test Acc: 0.9469
🌸 New best epoch! 🌸

Epoch 79, Train Loss: 0.0418, Val Loss: 0.2724, Test Loss: 0.2614, Val Acc: 0.9314, Test Acc: 0.9338

Epoch 80, Train Loss: 0.0409, Val Loss: 0.2542, Test Loss: 0.2238, Val Acc: 0.9346, Test Acc: 0.9389

Epoch 81, Train Loss: 0.0406, Val Loss: 0.2496, Test Loss: 0.2217, Val Acc: 0.9370, Test Acc: 0.9416

Epoch 82, Train Loss: 0.0369, Val Loss: 0.2526, Test Loss: 0.2250, Val Acc: 0.9355, Test Acc: 0.9411

Epoch 83, Train Loss: 0.0443, Val Loss: 0.2544, Test Loss: 0.2288, Val Acc: 0.9377, Test Acc: 0.9405

Epoch 84, Train Loss: 0.0337, Val Loss: 0.2297, Test Loss: 0.2202, Val Acc: 0.9410, Test Acc: 0.9430

Epoch 85, Train Loss: 0.0396, Val Loss: 0.2428, Test Loss: 0.2226, Val Acc: 0.9408, Test Acc: 0.9414

Epoch 86, Train Loss: 0.0355, Val Loss: 0.2296, Test Loss: 0.2129, Val Acc: 0.9412, Test Acc: 0.9453

Epoch 87, Train Loss: 0.0402, Val Loss: 0.2271, Test Loss: 0.2117, Val Acc: 0.9415, Test Acc: 0.9435

Epoch 88, Train Loss: 0.0340, Val Loss: 0.2388, Test Loss: 0.2168, Val Acc: 0.9396, Test Acc: 0.9418

Epoch 89, Train Loss: 0.0338, Val Loss: 0.2456, Test Loss: 0.2231, Val Acc: 0.9411, Test Acc: 0.9421

Epoch 90, Train Loss: 0.0375, Val Loss: 0.2310, Test Loss: 0.2184, Val Acc: 0.9436, Test Acc: 0.9396

Epoch 91, Train Loss: 0.0344, Val Loss: 0.2390, Test Loss: 0.2284, Val Acc: 0.9398, Test Acc: 0.9409

Epoch 92, Train Loss: 0.0372, Val Loss: 0.2414, Test Loss: 0.2137, Val Acc: 0.9426, Test Acc: 0.9455

Epoch 93, Train Loss: 0.0347, Val Loss: 0.2560, Test Loss: 0.2299, Val Acc: 0.9374, Test Acc: 0.9391

Epoch 94, Train Loss: 0.0316, Val Loss: 0.2603, Test Loss: 0.2280, Val Acc: 0.9365, Test Acc: 0.9425
Time to best model: 656.50 seconds


Result:
{'val': 0.9441895076274339, 'test': 0.9469193372358369, 'epoch': 78}
