Using device: cuda
Modulations: [b'8PSK', b'AM-DSB', b'BPSK', b'CPFSK', b'GFSK', b'PAM4', b'QAM16', b'QAM64', b'QPSK', b'WBFM']
SNRs: [-20, -18, -16, -14, -12, -10, -8, -6, -4, -2, 0, 2, 4, 6, 8, 10, 12, 14, 16, 18]
Total samples: 1200000
Padding: (720000, 128, 2)
Padding: (240000, 128, 2)
Padding: (240000, 128, 2)

Final data shapes:
X_train: (720000, 128, 2), Y_train: (720000, 10)
X_val: (240000, 128, 2), Y_val: (240000, 10)
X_test: (240000, 128, 2), Y_test: (240000, 10)
After reshaping and sampling:
X_train: (720000, 256) (sampled from original)
X_val:   (240000, 256) (sampled from original)
X_test:  (240000, 256) (sampled from original)
Y_train: (720000, 10)
{'d_out': 10, 'n_blocks': 3, 'd_block': 192, 'attention_n_heads': 8, 'attention_dropout': 0.2, 'ffn_d_hidden': None, 'ffn_d_hidden_multiplier': 1.3333333333333333, 'ffn_dropout': 0.1, 'residual_dropout': 0.0}
Model device: cuda:0
[INFO] Register count_linear() for <class 'torch.nn.modules.linear.Linear'>.
[INFO] Register zero_ops() for <class 'torch.nn.modules.dropout.Dropout'>.
[INFO] Register count_normalization() for <class 'torch.nn.modules.normalization.LayerNorm'>.
[INFO] Register zero_ops() for <class 'torch.nn.modules.container.Sequential'>.
[INFO] Register zero_ops() for <class 'torch.nn.modules.activation.ReLU'>.
Total Parameters: 893.386K
FLOPs per sample: 209.492M
Device: CUDA
----------------------------------------------------------------------------------------

Epoch 0, Train Loss: 1.7670, Val Loss: 1.5565, Test Loss: 1.5575, Val Acc: 0.3436, Test Acc: 0.3438
🌸 New best epoch! 🌸

Epoch 1, Train Loss: 1.3940, Val Loss: 1.3284, Test Loss: 1.3298, Val Acc: 0.4543, Test Acc: 0.4524
🌸 New best epoch! 🌸

Epoch 2, Train Loss: 1.3133, Val Loss: 1.2717, Test Loss: 1.2719, Val Acc: 0.4716, Test Acc: 0.4727
🌸 New best epoch! 🌸

Epoch 3, Train Loss: 1.2709, Val Loss: 1.2316, Test Loss: 1.2314, Val Acc: 0.4916, Test Acc: 0.4904
🌸 New best epoch! 🌸

Epoch 4, Train Loss: 1.2225, Val Loss: 1.1866, Test Loss: 1.1860, Val Acc: 0.5107, Test Acc: 0.5103
🌸 New best epoch! 🌸

Epoch 5, Train Loss: 1.1879, Val Loss: 1.1602, Test Loss: 1.1591, Val Acc: 0.5195, Test Acc: 0.5206
🌸 New best epoch! 🌸

Epoch 6, Train Loss: 1.1671, Val Loss: 1.1620, Test Loss: 1.1594, Val Acc: 0.5203, Test Acc: 0.5202
🌸 New best epoch! 🌸

Epoch 7, Train Loss: 1.1423, Val Loss: 1.1276, Test Loss: 1.1270, Val Acc: 0.5323, Test Acc: 0.5326
🌸 New best epoch! 🌸

Epoch 8, Train Loss: 1.1190, Val Loss: 1.1046, Test Loss: 1.1028, Val Acc: 0.5372, Test Acc: 0.5382
🌸 New best epoch! 🌸

Epoch 9, Train Loss: 1.0982, Val Loss: 1.0827, Test Loss: 1.0812, Val Acc: 0.5470, Test Acc: 0.5478
🌸 New best epoch! 🌸

Epoch 10, Train Loss: 1.0845, Val Loss: 1.0735, Test Loss: 1.0730, Val Acc: 0.5503, Test Acc: 0.5497
🌸 New best epoch! 🌸

Epoch 11, Train Loss: 1.0738, Val Loss: 1.0714, Test Loss: 1.0700, Val Acc: 0.5502, Test Acc: 0.5504

Epoch 12, Train Loss: 1.0639, Val Loss: 1.0457, Test Loss: 1.0448, Val Acc: 0.5631, Test Acc: 0.5626
🌸 New best epoch! 🌸

Epoch 13, Train Loss: 1.0532, Val Loss: 1.0432, Test Loss: 1.0428, Val Acc: 0.5608, Test Acc: 0.5611

Epoch 14, Train Loss: 1.0449, Val Loss: 1.0348, Test Loss: 1.0346, Val Acc: 0.5690, Test Acc: 0.5690
🌸 New best epoch! 🌸

Epoch 15, Train Loss: 1.0366, Val Loss: 1.0216, Test Loss: 1.0213, Val Acc: 0.5750, Test Acc: 0.5759
🌸 New best epoch! 🌸

Epoch 16, Train Loss: 1.0321, Val Loss: 1.0376, Test Loss: 1.0370, Val Acc: 0.5709, Test Acc: 0.5715

