Using device: cuda
Using GPU(s): 0
Using device: cuda
Modulations: ['8PSK', 'AM-DSB', 'AM-SSB', 'BPSK', 'CPFSK', 'GFSK', 'PAM4', 'QAM16', 'QAM64', 'QPSK', 'WBFM']
SNRs: [-20, -18, -16, -14, -12, -10, -8, -6, -4, -2, 0, 2, 4, 6, 8, 10, 12, 14, 16, 18]
Total samples: 220000
Padding: (132000, 128, 2)
Padding: (44000, 128, 2)
Padding: (44000, 128, 2)

Final data shapes:
X_train: (132000, 128, 2), Y_train: (132000, 11)
X_val: (44000, 128, 2), Y_val: (44000, 11)
X_test: (44000, 128, 2), Y_test: (44000, 11)
After reshaping and sampling:
X_train: (132000, 256) (sampled from original)
X_val:   (44000, 256) (sampled from original)
X_test:  (44000, 256) (sampled from original)
Y_train: (132000, 11)
{'d_out': 11, 'n_blocks': 3, 'd_block': 192, 'attention_n_heads': 8, 'attention_dropout': 0.2, 'ffn_d_hidden': None, 'ffn_d_hidden_multiplier': 1.3333333333333333, 'ffn_dropout': 0.1, 'residual_dropout': 0.0}
Model device: cuda:0
[INFO] Register count_linear() for <class 'torch.nn.modules.linear.Linear'>.
[INFO] Register zero_ops() for <class 'torch.nn.modules.dropout.Dropout'>.
[INFO] Register count_normalization() for <class 'torch.nn.modules.normalization.LayerNorm'>.
[INFO] Register zero_ops() for <class 'torch.nn.modules.container.Sequential'>.
[INFO] Register zero_ops() for <class 'torch.nn.modules.activation.ReLU'>.
Total Parameters: 893.579K
FLOPs per sample: 209.493M
Device: CUDA
----------------------------------------------------------------------------------------

Epoch 0, Train Loss: 2.1744, Val Loss: 1.9652, Test Loss: 1.9658, Val Acc: 0.2536, Test Acc: 0.2522
🌸 New best epoch! 🌸

Epoch 1, Train Loss: 1.9195, Val Loss: 1.8346, Test Loss: 1.8351, Val Acc: 0.2942, Test Acc: 0.2946
🌸 New best epoch! 🌸

Epoch 2, Train Loss: 1.7968, Val Loss: 1.7113, Test Loss: 1.7094, Val Acc: 0.3374, Test Acc: 0.3363
🌸 New best epoch! 🌸

Epoch 3, Train Loss: 1.7076, Val Loss: 1.6668, Test Loss: 1.6675, Val Acc: 0.3468, Test Acc: 0.3483
🌸 New best epoch! 🌸

Epoch 4, Train Loss: 1.6684, Val Loss: 1.6440, Test Loss: 1.6416, Val Acc: 0.3601, Test Acc: 0.3592
🌸 New best epoch! 🌸

Epoch 5, Train Loss: 1.6365, Val Loss: 1.6081, Test Loss: 1.6078, Val Acc: 0.3690, Test Acc: 0.3703
🌸 New best epoch! 🌸

Epoch 6, Train Loss: 1.5947, Val Loss: 1.5811, Test Loss: 1.5812, Val Acc: 0.3821, Test Acc: 0.3820
🌸 New best epoch! 🌸

Epoch 7, Train Loss: 1.5529, Val Loss: 1.5260, Test Loss: 1.5263, Val Acc: 0.3981, Test Acc: 0.3980
🌸 New best epoch! 🌸

Epoch 8, Train Loss: 1.5227, Val Loss: 1.4966, Test Loss: 1.4944, Val Acc: 0.4103, Test Acc: 0.4111
🌸 New best epoch! 🌸

Epoch 9, Train Loss: 1.4919, Val Loss: 1.4749, Test Loss: 1.4737, Val Acc: 0.4158, Test Acc: 0.4159
🌸 New best epoch! 🌸

Epoch 10, Train Loss: 1.4578, Val Loss: 1.4297, Test Loss: 1.4286, Val Acc: 0.4361, Test Acc: 0.4368
🌸 New best epoch! 🌸

Epoch 11, Train Loss: 1.4315, Val Loss: 1.4247, Test Loss: 1.4280, Val Acc: 0.4324, Test Acc: 0.4299

Epoch 12, Train Loss: 1.4107, Val Loss: 1.3954, Test Loss: 1.3941, Val Acc: 0.4462, Test Acc: 0.4463
🌸 New best epoch! 🌸

Epoch 13, Train Loss: 1.3925, Val Loss: 1.3789, Test Loss: 1.3777, Val Acc: 0.4567, Test Acc: 0.4540
🌸 New best epoch! 🌸

Epoch 14, Train Loss: 1.3803, Val Loss: 1.3746, Test Loss: 1.3757, Val Acc: 0.4539, Test Acc: 0.4529

Epoch 15, Train Loss: 1.3628, Val Loss: 1.3497, Test Loss: 1.3500, Val Acc: 0.4589, Test Acc: 0.4574
🌸 New best epoch! 🌸

Epoch 16, Train Loss: 1.3502, Val Loss: 1.3409, Test Loss: 1.3411, Val Acc: 0.4690, Test Acc: 0.4657
🌸 New best epoch! 🌸

Epoch 17, Train Loss: 1.3403, Val Loss: 1.3477, Test Loss: 1.3452, Val Acc: 0.4714, Test Acc: 0.4711
🌸 New best epoch! 🌸

Epoch 18, Train Loss: 1.3327, Val Loss: 1.3316, Test Loss: 1.3335, Val Acc: 0.4690, Test Acc: 0.4693

Epoch 19, Train Loss: 1.3240, Val Loss: 1.3186, Test Loss: 1.3181, Val Acc: 0.4740, Test Acc: 0.4751
🌸 New best epoch! 🌸

Epoch 20, Train Loss: 1.3174, Val Loss: 1.3190, Test Loss: 1.3218, Val Acc: 0.4758, Test Acc: 0.4764
🌸 New best epoch! 🌸

Epoch 21, Train Loss: 1.3129, Val Loss: 1.3369, Test Loss: 1.3350, Val Acc: 0.4779, Test Acc: 0.4783
🌸 New best epoch! 🌸

Epoch 22, Train Loss: 1.3058, Val Loss: 1.3084, Test Loss: 1.3111, Val Acc: 0.4866, Test Acc: 0.4841
🌸 New best epoch! 🌸

Epoch 23, Train Loss: 1.2995, Val Loss: 1.3122, Test Loss: 1.3136, Val Acc: 0.4889, Test Acc: 0.4880
🌸 New best epoch! 🌸

Epoch 24, Train Loss: 1.2951, Val Loss: 1.2954, Test Loss: 1.2948, Val Acc: 0.4939, Test Acc: 0.4923
🌸 New best epoch! 🌸

Epoch 25, Train Loss: 1.2900, Val Loss: 1.3044, Test Loss: 1.3049, Val Acc: 0.4864, Test Acc: 0.4874

