Using device: cuda
Using GPU(s): 0
Using device: cuda
Modulations: ['8PSK', 'AM-DSB', 'AM-SSB', 'BPSK', 'CPFSK', 'GFSK', 'PAM4', 'QAM16', 'QAM64', 'QPSK', 'WBFM']
SNRs: [-20, -18, -16, -14, -12, -10, -8, -6, -4, -2, 0, 2, 4, 6, 8, 10, 12, 14, 16, 18]
Total samples: 220000
Padding: (132000, 128, 2)
Padding: (44000, 128, 2)
Padding: (44000, 128, 2)

Final data shapes:
X_train: (132000, 128, 2), Y_train: (132000, 11)
X_val: (44000, 128, 2), Y_val: (44000, 11)
X_test: (44000, 128, 2), Y_test: (44000, 11)
After reshaping and sampling:
X_train: (132000, 256) (sampled from original)
X_val:   (44000, 256) (sampled from original)
X_test:  (44000, 256) (sampled from original)
Y_train: (132000, 11)
{'d_out': 11, 'n_blocks': 3, 'd_block': 192, 'attention_n_heads': 8, 'attention_dropout': 0.2, 'ffn_d_hidden': None, 'ffn_d_hidden_multiplier': 1.3333333333333333, 'ffn_dropout': 0.1, 'residual_dropout': 0.0}
Model device: cuda:0
[INFO] Register count_linear() for <class 'torch.nn.modules.linear.Linear'>.
[INFO] Register zero_ops() for <class 'torch.nn.modules.dropout.Dropout'>.
[INFO] Register count_normalization() for <class 'torch.nn.modules.normalization.LayerNorm'>.
[INFO] Register zero_ops() for <class 'torch.nn.modules.container.Sequential'>.
[INFO] Register zero_ops() for <class 'torch.nn.modules.activation.ReLU'>.
Total Parameters: 893.579K
FLOPs per sample: 209.493M
Device: CUDA
----------------------------------------------------------------------------------------

Epoch 0, Train Loss: 2.2427, Val Loss: 2.1809, Test Loss: 2.1815, Val Acc: 0.1766, Test Acc: 0.1765
🌸 New best epoch! 🌸

Epoch 1, Train Loss: 2.1578, Val Loss: 2.0813, Test Loss: 2.0820, Val Acc: 0.2175, Test Acc: 0.2170
🌸 New best epoch! 🌸

Epoch 2, Train Loss: 2.0176, Val Loss: 1.9184, Test Loss: 1.9207, Val Acc: 0.2684, Test Acc: 0.2675
🌸 New best epoch! 🌸

Epoch 3, Train Loss: 1.8918, Val Loss: 1.8103, Test Loss: 1.8124, Val Acc: 0.3047, Test Acc: 0.3058
🌸 New best epoch! 🌸

Epoch 4, Train Loss: 1.7952, Val Loss: 1.7327, Test Loss: 1.7291, Val Acc: 0.3272, Test Acc: 0.3290
🌸 New best epoch! 🌸

Epoch 5, Train Loss: 1.7376, Val Loss: 1.6989, Test Loss: 1.6948, Val Acc: 0.3373, Test Acc: 0.3392
🌸 New best epoch! 🌸

Epoch 6, Train Loss: 1.7009, Val Loss: 1.6673, Test Loss: 1.6631, Val Acc: 0.3480, Test Acc: 0.3506
🌸 New best epoch! 🌸

Epoch 7, Train Loss: 1.6772, Val Loss: 1.6700, Test Loss: 1.6631, Val Acc: 0.3511, Test Acc: 0.3533
🌸 New best epoch! 🌸

Epoch 8, Train Loss: 1.6544, Val Loss: 1.6340, Test Loss: 1.6277, Val Acc: 0.3609, Test Acc: 0.3644
🌸 New best epoch! 🌸

Epoch 9, Train Loss: 1.6369, Val Loss: 1.6183, Test Loss: 1.6139, Val Acc: 0.3682, Test Acc: 0.3711
🌸 New best epoch! 🌸

Epoch 10, Train Loss: 1.6223, Val Loss: 1.6133, Test Loss: 1.6070, Val Acc: 0.3709, Test Acc: 0.3752
🌸 New best epoch! 🌸

Epoch 11, Train Loss: 1.6097, Val Loss: 1.5998, Test Loss: 1.5930, Val Acc: 0.3748, Test Acc: 0.3782
🌸 New best epoch! 🌸

Epoch 12, Train Loss: 1.5974, Val Loss: 1.5840, Test Loss: 1.5776, Val Acc: 0.3792, Test Acc: 0.3819
🌸 New best epoch! 🌸

Epoch 13, Train Loss: 1.5832, Val Loss: 1.5756, Test Loss: 1.5690, Val Acc: 0.3821, Test Acc: 0.3857
🌸 New best epoch! 🌸

Epoch 14, Train Loss: 1.5745, Val Loss: 1.5735, Test Loss: 1.5660, Val Acc: 0.3829, Test Acc: 0.3859
🌸 New best epoch! 🌸

Epoch 15, Train Loss: 1.5652, Val Loss: 1.5608, Test Loss: 1.5556, Val Acc: 0.3887, Test Acc: 0.3882
🌸 New best epoch! 🌸

Epoch 16, Train Loss: 1.5550, Val Loss: 1.5607, Test Loss: 1.5541, Val Acc: 0.3871, Test Acc: 0.3897

Epoch 17, Train Loss: 1.5439, Val Loss: 1.5437, Test Loss: 1.5408, Val Acc: 0.3934, Test Acc: 0.3958
🌸 New best epoch! 🌸

Epoch 18, Train Loss: 1.5348, Val Loss: 1.5383, Test Loss: 1.5354, Val Acc: 0.3931, Test Acc: 0.3956

Epoch 19, Train Loss: 1.5263, Val Loss: 1.5343, Test Loss: 1.5319, Val Acc: 0.3946, Test Acc: 0.3978
🌸 New best epoch! 🌸

Epoch 20, Train Loss: 1.5182, Val Loss: 1.5198, Test Loss: 1.5176, Val Acc: 0.4006, Test Acc: 0.4027
🌸 New best epoch! 🌸

Epoch 21, Train Loss: 1.5065, Val Loss: 1.5154, Test Loss: 1.5130, Val Acc: 0.4006, Test Acc: 0.4032
🌸 New best epoch! 🌸

Epoch 22, Train Loss: 1.4979, Val Loss: 1.5123, Test Loss: 1.5075, Val Acc: 0.4024, Test Acc: 0.4063
🌸 New best epoch! 🌸

Epoch 23, Train Loss: 1.4889, Val Loss: 1.5068, Test Loss: 1.5032, Val Acc: 0.4046, Test Acc: 0.4072
🌸 New best epoch! 🌸

Epoch 24, Train Loss: 1.4809, Val Loss: 1.5006, Test Loss: 1.4954, Val Acc: 0.4067, Test Acc: 0.4095
🌸 New best epoch! 🌸

Epoch 25, Train Loss: 1.4750, Val Loss: 1.4985, Test Loss: 1.4936, Val Acc: 0.4049, Test Acc: 0.4099

Epoch 26, Train Loss: 1.4682, Val Loss: 1.4974, Test Loss: 1.4933, Val Acc: 0.4087, Test Acc: 0.4093
🌸 New best epoch! 🌸

Epoch 27, Train Loss: 1.4606, Val Loss: 1.4994, Test Loss: 1.4954, Val Acc: 0.4067, Test Acc: 0.4103

Epoch 28, Train Loss: 1.4551, Val Loss: 1.4928, Test Loss: 1.4898, Val Acc: 0.4093, Test Acc: 0.4131
🌸 New best epoch! 🌸

Epoch 29, Train Loss: 1.4511, Val Loss: 1.4926, Test Loss: 1.4905, Val Acc: 0.4121, Test Acc: 0.4146
🌸 New best epoch! 🌸

Epoch 30, Train Loss: 1.4441, Val Loss: 1.4861, Test Loss: 1.4856, Val Acc: 0.4123, Test Acc: 0.4134
🌸 New best epoch! 🌸

Epoch 31, Train Loss: 1.4387, Val Loss: 1.4992, Test Loss: 1.4985, Val Acc: 0.4120, Test Acc: 0.4143

Epoch 32, Train Loss: 1.4320, Val Loss: 1.4957, Test Loss: 1.4941, Val Acc: 0.4123, Test Acc: 0.4137

Epoch 33, Train Loss: 1.4276, Val Loss: 1.4881, Test Loss: 1.4859, Val Acc: 0.4162, Test Acc: 0.4181
🌸 New best epoch! 🌸

Epoch 34, Train Loss: 1.4211, Val Loss: 1.4865, Test Loss: 1.4874, Val Acc: 0.4154, Test Acc: 0.4173

Epoch 35, Train Loss: 1.4162, Val Loss: 1.4779, Test Loss: 1.4743, Val Acc: 0.4162, Test Acc: 0.4189

Epoch 36, Train Loss: 1.4098, Val Loss: 1.4781, Test Loss: 1.4745, Val Acc: 0.4185, Test Acc: 0.4183
🌸 New best epoch! 🌸

Epoch 37, Train Loss: 1.4036, Val Loss: 1.4777, Test Loss: 1.4757, Val Acc: 0.4210, Test Acc: 0.4212
🌸 New best epoch! 🌸

Epoch 38, Train Loss: 1.3969, Val Loss: 1.4697, Test Loss: 1.4683, Val Acc: 0.4225, Test Acc: 0.4253
🌸 New best epoch! 🌸

Epoch 39, Train Loss: 1.3916, Val Loss: 1.4681, Test Loss: 1.4657, Val Acc: 0.4237, Test Acc: 0.4245
🌸 New best epoch! 🌸

Epoch 40, Train Loss: 1.3852, Val Loss: 1.4645, Test Loss: 1.4612, Val Acc: 0.4255, Test Acc: 0.4272
🌸 New best epoch! 🌸

Epoch 41, Train Loss: 1.3777, Val Loss: 1.4648, Test Loss: 1.4643, Val Acc: 0.4249, Test Acc: 0.4275

Epoch 42, Train Loss: 1.3729, Val Loss: 1.4614, Test Loss: 1.4609, Val Acc: 0.4253, Test Acc: 0.4267

Epoch 43, Train Loss: 1.3686, Val Loss: 1.4637, Test Loss: 1.4602, Val Acc: 0.4267, Test Acc: 0.4299
🌸 New best epoch! 🌸

Epoch 44, Train Loss: 1.3614, Val Loss: 1.4616, Test Loss: 1.4617, Val Acc: 0.4287, Test Acc: 0.4296
🌸 New best epoch! 🌸

Epoch 45, Train Loss: 1.3550, Val Loss: 1.4656, Test Loss: 1.4650, Val Acc: 0.4277, Test Acc: 0.4296

Epoch 46, Train Loss: 1.3519, Val Loss: 1.4569, Test Loss: 1.4546, Val Acc: 0.4308, Test Acc: 0.4325
🌸 New best epoch! 🌸

Epoch 47, Train Loss: 1.3461, Val Loss: 1.4570, Test Loss: 1.4539, Val Acc: 0.4308, Test Acc: 0.4315

Epoch 48, Train Loss: 1.3379, Val Loss: 1.4673, Test Loss: 1.4644, Val Acc: 0.4266, Test Acc: 0.4282

Epoch 49, Train Loss: 1.3337, Val Loss: 1.4698, Test Loss: 1.4664, Val Acc: 0.4298, Test Acc: 0.4313

Epoch 50, Train Loss: 1.3296, Val Loss: 1.4669, Test Loss: 1.4623, Val Acc: 0.4299, Test Acc: 0.4342

Epoch 51, Train Loss: 1.3243, Val Loss: 1.4673, Test Loss: 1.4613, Val Acc: 0.4310, Test Acc: 0.4314
🌸 New best epoch! 🌸

Epoch 52, Train Loss: 1.3179, Val Loss: 1.4706, Test Loss: 1.4663, Val Acc: 0.4301, Test Acc: 0.4316

Epoch 53, Train Loss: 1.3131, Val Loss: 1.4726, Test Loss: 1.4693, Val Acc: 0.4315, Test Acc: 0.4305
🌸 New best epoch! 🌸

Epoch 54, Train Loss: 1.3093, Val Loss: 1.4805, Test Loss: 1.4795, Val Acc: 0.4276, Test Acc: 0.4290

Epoch 55, Train Loss: 1.3030, Val Loss: 1.4761, Test Loss: 1.4700, Val Acc: 0.4291, Test Acc: 0.4326

Epoch 56, Train Loss: 1.2988, Val Loss: 1.4782, Test Loss: 1.4752, Val Acc: 0.4297, Test Acc: 0.4304

Epoch 57, Train Loss: 1.2935, Val Loss: 1.4837, Test Loss: 1.4799, Val Acc: 0.4298, Test Acc: 0.4336

Epoch 58, Train Loss: 1.2888, Val Loss: 1.4786, Test Loss: 1.4748, Val Acc: 0.4278, Test Acc: 0.4325

Epoch 59, Train Loss: 1.2832, Val Loss: 1.4903, Test Loss: 1.4843, Val Acc: 0.4293, Test Acc: 0.4303

Epoch 60, Train Loss: 1.2573, Val Loss: 1.4820, Test Loss: 1.4785, Val Acc: 0.4311, Test Acc: 0.4342

Epoch 61, Train Loss: 1.2486, Val Loss: 1.4864, Test Loss: 1.4832, Val Acc: 0.4315, Test Acc: 0.4348

Epoch 62, Train Loss: 1.2450, Val Loss: 1.4834, Test Loss: 1.4798, Val Acc: 0.4329, Test Acc: 0.4360
🌸 New best epoch! 🌸

Epoch 63, Train Loss: 1.2392, Val Loss: 1.4918, Test Loss: 1.4908, Val Acc: 0.4323, Test Acc: 0.4364

Epoch 64, Train Loss: 1.2382, Val Loss: 1.4958, Test Loss: 1.4946, Val Acc: 0.4304, Test Acc: 0.4339

Epoch 65, Train Loss: 1.2349, Val Loss: 1.4990, Test Loss: 1.4987, Val Acc: 0.4295, Test Acc: 0.4319

Epoch 66, Train Loss: 1.2306, Val Loss: 1.5019, Test Loss: 1.4975, Val Acc: 0.4295, Test Acc: 0.4352

Epoch 67, Train Loss: 1.2255, Val Loss: 1.5040, Test Loss: 1.4997, Val Acc: 0.4300, Test Acc: 0.4343

Epoch 68, Train Loss: 1.2239, Val Loss: 1.4990, Test Loss: 1.4962, Val Acc: 0.4309, Test Acc: 0.4353

Epoch 69, Train Loss: 1.2077, Val Loss: 1.5059, Test Loss: 1.5017, Val Acc: 0.4320, Test Acc: 0.4351

