cuda
0
{0, 1, 2}
[INFO] Register count_linear() for <class 'torch.nn.modules.linear.Linear'>.
[INFO] Register zero_ops() for <class 'torch.nn.modules.dropout.Dropout'>.
[INFO] Register count_normalization() for <class 'torch.nn.modules.normalization.LayerNorm'>.
[INFO] Register zero_ops() for <class 'torch.nn.modules.container.Sequential'>.
[INFO] Register zero_ops() for <class 'torch.nn.modules.activation.ReLU'>.
FLOPs: 26.965M, Parameters: 892.035K
Test score before training: 0.2695
Device: CUDA
----------------------------------------------------------------------------------------

Epoch 0, Train Loss: 1.0982, Val Loss: 0.9969, Test Loss: 1.0030, Val Acc: 0.6029, Test Acc: 0.5783
🌸 New best epoch! 🌸

Epoch 1, Train Loss: 0.9936, Val Loss: 0.8664, Test Loss: 0.8678, Val Acc: 0.7183, Test Acc: 0.7064
🌸 New best epoch! 🌸

Epoch 2, Train Loss: 0.8729, Val Loss: 0.7115, Test Loss: 0.7161, Val Acc: 0.7429, Test Acc: 0.7296
🌸 New best epoch! 🌸

Epoch 3, Train Loss: 0.7468, Val Loss: 0.6125, Test Loss: 0.6253, Val Acc: 0.7708, Test Acc: 0.7528
🌸 New best epoch! 🌸

Epoch 4, Train Loss: 0.6456, Val Loss: 0.5498, Test Loss: 0.5700, Val Acc: 0.7964, Test Acc: 0.7733
🌸 New best epoch! 🌸

Epoch 5, Train Loss: 0.5822, Val Loss: 0.5273, Test Loss: 0.5437, Val Acc: 0.8037, Test Acc: 0.7912
🌸 New best epoch! 🌸

Epoch 6, Train Loss: 0.5420, Val Loss: 0.4937, Test Loss: 0.5114, Val Acc: 0.8104, Test Acc: 0.7992
🌸 New best epoch! 🌸

Epoch 7, Train Loss: 0.5073, Val Loss: 0.4877, Test Loss: 0.5034, Val Acc: 0.8143, Test Acc: 0.8108
🌸 New best epoch! 🌸

Epoch 8, Train Loss: 0.4785, Val Loss: 0.4670, Test Loss: 0.4739, Val Acc: 0.8249, Test Acc: 0.8179
🌸 New best epoch! 🌸

Epoch 9, Train Loss: 0.4573, Val Loss: 0.4490, Test Loss: 0.4488, Val Acc: 0.8355, Test Acc: 0.8286
🌸 New best epoch! 🌸

Epoch 10, Train Loss: 0.4399, Val Loss: 0.4424, Test Loss: 0.4418, Val Acc: 0.8344, Test Acc: 0.8309

Epoch 11, Train Loss: 0.4246, Val Loss: 0.4264, Test Loss: 0.4243, Val Acc: 0.8399, Test Acc: 0.8376
🌸 New best epoch! 🌸

Epoch 12, Train Loss: 0.4133, Val Loss: 0.4101, Test Loss: 0.4079, Val Acc: 0.8427, Test Acc: 0.8483
🌸 New best epoch! 🌸

Epoch 13, Train Loss: 0.4061, Val Loss: 0.4086, Test Loss: 0.4091, Val Acc: 0.8466, Test Acc: 0.8461
🌸 New best epoch! 🌸

Epoch 14, Train Loss: 0.3937, Val Loss: 0.4052, Test Loss: 0.3983, Val Acc: 0.8461, Test Acc: 0.8519

Epoch 15, Train Loss: 0.3899, Val Loss: 0.3864, Test Loss: 0.3800, Val Acc: 0.8555, Test Acc: 0.8612
🌸 New best epoch! 🌸

Epoch 16, Train Loss: 0.3766, Val Loss: 0.3843, Test Loss: 0.3845, Val Acc: 0.8567, Test Acc: 0.8585
🌸 New best epoch! 🌸

Epoch 17, Train Loss: 0.3693, Val Loss: 0.3769, Test Loss: 0.3718, Val Acc: 0.8583, Test Acc: 0.8630
🌸 New best epoch! 🌸

Epoch 18, Train Loss: 0.3610, Val Loss: 0.3624, Test Loss: 0.3658, Val Acc: 0.8673, Test Acc: 0.8630
🌸 New best epoch! 🌸

Epoch 19, Train Loss: 0.3512, Val Loss: 0.3478, Test Loss: 0.3476, Val Acc: 0.8717, Test Acc: 0.8688
🌸 New best epoch! 🌸

Epoch 20, Train Loss: 0.3445, Val Loss: 0.3511, Test Loss: 0.3462, Val Acc: 0.8701, Test Acc: 0.8701

Epoch 21, Train Loss: 0.3382, Val Loss: 0.3355, Test Loss: 0.3329, Val Acc: 0.8751, Test Acc: 0.8755
🌸 New best epoch! 🌸

Epoch 22, Train Loss: 0.3280, Val Loss: 0.3271, Test Loss: 0.3210, Val Acc: 0.8823, Test Acc: 0.8817
🌸 New best epoch! 🌸

Epoch 23, Train Loss: 0.3197, Val Loss: 0.3203, Test Loss: 0.3188, Val Acc: 0.8806, Test Acc: 0.8849

Epoch 24, Train Loss: 0.3160, Val Loss: 0.3101, Test Loss: 0.3098, Val Acc: 0.8868, Test Acc: 0.8907
🌸 New best epoch! 🌸

Epoch 25, Train Loss: 0.3031, Val Loss: 0.3095, Test Loss: 0.3081, Val Acc: 0.8896, Test Acc: 0.8898
🌸 New best epoch! 🌸

Epoch 26, Train Loss: 0.2981, Val Loss: 0.3043, Test Loss: 0.3028, Val Acc: 0.8929, Test Acc: 0.8925
🌸 New best epoch! 🌸

Epoch 27, Train Loss: 0.2919, Val Loss: 0.3000, Test Loss: 0.2947, Val Acc: 0.8935, Test Acc: 0.8938
🌸 New best epoch! 🌸

Epoch 28, Train Loss: 0.2874, Val Loss: 0.2899, Test Loss: 0.2919, Val Acc: 0.9002, Test Acc: 0.8947
🌸 New best epoch! 🌸

Epoch 29, Train Loss: 0.2751, Val Loss: 0.2854, Test Loss: 0.2926, Val Acc: 0.8991, Test Acc: 0.8929

Epoch 30, Train Loss: 0.2742, Val Loss: 0.2874, Test Loss: 0.2874, Val Acc: 0.8985, Test Acc: 0.8987

Epoch 31, Train Loss: 0.2733, Val Loss: 0.2740, Test Loss: 0.2781, Val Acc: 0.9035, Test Acc: 0.8983
🌸 New best epoch! 🌸

Epoch 32, Train Loss: 0.2559, Val Loss: 0.2700, Test Loss: 0.2754, Val Acc: 0.9046, Test Acc: 0.9036
🌸 New best epoch! 🌸

Epoch 33, Train Loss: 0.2524, Val Loss: 0.2595, Test Loss: 0.2646, Val Acc: 0.9124, Test Acc: 0.9063
🌸 New best epoch! 🌸

Epoch 34, Train Loss: 0.2461, Val Loss: 0.2610, Test Loss: 0.2693, Val Acc: 0.9057, Test Acc: 0.8978

Epoch 35, Train Loss: 0.2381, Val Loss: 0.2553, Test Loss: 0.2613, Val Acc: 0.9102, Test Acc: 0.9023

Epoch 36, Train Loss: 0.2325, Val Loss: 0.2503, Test Loss: 0.2511, Val Acc: 0.9136, Test Acc: 0.9116
🌸 New best epoch! 🌸

Epoch 37, Train Loss: 0.2292, Val Loss: 0.2432, Test Loss: 0.2468, Val Acc: 0.9163, Test Acc: 0.9112
🌸 New best epoch! 🌸

Epoch 38, Train Loss: 0.2183, Val Loss: 0.2409, Test Loss: 0.2470, Val Acc: 0.9136, Test Acc: 0.9036

Epoch 39, Train Loss: 0.2150, Val Loss: 0.2375, Test Loss: 0.2395, Val Acc: 0.9191, Test Acc: 0.9116
🌸 New best epoch! 🌸

Epoch 40, Train Loss: 0.2074, Val Loss: 0.2330, Test Loss: 0.2393, Val Acc: 0.9169, Test Acc: 0.9148

Epoch 41, Train Loss: 0.1995, Val Loss: 0.2280, Test Loss: 0.2343, Val Acc: 0.9225, Test Acc: 0.9161
🌸 New best epoch! 🌸

Epoch 42, Train Loss: 0.2014, Val Loss: 0.2415, Test Loss: 0.2330, Val Acc: 0.9197, Test Acc: 0.9148

Epoch 43, Train Loss: 0.2021, Val Loss: 0.2235, Test Loss: 0.2265, Val Acc: 0.9197, Test Acc: 0.9174

Epoch 44, Train Loss: 0.1933, Val Loss: 0.2115, Test Loss: 0.2195, Val Acc: 0.9258, Test Acc: 0.9188
🌸 New best epoch! 🌸

Epoch 45, Train Loss: 0.1908, Val Loss: 0.2114, Test Loss: 0.2153, Val Acc: 0.9264, Test Acc: 0.9215
🌸 New best epoch! 🌸

Epoch 46, Train Loss: 0.1790, Val Loss: 0.1956, Test Loss: 0.2037, Val Acc: 0.9359, Test Acc: 0.9264
🌸 New best epoch! 🌸

Epoch 47, Train Loss: 0.1779, Val Loss: 0.1927, Test Loss: 0.2055, Val Acc: 0.9370, Test Acc: 0.9250
🌸 New best epoch! 🌸

Epoch 48, Train Loss: 0.1676, Val Loss: 0.1943, Test Loss: 0.2013, Val Acc: 0.9308, Test Acc: 0.9273

Epoch 49, Train Loss: 0.1662, Val Loss: 0.1911, Test Loss: 0.1990, Val Acc: 0.9320, Test Acc: 0.9246

Epoch 50, Train Loss: 0.1682, Val Loss: 0.1888, Test Loss: 0.1913, Val Acc: 0.9303, Test Acc: 0.9286

Epoch 51, Train Loss: 0.1608, Val Loss: 0.1898, Test Loss: 0.1958, Val Acc: 0.9353, Test Acc: 0.9295

Epoch 52, Train Loss: 0.1510, Val Loss: 0.1851, Test Loss: 0.1850, Val Acc: 0.9375, Test Acc: 0.9344
🌸 New best epoch! 🌸

Epoch 53, Train Loss: 0.1470, Val Loss: 0.1882, Test Loss: 0.1897, Val Acc: 0.9336, Test Acc: 0.9313

Epoch 54, Train Loss: 0.1415, Val Loss: 0.1742, Test Loss: 0.1764, Val Acc: 0.9392, Test Acc: 0.9371
🌸 New best epoch! 🌸

Epoch 55, Train Loss: 0.1383, Val Loss: 0.1690, Test Loss: 0.1726, Val Acc: 0.9437, Test Acc: 0.9371
🌸 New best epoch! 🌸

Epoch 56, Train Loss: 0.1368, Val Loss: 0.1645, Test Loss: 0.1664, Val Acc: 0.9442, Test Acc: 0.9389
🌸 New best epoch! 🌸

Epoch 57, Train Loss: 0.1260, Val Loss: 0.1735, Test Loss: 0.1741, Val Acc: 0.9403, Test Acc: 0.9380

Epoch 58, Train Loss: 0.1295, Val Loss: 0.1659, Test Loss: 0.1689, Val Acc: 0.9420, Test Acc: 0.9407

Epoch 59, Train Loss: 0.1235, Val Loss: 0.1599, Test Loss: 0.1632, Val Acc: 0.9431, Test Acc: 0.9420

Epoch 60, Train Loss: 0.1180, Val Loss: 0.1564, Test Loss: 0.1583, Val Acc: 0.9476, Test Acc: 0.9433
🌸 New best epoch! 🌸

Epoch 61, Train Loss: 0.1130, Val Loss: 0.1662, Test Loss: 0.1711, Val Acc: 0.9470, Test Acc: 0.9371

Epoch 62, Train Loss: 0.1164, Val Loss: 0.1513, Test Loss: 0.1559, Val Acc: 0.9476, Test Acc: 0.9402

Epoch 63, Train Loss: 0.1085, Val Loss: 0.1490, Test Loss: 0.1557, Val Acc: 0.9470, Test Acc: 0.9456

Epoch 64, Train Loss: 0.0999, Val Loss: 0.1427, Test Loss: 0.1479, Val Acc: 0.9526, Test Acc: 0.9473
🌸 New best epoch! 🌸

Epoch 65, Train Loss: 0.0959, Val Loss: 0.1481, Test Loss: 0.1507, Val Acc: 0.9504, Test Acc: 0.9469

Epoch 66, Train Loss: 0.0972, Val Loss: 0.1406, Test Loss: 0.1420, Val Acc: 0.9515, Test Acc: 0.9491

Epoch 67, Train Loss: 0.0945, Val Loss: 0.1398, Test Loss: 0.1455, Val Acc: 0.9554, Test Acc: 0.9478
🌸 New best epoch! 🌸

Epoch 68, Train Loss: 0.0922, Val Loss: 0.1406, Test Loss: 0.1442, Val Acc: 0.9526, Test Acc: 0.9473

Epoch 69, Train Loss: 0.0922, Val Loss: 0.1407, Test Loss: 0.1395, Val Acc: 0.9543, Test Acc: 0.9514

Epoch 70, Train Loss: 0.0845, Val Loss: 0.1372, Test Loss: 0.1388, Val Acc: 0.9554, Test Acc: 0.9487

Epoch 71, Train Loss: 0.0843, Val Loss: 0.1378, Test Loss: 0.1426, Val Acc: 0.9520, Test Acc: 0.9518

Epoch 72, Train Loss: 0.0899, Val Loss: 0.1384, Test Loss: 0.1359, Val Acc: 0.9537, Test Acc: 0.9487

Epoch 73, Train Loss: 0.0840, Val Loss: 0.1313, Test Loss: 0.1316, Val Acc: 0.9565, Test Acc: 0.9540
🌸 New best epoch! 🌸

Epoch 74, Train Loss: 0.0759, Val Loss: 0.1346, Test Loss: 0.1348, Val Acc: 0.9537, Test Acc: 0.9478

Epoch 75, Train Loss: 0.0788, Val Loss: 0.1313, Test Loss: 0.1386, Val Acc: 0.9548, Test Acc: 0.9527

Epoch 76, Train Loss: 0.0753, Val Loss: 0.1288, Test Loss: 0.1279, Val Acc: 0.9576, Test Acc: 0.9540
🌸 New best epoch! 🌸

Epoch 77, Train Loss: 0.0713, Val Loss: 0.1209, Test Loss: 0.1230, Val Acc: 0.9587, Test Acc: 0.9545
🌸 New best epoch! 🌸

Epoch 78, Train Loss: 0.0703, Val Loss: 0.1257, Test Loss: 0.1233, Val Acc: 0.9598, Test Acc: 0.9554
🌸 New best epoch! 🌸

Epoch 79, Train Loss: 0.0664, Val Loss: 0.1228, Test Loss: 0.1243, Val Acc: 0.9615, Test Acc: 0.9563
🌸 New best epoch! 🌸

Epoch 80, Train Loss: 0.0654, Val Loss: 0.1263, Test Loss: 0.1235, Val Acc: 0.9582, Test Acc: 0.9589

Epoch 81, Train Loss: 0.0664, Val Loss: 0.1225, Test Loss: 0.1182, Val Acc: 0.9610, Test Acc: 0.9585

Epoch 82, Train Loss: 0.0652, Val Loss: 0.1257, Test Loss: 0.1229, Val Acc: 0.9604, Test Acc: 0.9576

Epoch 83, Train Loss: 0.0595, Val Loss: 0.1209, Test Loss: 0.1230, Val Acc: 0.9593, Test Acc: 0.9607

Epoch 84, Train Loss: 0.0593, Val Loss: 0.1237, Test Loss: 0.1187, Val Acc: 0.9615, Test Acc: 0.9563

Epoch 85, Train Loss: 0.0562, Val Loss: 0.1225, Test Loss: 0.1141, Val Acc: 0.9582, Test Acc: 0.9589

Epoch 86, Train Loss: 0.0521, Val Loss: 0.1233, Test Loss: 0.1172, Val Acc: 0.9598, Test Acc: 0.9603

Epoch 87, Train Loss: 0.0532, Val Loss: 0.1232, Test Loss: 0.1202, Val Acc: 0.9598, Test Acc: 0.9581

Epoch 88, Train Loss: 0.0552, Val Loss: 0.1133, Test Loss: 0.1106, Val Acc: 0.9615, Test Acc: 0.9612

Epoch 89, Train Loss: 0.0473, Val Loss: 0.1112, Test Loss: 0.1076, Val Acc: 0.9637, Test Acc: 0.9639
🌸 New best epoch! 🌸

Epoch 90, Train Loss: 0.0533, Val Loss: 0.1149, Test Loss: 0.1136, Val Acc: 0.9632, Test Acc: 0.9621

Epoch 91, Train Loss: 0.0556, Val Loss: 0.1093, Test Loss: 0.1143, Val Acc: 0.9665, Test Acc: 0.9616
🌸 New best epoch! 🌸

Epoch 92, Train Loss: 0.0534, Val Loss: 0.1182, Test Loss: 0.1191, Val Acc: 0.9626, Test Acc: 0.9598

Epoch 93, Train Loss: 0.0461, Val Loss: 0.1124, Test Loss: 0.1160, Val Acc: 0.9637, Test Acc: 0.9603

Epoch 94, Train Loss: 0.0477, Val Loss: 0.1186, Test Loss: 0.1198, Val Acc: 0.9637, Test Acc: 0.9594

Epoch 95, Train Loss: 0.0441, Val Loss: 0.1142, Test Loss: 0.1081, Val Acc: 0.9654, Test Acc: 0.9652

Epoch 96, Train Loss: 0.0460, Val Loss: 0.1090, Test Loss: 0.1079, Val Acc: 0.9665, Test Acc: 0.9652

Epoch 97, Train Loss: 0.0458, Val Loss: 0.1116, Test Loss: 0.1166, Val Acc: 0.9626, Test Acc: 0.9630

Epoch 98, Train Loss: 0.0433, Val Loss: 0.1114, Test Loss: 0.1126, Val Acc: 0.9682, Test Acc: 0.9630
🌸 New best epoch! 🌸

Epoch 99, Train Loss: 0.0394, Val Loss: 0.1048, Test Loss: 0.1097, Val Acc: 0.9665, Test Acc: 0.9634

Epoch 100, Train Loss: 0.0387, Val Loss: 0.1030, Test Loss: 0.1059, Val Acc: 0.9665, Test Acc: 0.9674

Epoch 101, Train Loss: 0.0386, Val Loss: 0.1124, Test Loss: 0.1059, Val Acc: 0.9677, Test Acc: 0.9661

Epoch 102, Train Loss: 0.0366, Val Loss: 0.1100, Test Loss: 0.1072, Val Acc: 0.9654, Test Acc: 0.9670

Epoch 103, Train Loss: 0.0369, Val Loss: 0.1107, Test Loss: 0.1080, Val Acc: 0.9671, Test Acc: 0.9647

Epoch 104, Train Loss: 0.0367, Val Loss: 0.1072, Test Loss: 0.1105, Val Acc: 0.9665, Test Acc: 0.9661

Epoch 105, Train Loss: 0.0299, Val Loss: 0.1038, Test Loss: 0.1037, Val Acc: 0.9654, Test Acc: 0.9661

Epoch 106, Train Loss: 0.0404, Val Loss: 0.1128, Test Loss: 0.1085, Val Acc: 0.9671, Test Acc: 0.9621

Epoch 107, Train Loss: 0.0377, Val Loss: 0.1022, Test Loss: 0.1092, Val Acc: 0.9637, Test Acc: 0.9670

Epoch 108, Train Loss: 0.0348, Val Loss: 0.1154, Test Loss: 0.1070, Val Acc: 0.9654, Test Acc: 0.9652

Epoch 109, Train Loss: 0.0291, Val Loss: 0.1026, Test Loss: 0.0995, Val Acc: 0.9649, Test Acc: 0.9701

Epoch 110, Train Loss: 0.0312, Val Loss: 0.1034, Test Loss: 0.1002, Val Acc: 0.9677, Test Acc: 0.9697

Epoch 111, Train Loss: 0.0327, Val Loss: 0.1149, Test Loss: 0.1102, Val Acc: 0.9682, Test Acc: 0.9643

Epoch 112, Train Loss: 0.0296, Val Loss: 0.1028, Test Loss: 0.1087, Val Acc: 0.9649, Test Acc: 0.9705

Epoch 113, Train Loss: 0.0333, Val Loss: 0.1064, Test Loss: 0.1060, Val Acc: 0.9699, Test Acc: 0.9679
🌸 New best epoch! 🌸

Epoch 114, Train Loss: 0.0321, Val Loss: 0.0921, Test Loss: 0.1087, Val Acc: 0.9710, Test Acc: 0.9701
🌸 New best epoch! 🌸

Epoch 115, Train Loss: 0.0314, Val Loss: 0.1116, Test Loss: 0.1086, Val Acc: 0.9671, Test Acc: 0.9656

Epoch 116, Train Loss: 0.0302, Val Loss: 0.1019, Test Loss: 0.1142, Val Acc: 0.9671, Test Acc: 0.9661

Epoch 117, Train Loss: 0.0293, Val Loss: 0.1098, Test Loss: 0.1056, Val Acc: 0.9688, Test Acc: 0.9661

Epoch 118, Train Loss: 0.0256, Val Loss: 0.0956, Test Loss: 0.0956, Val Acc: 0.9710, Test Acc: 0.9697

Epoch 119, Train Loss: 0.0247, Val Loss: 0.1097, Test Loss: 0.0995, Val Acc: 0.9693, Test Acc: 0.9692

Epoch 120, Train Loss: 0.0272, Val Loss: 0.0982, Test Loss: 0.1030, Val Acc: 0.9743, Test Acc: 0.9665
🌸 New best epoch! 🌸

Epoch 121, Train Loss: 0.0234, Val Loss: 0.1117, Test Loss: 0.1170, Val Acc: 0.9682, Test Acc: 0.9612

Epoch 122, Train Loss: 0.0242, Val Loss: 0.0968, Test Loss: 0.1042, Val Acc: 0.9699, Test Acc: 0.9665

Epoch 123, Train Loss: 0.0248, Val Loss: 0.1090, Test Loss: 0.1169, Val Acc: 0.9665, Test Acc: 0.9656

Epoch 124, Train Loss: 0.0240, Val Loss: 0.1064, Test Loss: 0.1123, Val Acc: 0.9671, Test Acc: 0.9679

Epoch 125, Train Loss: 0.0253, Val Loss: 0.1101, Test Loss: 0.1056, Val Acc: 0.9671, Test Acc: 0.9656

Epoch 126, Train Loss: 0.0211, Val Loss: 0.1048, Test Loss: 0.0991, Val Acc: 0.9699, Test Acc: 0.9679

Epoch 127, Train Loss: 0.0211, Val Loss: 0.1071, Test Loss: 0.0991, Val Acc: 0.9671, Test Acc: 0.9692

Epoch 128, Train Loss: 0.0167, Val Loss: 0.1084, Test Loss: 0.0993, Val Acc: 0.9660, Test Acc: 0.9692

Epoch 129, Train Loss: 0.0179, Val Loss: 0.1096, Test Loss: 0.1058, Val Acc: 0.9637, Test Acc: 0.9652

Epoch 130, Train Loss: 0.0207, Val Loss: 0.1101, Test Loss: 0.1041, Val Acc: 0.9677, Test Acc: 0.9701

Epoch 131, Train Loss: 0.0219, Val Loss: 0.1063, Test Loss: 0.1068, Val Acc: 0.9710, Test Acc: 0.9643

Epoch 132, Train Loss: 0.0186, Val Loss: 0.0936, Test Loss: 0.1048, Val Acc: 0.9721, Test Acc: 0.9674

Epoch 133, Train Loss: 0.0188, Val Loss: 0.0979, Test Loss: 0.1057, Val Acc: 0.9716, Test Acc: 0.9661

Epoch 134, Train Loss: 0.0190, Val Loss: 0.1075, Test Loss: 0.1054, Val Acc: 0.9699, Test Acc: 0.9679

Epoch 135, Train Loss: 0.0187, Val Loss: 0.0979, Test Loss: 0.1030, Val Acc: 0.9699, Test Acc: 0.9683

Epoch 136, Train Loss: 0.0189, Val Loss: 0.1035, Test Loss: 0.0989, Val Acc: 0.9693, Test Acc: 0.9701
Time to best model: 34.95 seconds


Result:
{'val': 0.9743446737311768, 'test': 0.9665327978580991, 'epoch': 120}
