cuda
0
{0, 1, 2}
[INFO] Register count_linear() for <class 'torch.nn.modules.linear.Linear'>.
[INFO] Register zero_ops() for <class 'torch.nn.modules.dropout.Dropout'>.
[INFO] Register count_normalization() for <class 'torch.nn.modules.normalization.LayerNorm'>.
[INFO] Register zero_ops() for <class 'torch.nn.modules.container.Sequential'>.
[INFO] Register zero_ops() for <class 'torch.nn.modules.activation.ReLU'>.
FLOPs: 26.965M, Parameters: 892.035K
Test score before training: 0.3351
Device: CUDA
----------------------------------------------------------------------------------------

Epoch 0, Train Loss: 1.0374, Val Loss: 0.8606, Test Loss: 0.8673, Val Acc: 0.7306, Test Acc: 0.7162
🌸 New best epoch! 🌸

Epoch 1, Train Loss: 0.7809, Val Loss: 0.5686, Test Loss: 0.5914, Val Acc: 0.7864, Test Acc: 0.7613
🌸 New best epoch! 🌸

Epoch 2, Train Loss: 0.5610, Val Loss: 0.4705, Test Loss: 0.4814, Val Acc: 0.8193, Test Acc: 0.8144
🌸 New best epoch! 🌸

Epoch 3, Train Loss: 0.4694, Val Loss: 0.4422, Test Loss: 0.4441, Val Acc: 0.8405, Test Acc: 0.8331
🌸 New best epoch! 🌸

Epoch 4, Train Loss: 0.4295, Val Loss: 0.4066, Test Loss: 0.4029, Val Acc: 0.8455, Test Acc: 0.8469
🌸 New best epoch! 🌸

Epoch 5, Train Loss: 0.3994, Val Loss: 0.4054, Test Loss: 0.3912, Val Acc: 0.8533, Test Acc: 0.8487
🌸 New best epoch! 🌸

Epoch 6, Train Loss: 0.3748, Val Loss: 0.3726, Test Loss: 0.3576, Val Acc: 0.8689, Test Acc: 0.8648
🌸 New best epoch! 🌸

Epoch 7, Train Loss: 0.3584, Val Loss: 0.3591, Test Loss: 0.3453, Val Acc: 0.8723, Test Acc: 0.8693
🌸 New best epoch! 🌸

Epoch 8, Train Loss: 0.3480, Val Loss: 0.3636, Test Loss: 0.3549, Val Acc: 0.8734, Test Acc: 0.8621
🌸 New best epoch! 🌸

Epoch 9, Train Loss: 0.3482, Val Loss: 0.3425, Test Loss: 0.3312, Val Acc: 0.8762, Test Acc: 0.8742
🌸 New best epoch! 🌸

Epoch 10, Train Loss: 0.3306, Val Loss: 0.3313, Test Loss: 0.3258, Val Acc: 0.8823, Test Acc: 0.8777
🌸 New best epoch! 🌸

Epoch 11, Train Loss: 0.3142, Val Loss: 0.3194, Test Loss: 0.3088, Val Acc: 0.8901, Test Acc: 0.8880
🌸 New best epoch! 🌸

Epoch 12, Train Loss: 0.3024, Val Loss: 0.3094, Test Loss: 0.2962, Val Acc: 0.8946, Test Acc: 0.8893
🌸 New best epoch! 🌸

Epoch 13, Train Loss: 0.2904, Val Loss: 0.3062, Test Loss: 0.2969, Val Acc: 0.8951, Test Acc: 0.8951
🌸 New best epoch! 🌸

Epoch 14, Train Loss: 0.2806, Val Loss: 0.2924, Test Loss: 0.2806, Val Acc: 0.9002, Test Acc: 0.8992
🌸 New best epoch! 🌸

Epoch 15, Train Loss: 0.2677, Val Loss: 0.2908, Test Loss: 0.2820, Val Acc: 0.9024, Test Acc: 0.9009
🌸 New best epoch! 🌸

Epoch 16, Train Loss: 0.2607, Val Loss: 0.2815, Test Loss: 0.2734, Val Acc: 0.9063, Test Acc: 0.9014
🌸 New best epoch! 🌸

Epoch 17, Train Loss: 0.2517, Val Loss: 0.2669, Test Loss: 0.2541, Val Acc: 0.9113, Test Acc: 0.9094
🌸 New best epoch! 🌸

Epoch 18, Train Loss: 0.2412, Val Loss: 0.2663, Test Loss: 0.2580, Val Acc: 0.9108, Test Acc: 0.9085

Epoch 19, Train Loss: 0.2318, Val Loss: 0.2532, Test Loss: 0.2400, Val Acc: 0.9163, Test Acc: 0.9139
🌸 New best epoch! 🌸

Epoch 20, Train Loss: 0.2251, Val Loss: 0.2382, Test Loss: 0.2346, Val Acc: 0.9202, Test Acc: 0.9219
🌸 New best epoch! 🌸

Epoch 21, Train Loss: 0.2162, Val Loss: 0.2475, Test Loss: 0.2423, Val Acc: 0.9186, Test Acc: 0.9148

Epoch 22, Train Loss: 0.2167, Val Loss: 0.2522, Test Loss: 0.2452, Val Acc: 0.9091, Test Acc: 0.9148

Epoch 23, Train Loss: 0.2111, Val Loss: 0.2262, Test Loss: 0.2232, Val Acc: 0.9214, Test Acc: 0.9215
🌸 New best epoch! 🌸

Epoch 24, Train Loss: 0.1944, Val Loss: 0.2140, Test Loss: 0.2069, Val Acc: 0.9286, Test Acc: 0.9322
🌸 New best epoch! 🌸

Epoch 25, Train Loss: 0.1847, Val Loss: 0.2243, Test Loss: 0.2231, Val Acc: 0.9253, Test Acc: 0.9250

Epoch 26, Train Loss: 0.1817, Val Loss: 0.2071, Test Loss: 0.1976, Val Acc: 0.9281, Test Acc: 0.9286

Epoch 27, Train Loss: 0.1708, Val Loss: 0.1926, Test Loss: 0.1935, Val Acc: 0.9336, Test Acc: 0.9340
🌸 New best epoch! 🌸

Epoch 28, Train Loss: 0.1600, Val Loss: 0.2040, Test Loss: 0.1920, Val Acc: 0.9342, Test Acc: 0.9340
🌸 New best epoch! 🌸

Epoch 29, Train Loss: 0.1590, Val Loss: 0.1836, Test Loss: 0.1826, Val Acc: 0.9420, Test Acc: 0.9384
🌸 New best epoch! 🌸

Epoch 30, Train Loss: 0.1519, Val Loss: 0.1819, Test Loss: 0.1837, Val Acc: 0.9387, Test Acc: 0.9349

Epoch 31, Train Loss: 0.1415, Val Loss: 0.1770, Test Loss: 0.1715, Val Acc: 0.9465, Test Acc: 0.9393
🌸 New best epoch! 🌸

Epoch 32, Train Loss: 0.1356, Val Loss: 0.1771, Test Loss: 0.1709, Val Acc: 0.9453, Test Acc: 0.9424

Epoch 33, Train Loss: 0.1246, Val Loss: 0.1695, Test Loss: 0.1637, Val Acc: 0.9442, Test Acc: 0.9456

Epoch 34, Train Loss: 0.1218, Val Loss: 0.1699, Test Loss: 0.1647, Val Acc: 0.9437, Test Acc: 0.9451

Epoch 35, Train Loss: 0.1170, Val Loss: 0.1650, Test Loss: 0.1642, Val Acc: 0.9453, Test Acc: 0.9438

Epoch 36, Train Loss: 0.1085, Val Loss: 0.1615, Test Loss: 0.1609, Val Acc: 0.9481, Test Acc: 0.9473
🌸 New best epoch! 🌸

Epoch 37, Train Loss: 0.1002, Val Loss: 0.1474, Test Loss: 0.1472, Val Acc: 0.9509, Test Acc: 0.9509
🌸 New best epoch! 🌸

Epoch 38, Train Loss: 0.0939, Val Loss: 0.1480, Test Loss: 0.1470, Val Acc: 0.9554, Test Acc: 0.9491
🌸 New best epoch! 🌸

Epoch 39, Train Loss: 0.0993, Val Loss: 0.1402, Test Loss: 0.1477, Val Acc: 0.9571, Test Acc: 0.9496
🌸 New best epoch! 🌸

Epoch 40, Train Loss: 0.0926, Val Loss: 0.1434, Test Loss: 0.1484, Val Acc: 0.9543, Test Acc: 0.9523

Epoch 41, Train Loss: 0.0902, Val Loss: 0.1448, Test Loss: 0.1389, Val Acc: 0.9576, Test Acc: 0.9540
🌸 New best epoch! 🌸

Epoch 42, Train Loss: 0.0766, Val Loss: 0.1383, Test Loss: 0.1338, Val Acc: 0.9554, Test Acc: 0.9540

Epoch 43, Train Loss: 0.0833, Val Loss: 0.1337, Test Loss: 0.1274, Val Acc: 0.9587, Test Acc: 0.9616
🌸 New best epoch! 🌸

Epoch 44, Train Loss: 0.0740, Val Loss: 0.1354, Test Loss: 0.1342, Val Acc: 0.9593, Test Acc: 0.9554
🌸 New best epoch! 🌸

Epoch 45, Train Loss: 0.0704, Val Loss: 0.1206, Test Loss: 0.1224, Val Acc: 0.9637, Test Acc: 0.9621
🌸 New best epoch! 🌸

Epoch 46, Train Loss: 0.0647, Val Loss: 0.1208, Test Loss: 0.1232, Val Acc: 0.9593, Test Acc: 0.9572

Epoch 47, Train Loss: 0.0698, Val Loss: 0.1223, Test Loss: 0.1240, Val Acc: 0.9632, Test Acc: 0.9576

Epoch 48, Train Loss: 0.0609, Val Loss: 0.1300, Test Loss: 0.1273, Val Acc: 0.9582, Test Acc: 0.9563

Epoch 49, Train Loss: 0.0663, Val Loss: 0.1207, Test Loss: 0.1204, Val Acc: 0.9615, Test Acc: 0.9630

Epoch 50, Train Loss: 0.0543, Val Loss: 0.1064, Test Loss: 0.1190, Val Acc: 0.9677, Test Acc: 0.9630
🌸 New best epoch! 🌸

Epoch 51, Train Loss: 0.0514, Val Loss: 0.1137, Test Loss: 0.1154, Val Acc: 0.9660, Test Acc: 0.9612

Epoch 52, Train Loss: 0.0484, Val Loss: 0.1114, Test Loss: 0.1107, Val Acc: 0.9682, Test Acc: 0.9674
🌸 New best epoch! 🌸

Epoch 53, Train Loss: 0.0498, Val Loss: 0.1101, Test Loss: 0.1231, Val Acc: 0.9682, Test Acc: 0.9603

Epoch 54, Train Loss: 0.0496, Val Loss: 0.1150, Test Loss: 0.1231, Val Acc: 0.9632, Test Acc: 0.9612

Epoch 55, Train Loss: 0.0443, Val Loss: 0.1080, Test Loss: 0.1104, Val Acc: 0.9671, Test Acc: 0.9661

Epoch 56, Train Loss: 0.0386, Val Loss: 0.1121, Test Loss: 0.1112, Val Acc: 0.9654, Test Acc: 0.9652

Epoch 57, Train Loss: 0.0371, Val Loss: 0.0976, Test Loss: 0.0992, Val Acc: 0.9704, Test Acc: 0.9719
🌸 New best epoch! 🌸

Epoch 58, Train Loss: 0.0409, Val Loss: 0.0973, Test Loss: 0.0961, Val Acc: 0.9716, Test Acc: 0.9714
🌸 New best epoch! 🌸

Epoch 59, Train Loss: 0.0359, Val Loss: 0.0974, Test Loss: 0.0944, Val Acc: 0.9699, Test Acc: 0.9697

Epoch 60, Train Loss: 0.0343, Val Loss: 0.0998, Test Loss: 0.0994, Val Acc: 0.9721, Test Acc: 0.9674
🌸 New best epoch! 🌸

Epoch 61, Train Loss: 0.0348, Val Loss: 0.1059, Test Loss: 0.1042, Val Acc: 0.9699, Test Acc: 0.9679

Epoch 62, Train Loss: 0.0301, Val Loss: 0.1112, Test Loss: 0.1186, Val Acc: 0.9682, Test Acc: 0.9661

Epoch 63, Train Loss: 0.0344, Val Loss: 0.1066, Test Loss: 0.1106, Val Acc: 0.9699, Test Acc: 0.9692

Epoch 64, Train Loss: 0.0339, Val Loss: 0.0851, Test Loss: 0.0886, Val Acc: 0.9766, Test Acc: 0.9741
🌸 New best epoch! 🌸

Epoch 65, Train Loss: 0.0308, Val Loss: 0.0960, Test Loss: 0.0909, Val Acc: 0.9732, Test Acc: 0.9705

Epoch 66, Train Loss: 0.0289, Val Loss: 0.0966, Test Loss: 0.0948, Val Acc: 0.9727, Test Acc: 0.9719

Epoch 67, Train Loss: 0.0218, Val Loss: 0.1007, Test Loss: 0.0983, Val Acc: 0.9749, Test Acc: 0.9723

Epoch 68, Train Loss: 0.0230, Val Loss: 0.0926, Test Loss: 0.0869, Val Acc: 0.9743, Test Acc: 0.9741

Epoch 69, Train Loss: 0.0232, Val Loss: 0.0900, Test Loss: 0.0860, Val Acc: 0.9755, Test Acc: 0.9737

Epoch 70, Train Loss: 0.0219, Val Loss: 0.0902, Test Loss: 0.0844, Val Acc: 0.9766, Test Acc: 0.9728

Epoch 71, Train Loss: 0.0225, Val Loss: 0.0905, Test Loss: 0.0905, Val Acc: 0.9732, Test Acc: 0.9755

Epoch 72, Train Loss: 0.0220, Val Loss: 0.0941, Test Loss: 0.0851, Val Acc: 0.9755, Test Acc: 0.9768

Epoch 73, Train Loss: 0.0204, Val Loss: 0.0881, Test Loss: 0.0901, Val Acc: 0.9771, Test Acc: 0.9737
🌸 New best epoch! 🌸

Epoch 74, Train Loss: 0.0218, Val Loss: 0.0903, Test Loss: 0.0894, Val Acc: 0.9771, Test Acc: 0.9737

Epoch 75, Train Loss: 0.0213, Val Loss: 0.0860, Test Loss: 0.0828, Val Acc: 0.9777, Test Acc: 0.9763
🌸 New best epoch! 🌸

Epoch 76, Train Loss: 0.0201, Val Loss: 0.0903, Test Loss: 0.0824, Val Acc: 0.9771, Test Acc: 0.9777

Epoch 77, Train Loss: 0.0277, Val Loss: 0.0934, Test Loss: 0.0945, Val Acc: 0.9749, Test Acc: 0.9750

Epoch 78, Train Loss: 0.0295, Val Loss: 0.1040, Test Loss: 0.1024, Val Acc: 0.9732, Test Acc: 0.9719

Epoch 79, Train Loss: 0.0283, Val Loss: 0.0972, Test Loss: 0.1092, Val Acc: 0.9727, Test Acc: 0.9705

Epoch 80, Train Loss: 0.0223, Val Loss: 0.0992, Test Loss: 0.0972, Val Acc: 0.9743, Test Acc: 0.9723

Epoch 81, Train Loss: 0.0229, Val Loss: 0.0954, Test Loss: 0.1006, Val Acc: 0.9727, Test Acc: 0.9705

Epoch 82, Train Loss: 0.0224, Val Loss: 0.0958, Test Loss: 0.0945, Val Acc: 0.9727, Test Acc: 0.9714

Epoch 83, Train Loss: 0.0173, Val Loss: 0.0835, Test Loss: 0.0830, Val Acc: 0.9788, Test Acc: 0.9750
🌸 New best epoch! 🌸

Epoch 84, Train Loss: 0.0170, Val Loss: 0.0770, Test Loss: 0.0794, Val Acc: 0.9810, Test Acc: 0.9786
🌸 New best epoch! 🌸

Epoch 85, Train Loss: 0.0200, Val Loss: 0.0917, Test Loss: 0.0834, Val Acc: 0.9749, Test Acc: 0.9799

Epoch 86, Train Loss: 0.0165, Val Loss: 0.0874, Test Loss: 0.0735, Val Acc: 0.9794, Test Acc: 0.9822

Epoch 87, Train Loss: 0.0151, Val Loss: 0.0837, Test Loss: 0.0801, Val Acc: 0.9771, Test Acc: 0.9768

Epoch 88, Train Loss: 0.0121, Val Loss: 0.0830, Test Loss: 0.0750, Val Acc: 0.9794, Test Acc: 0.9804

Epoch 89, Train Loss: 0.0155, Val Loss: 0.0901, Test Loss: 0.0798, Val Acc: 0.9766, Test Acc: 0.9790

Epoch 90, Train Loss: 0.0115, Val Loss: 0.0882, Test Loss: 0.0838, Val Acc: 0.9799, Test Acc: 0.9768

Epoch 91, Train Loss: 0.0142, Val Loss: 0.0948, Test Loss: 0.0905, Val Acc: 0.9799, Test Acc: 0.9759

Epoch 92, Train Loss: 0.0122, Val Loss: 0.0918, Test Loss: 0.0950, Val Acc: 0.9760, Test Acc: 0.9746

Epoch 93, Train Loss: 0.0125, Val Loss: 0.0821, Test Loss: 0.0912, Val Acc: 0.9777, Test Acc: 0.9741

Epoch 94, Train Loss: 0.0108, Val Loss: 0.0834, Test Loss: 0.0878, Val Acc: 0.9810, Test Acc: 0.9772

Epoch 95, Train Loss: 0.0106, Val Loss: 0.0844, Test Loss: 0.0813, Val Acc: 0.9782, Test Acc: 0.9799

Epoch 96, Train Loss: 0.0109, Val Loss: 0.0826, Test Loss: 0.0868, Val Acc: 0.9816, Test Acc: 0.9777
🌸 New best epoch! 🌸

Epoch 97, Train Loss: 0.0129, Val Loss: 0.0936, Test Loss: 0.0856, Val Acc: 0.9749, Test Acc: 0.9781

Epoch 98, Train Loss: 0.0145, Val Loss: 0.1031, Test Loss: 0.0950, Val Acc: 0.9760, Test Acc: 0.9768

Epoch 99, Train Loss: 0.0126, Val Loss: 0.0987, Test Loss: 0.0907, Val Acc: 0.9766, Test Acc: 0.9763

Epoch 100, Train Loss: 0.0144, Val Loss: 0.0892, Test Loss: 0.0876, Val Acc: 0.9782, Test Acc: 0.9755

Epoch 101, Train Loss: 0.0147, Val Loss: 0.0888, Test Loss: 0.1001, Val Acc: 0.9771, Test Acc: 0.9768

Epoch 102, Train Loss: 0.0134, Val Loss: 0.0903, Test Loss: 0.0898, Val Acc: 0.9794, Test Acc: 0.9781

Epoch 103, Train Loss: 0.0095, Val Loss: 0.0863, Test Loss: 0.0806, Val Acc: 0.9782, Test Acc: 0.9777

Epoch 104, Train Loss: 0.0119, Val Loss: 0.0871, Test Loss: 0.0886, Val Acc: 0.9799, Test Acc: 0.9768

Epoch 105, Train Loss: 0.0107, Val Loss: 0.0911, Test Loss: 0.1031, Val Acc: 0.9771, Test Acc: 0.9737

Epoch 106, Train Loss: 0.0133, Val Loss: 0.0973, Test Loss: 0.1047, Val Acc: 0.9782, Test Acc: 0.9737

Epoch 107, Train Loss: 0.0127, Val Loss: 0.0988, Test Loss: 0.0877, Val Acc: 0.9760, Test Acc: 0.9781

Epoch 108, Train Loss: 0.0093, Val Loss: 0.0990, Test Loss: 0.0923, Val Acc: 0.9743, Test Acc: 0.9777

Epoch 109, Train Loss: 0.0092, Val Loss: 0.0934, Test Loss: 0.0900, Val Acc: 0.9782, Test Acc: 0.9750

Epoch 110, Train Loss: 0.0105, Val Loss: 0.0889, Test Loss: 0.0799, Val Acc: 0.9810, Test Acc: 0.9808

Epoch 111, Train Loss: 0.0082, Val Loss: 0.0865, Test Loss: 0.0760, Val Acc: 0.9771, Test Acc: 0.9790

Epoch 112, Train Loss: 0.0080, Val Loss: 0.0894, Test Loss: 0.0767, Val Acc: 0.9805, Test Acc: 0.9813
Time to best model: 38.40 seconds


Result:
{'val': 0.9815950920245399, 'test': 0.9776885319053994, 'epoch': 96}
